[2021-01-03T02:44:23+08:00][error] [0]语法错误: unexpected 'mysql_query' (T_STRING)
[2021-01-03T02:44:33+08:00][error] [0]语法错误: unexpected 'mysql_query' (T_STRING)
[2021-01-03T02:44:44+08:00][error] [0]语法错误: unexpected 'mysql_query' (T_STRING)
[2021-01-03T02:44:57+08:00][error] [0]语法错误: unexpected 'mysql_query' (T_STRING)
[2021-01-03T02:45:06+08:00][error] [0]语法错误: unexpected 'mysql_query' (T_STRING)
[2021-01-03T02:46:45+08:00][error] [0]语法错误: unexpected 'mysql_query' (T_STRING)
[2021-01-03T02:53:36+08:00][error] [0]语法错误: unexpected 'mysql_query' (T_STRING)
[2021-01-03T03:16:02+08:00][error] [8]未定义数组索引: username
[2021-01-03T03:16:10+08:00][error] [8]未定义数组索引: username
[2021-01-03T03:16:28+08:00][error] [8]未定义数组索引: username
[2021-01-03T03:17:22+08:00][error] [8]未定义数组索引: username
[2021-01-03T03:20:15+08:00][error] [8]未定义数组索引: username
[2021-01-03T03:20:31+08:00][error] [8]未定义数组索引: username
[2021-01-03T03:21:49+08:00][error] [8]未定义数组索引: username
[2021-01-03T03:21:52+08:00][error] [8]未定义数组索引: username
[2021-01-03T03:24:18+08:00][error] [0]模板文件不存在:D:\phpstudy_pro\WWW\tp\app\view\index\check.html
[2021-01-03T03:24:21+08:00][error] [0]模板文件不存在:D:\phpstudy_pro\WWW\tp\app\view\index\check.html
[2021-01-03T03:24:24+08:00][error] [0]模板文件不存在:D:\phpstudy_pro\WWW\tp\app\view\index\check.html
[2021-01-03T03:24:35+08:00][error] [0]模板文件不存在:D:\phpstudy_pro\WWW\tp\app\view\index\check.html
[2021-01-03T03:33:17+08:00][error] [0]语法错误: unexpected 'alert' (T_STRING), expecting ',' or ';'
[2021-01-03T03:46:30+08:00][error] [0]语法错误: unexpected 'alert' (T_STRING), expecting ',' or ';'
[2021-01-03T03:48:33+08:00][error] [0]语法错误: unexpected 'alert' (T_STRING), expecting ',' or ';'
[2021-01-03T03:48:49+08:00][error] [0]语法错误: unexpected 'mb' (T_STRING), expecting ',' or ';'
[2021-01-03T18:36:04+08:00][error] [0]Call to undefined function app\controller\mysql_connect()
[2021-01-03T18:36:08+08:00][error] [0]模板文件不存在:D:\phpstudy_pro\WWW\tp\app\view\index\check.html
[2021-01-03T18:37:00+08:00][error] [0]Call to undefined function app\controller\mysql_connect()
[2021-01-03T18:37:03+08:00][error] [0]模板文件不存在:D:\phpstudy_pro\WWW\tp\app\view\index\check.html
[2021-01-03T18:51:25+08:00][error] [0]Call to undefined function app\controller\mysql_connect()
[2021-01-03T19:07:24+08:00][error] [0]Call to undefined function app\controller\mysql_connect()
[2021-01-03T19:07:27+08:00][error] [0]模板文件不存在:D:\phpstudy_pro\WWW\tp\app\view\index\check.html
[2021-01-03T19:10:28+08:00][error] [0]模板文件不存在:D:\phpstudy_pro\WWW\tp\app\view\index\check.html
[2021-01-03T19:10:36+08:00][error] [0]Call to undefined function app\controller\mysql_connect()
[2021-01-03T19:11:40+08:00][error] [0]Call to undefined function app\controller\mysql_connect()
[2021-01-03T19:13:41+08:00][error] [0]Call to undefined function app\controller\mysql_connect()
[2021-01-03T19:13:47+08:00][error] [0]Call to undefined function app\controller\mysql_connect()
[2021-01-03T19:13:50+08:00][error] [0]模板文件不存在:D:\phpstudy_pro\WWW\tp\app\view\index\check.html
[2021-01-03T19:14:09+08:00][error] [0]Call to undefined function app\controller\mysql_connect()
[2021-01-03T19:24:31+08:00][error] [0]Call to undefined function app\controller\mysql_select_db()
[2021-01-03T19:24:36+08:00][error] [0]模板文件不存在:D:\phpstudy_pro\WWW\tp\app\view\index\check.html
[2021-01-03T19:33:52+08:00][error] [0]模板文件不存在:D:\phpstudy_pro\WWW\tp\app\view\index\check.html
[2021-01-03T19:38:43+08:00][error] [0]模板文件不存在:D:\phpstudy_pro\WWW\tp\app\view\index\check.html
[2021-01-03T19:38:46+08:00][error] [0]模板文件不存在:D:\phpstudy_pro\WWW\tp\app\view\index\check.html
[2021-01-03T19:40:25+08:00][error] [0]模板文件不存在:D:\phpstudy_pro\WWW\tp\app\view\index\check.html
[2021-01-03T19:40:27+08:00][error] [0]模板文件不存在:D:\phpstudy_pro\WWW\tp\app\view\index\check.html
[2021-01-03T19:40:34+08:00][error] [0]模板文件不存在:D:\phpstudy_pro\WWW\tp\app\view\index\check.html
[2021-01-03T19:42:28+08:00][error] [0]模板文件不存在:D:\phpstudy_pro\WWW\tp\app\view\index\check.html
[2021-01-03T20:09:40+08:00][error] [0]模板文件不存在:D:\phpstudy_pro\WWW\tp\app\view\index\check.html
[2021-01-03T20:09:50+08:00][error] [0]模板文件不存在:D:\phpstudy_pro\WWW\tp\app\view\index\check.html
[2021-01-03T20:09:53+08:00][error] [0]模板文件不存在:D:\phpstudy_pro\WWW\tp\app\view\index\check.html
[2021-01-03T21:25:52+08:00][error] [0]模板文件不存在:D:\phpstudy_pro\WWW\tp\app\view\index\check.html
[2021-01-03T22:18:08+08:00][error] [0]模板文件不存在:D:\phpstudy_pro\WWW\tp\app\view\index\check.html
[2021-01-03T22:18:11+08:00][error] [0]模板文件不存在:D:\phpstudy_pro\WWW\tp\app\view\index\check.html
[2021-01-03T22:18:39+08:00][error] [2]mysqli_num_rows() expects parameter 1 to be mysqli_result, bool given
[2021-01-03T22:18:42+08:00][error] [2]mysqli_num_rows() expects parameter 1 to be mysqli_result, bool given
[2021-01-03T22:19:00+08:00][error] [2]mysqli_num_rows() expects parameter 1 to be mysqli_result, bool given
[2021-01-03T22:19:13+08:00][error] [2]mysqli_num_rows() expects parameter 1 to be mysqli_result, bool given
[2021-01-03T22:27:00+08:00][error] [0]模板文件不存在:D:\phpstudy_pro\WWW\tp\app\view\index\check.html
[2021-01-03T22:27:34+08:00][error] [0]模板文件不存在:D:\phpstudy_pro\WWW\tp\app\view\index\check.html
[2021-01-03T22:27:44+08:00][error] [0]模板文件不存在:D:\phpstudy_pro\WWW\tp\app\view\index\check.html
[2021-01-03T22:30:04+08:00][error] [8]未定义数组索引: confirm
[2021-01-03T22:30:37+08:00][error] [8]未定义数组索引: confirm
[2021-01-03T22:33:29+08:00][error] [8]未定义数组索引: confirm
[2021-01-03T22:33:34+08:00][error] [8]未定义数组索引: confirm
[2021-01-03T22:35:05+08:00][error] [8]未定义数组索引: confirm
[2021-01-03T22:43:13+08:00][error] [0]模板文件不存在:D:\phpstudy_pro\WWW\tp\app\view\index\check.html
[2021-01-03T22:43:21+08:00][error] [0]模板文件不存在:D:\phpstudy_pro\WWW\tp\app\view\index\check.html
[2021-01-03T22:43:28+08:00][error] [8]未定义数组索引: confirm
