[2021-03-07T18:02:24+08:00][error] [8]未定义变量: title
[2021-03-07T18:03:35+08:00][error] [8]未定义变量: title
[2021-03-07T18:03:36+08:00][error] [8]未定义变量: title
[2021-03-07T18:04:18+08:00][error] [8]未定义变量: title
[2021-03-07T18:05:59+08:00][error] [8]未定义变量: title
[2021-03-07T18:06:17+08:00][error] [8]未定义变量: title
[2021-03-07T18:44:20+08:00][error] [8]未定义变量: title
[2021-03-07T18:48:14+08:00][error] [0]Class 'app\admin\controller\Db' not found
[2021-03-07T18:49:28+08:00][error] [8]未定义变量: title
[2021-03-07T18:54:20+08:00][error] [0]Class 'app\admin\controller\Db' not found
[2021-03-07T18:56:17+08:00][error] [8]未定义变量: title
[2021-03-07T18:57:00+08:00][error] [8]未定义变量: title
[2021-03-07T18:57:08+08:00][error] [8]未定义变量: left
[2021-03-07T18:57:48+08:00][error] [0]Class 'app\admin\controller\Db' not found
[2021-03-07T18:58:05+08:00][error] [0]Class 'app\admin\controller\Db' not found
[2021-03-07T18:58:16+08:00][error] [0]Class 'app\admin\controller\Db' not found
[2021-03-07T18:58:30+08:00][error] [0]Class 'app\admin\controller\Db' not found
[2021-03-07T18:58:36+08:00][error] [0]Class 'app\admin\controller\Db' not found
[2021-03-07T18:58:44+08:00][error] [0]Class 'app\admin\controller\Db' not found
[2021-03-07T18:59:27+08:00][error] [0]Class 'app\admin\controller\Db' not found
[2021-03-07T19:00:07+08:00][error] [0]Class 'app\admin\controller\Db' not found
[2021-03-07T19:00:22+08:00][error] [0]Class 'app\admin\controller\Db' not found
[2021-03-07T19:00:42+08:00][error] [0]Class 'app\admin\controller\Db' not found
[2021-03-07T19:01:12+08:00][error] [0]Class 'app\admin\controller\Db' not found
[2021-03-07T19:01:36+08:00][error] [8]未定义变量: title
[2021-03-07T19:01:56+08:00][error] [0]Class 'app\admin\controller\Db' not found
[2021-03-07T19:02:51+08:00][error] [0]Class 'app\admin\controller\Db' not found
[2021-03-07T19:04:37+08:00][error] [0]Class 'facade\Db' not found
[2021-03-07T19:05:59+08:00][sql] CONNECT:[ UseTime:0.010872s ] mysql:host=127.0.0.1;port=3306;dbname=tp;charset=utf8
[2021-03-07T19:05:59+08:00][sql] SHOW FULL COLUMNS FROM `shop_menu` [ RunTime:0.000885s ]
[2021-03-07T19:05:59+08:00][sql] SELECT * FROM `shop_menu` WHERE  `fid` = 0 [ RunTime:0.000310s ]
[2021-03-07T19:07:19+08:00][error] [0]语法错误: unexpected '$right' (T_VARIABLE)
[2021-03-07T19:07:43+08:00][error] [0]语法错误: unexpected '$right' (T_VARIABLE)
[2021-03-07T19:07:56+08:00][error] [0]语法错误: unexpected '$right' (T_VARIABLE)
[2021-03-07T19:08:01+08:00][error] [0]语法错误: unexpected '$right' (T_VARIABLE)
[2021-03-07T19:08:25+08:00][error] [0]语法错误: unexpected '$right' (T_VARIABLE)
[2021-03-07T19:08:30+08:00][sql] CONNECT:[ UseTime:0.010704s ] mysql:host=127.0.0.1;port=3306;dbname=tp;charset=utf8
[2021-03-07T19:08:30+08:00][sql] SHOW FULL COLUMNS FROM `shop_menu` [ RunTime:0.002872s ]
[2021-03-07T19:08:30+08:00][sql] SELECT * FROM `shop_menu` WHERE  `fid` = 0 [ RunTime:0.000331s ]
[2021-03-07T19:08:40+08:00][sql] CONNECT:[ UseTime:0.011517s ] mysql:host=127.0.0.1;port=3306;dbname=tp;charset=utf8
[2021-03-07T19:08:40+08:00][sql] SHOW FULL COLUMNS FROM `shop_menu` [ RunTime:0.000966s ]
[2021-03-07T19:08:40+08:00][sql] SELECT * FROM `shop_menu` WHERE  `fid` = 0 [ RunTime:0.000301s ]
[2021-03-07T19:08:40+08:00][sql] SHOW FULL COLUMNS FROM `shop_goods` [ RunTime:0.000870s ]
[2021-03-07T19:08:40+08:00][sql] SELECT * FROM `shop_goods` [ RunTime:0.000336s ]
[2021-03-07T19:08:52+08:00][sql] CONNECT:[ UseTime:0.000864s ] mysql:host=127.0.0.1;port=3306;dbname=tp;charset=utf8
[2021-03-07T19:08:52+08:00][sql] SHOW FULL COLUMNS FROM `shop_menu` [ RunTime:0.001101s ]
[2021-03-07T19:08:52+08:00][sql] SELECT * FROM `shop_menu` WHERE  `fid` = 0 [ RunTime:0.000418s ]
[2021-03-07T19:08:52+08:00][sql] SELECT * FROM `shop_menu` WHERE  `fid` = 1 [ RunTime:0.000503s ]
[2021-03-07T19:08:52+08:00][sql] SELECT * FROM `shop_menu` WHERE  `fid` = 4 [ RunTime:0.000362s ]
[2021-03-07T19:08:52+08:00][sql] SELECT * FROM `shop_menu` WHERE  `fid` = 9 [ RunTime:0.000376s ]
[2021-03-07T19:08:52+08:00][sql] SELECT * FROM `shop_menu` WHERE  `fid` = 12 [ RunTime:0.000285s ]
[2021-03-07T19:08:52+08:00][sql] SHOW FULL COLUMNS FROM `shop_goods` [ RunTime:0.000789s ]
[2021-03-07T19:08:52+08:00][sql] SELECT * FROM `shop_goods` [ RunTime:0.000367s ]
[2021-03-07T19:09:23+08:00][sql] CONNECT:[ UseTime:0.000853s ] mysql:host=127.0.0.1;port=3306;dbname=tp;charset=utf8
[2021-03-07T19:09:23+08:00][sql] SHOW FULL COLUMNS FROM `shop_menu` [ RunTime:0.000780s ]
[2021-03-07T19:09:23+08:00][sql] SELECT * FROM `shop_menu` WHERE  `fid` = 0 [ RunTime:0.000417s ]
[2021-03-07T19:09:23+08:00][sql] SELECT * FROM `shop_menu` WHERE  `fid` = 1 [ RunTime:0.000417s ]
[2021-03-07T19:09:23+08:00][sql] SELECT * FROM `shop_menu` WHERE  `fid` = 4 [ RunTime:0.000342s ]
[2021-03-07T19:09:23+08:00][sql] SELECT * FROM `shop_menu` WHERE  `fid` = 9 [ RunTime:0.000310s ]
[2021-03-07T19:09:23+08:00][sql] SELECT * FROM `shop_menu` WHERE  `fid` = 12 [ RunTime:0.000328s ]
[2021-03-07T19:09:23+08:00][sql] SHOW FULL COLUMNS FROM `shop_goods` [ RunTime:0.000615s ]
[2021-03-07T19:09:23+08:00][sql] SELECT * FROM `shop_goods` [ RunTime:0.000516s ]
[2021-03-07T19:09:29+08:00][sql] CONNECT:[ UseTime:0.000815s ] mysql:host=127.0.0.1;port=3306;dbname=tp;charset=utf8
[2021-03-07T19:09:29+08:00][sql] SHOW FULL COLUMNS FROM `shop_menu` [ RunTime:0.000743s ]
[2021-03-07T19:09:29+08:00][sql] SELECT * FROM `shop_menu` WHERE  `fid` = 0 [ RunTime:0.000443s ]
[2021-03-07T19:09:29+08:00][sql] SELECT * FROM `shop_menu` WHERE  `fid` = 1 [ RunTime:0.001564s ]
[2021-03-07T19:09:29+08:00][sql] SELECT * FROM `shop_menu` WHERE  `fid` = 4 [ RunTime:0.000352s ]
[2021-03-07T19:09:29+08:00][sql] SELECT * FROM `shop_menu` WHERE  `fid` = 9 [ RunTime:0.000284s ]
[2021-03-07T19:09:29+08:00][sql] SELECT * FROM `shop_menu` WHERE  `fid` = 12 [ RunTime:0.000251s ]
[2021-03-07T19:09:29+08:00][sql] SHOW FULL COLUMNS FROM `shop_goods` [ RunTime:0.000853s ]
[2021-03-07T19:09:29+08:00][sql] SELECT * FROM `shop_goods` [ RunTime:0.000295s ]
[2021-03-07T19:09:47+08:00][sql] CONNECT:[ UseTime:0.001009s ] mysql:host=127.0.0.1;port=3306;dbname=tp;charset=utf8
[2021-03-07T19:09:47+08:00][sql] SHOW FULL COLUMNS FROM `shop_menu` [ RunTime:0.002413s ]
[2021-03-07T19:09:47+08:00][sql] SELECT * FROM `shop_menu` WHERE  `fid` = 0 [ RunTime:0.000441s ]
[2021-03-07T19:09:47+08:00][sql] SELECT * FROM `shop_menu` WHERE  `fid` = 1 [ RunTime:0.000428s ]
[2021-03-07T19:09:47+08:00][sql] SELECT * FROM `shop_menu` WHERE  `fid` = 4 [ RunTime:0.000370s ]
[2021-03-07T19:09:47+08:00][sql] SELECT * FROM `shop_menu` WHERE  `fid` = 9 [ RunTime:0.000338s ]
[2021-03-07T19:09:47+08:00][sql] SELECT * FROM `shop_menu` WHERE  `fid` = 12 [ RunTime:0.000336s ]
[2021-03-07T19:09:47+08:00][sql] SHOW FULL COLUMNS FROM `shop_goods` [ RunTime:0.000917s ]
[2021-03-07T19:09:47+08:00][sql] SELECT * FROM `shop_goods` [ RunTime:0.000374s ]
[2021-03-07T19:09:57+08:00][sql] CONNECT:[ UseTime:0.000950s ] mysql:host=127.0.0.1;port=3306;dbname=tp;charset=utf8
[2021-03-07T19:09:57+08:00][sql] SHOW FULL COLUMNS FROM `shop_menu` [ RunTime:0.001277s ]
[2021-03-07T19:09:57+08:00][sql] SELECT * FROM `shop_menu` WHERE  `fid` = 0 [ RunTime:0.000317s ]
[2021-03-07T19:09:57+08:00][sql] SELECT * FROM `shop_menu` WHERE  `fid` = 1 [ RunTime:0.000462s ]
[2021-03-07T19:09:57+08:00][sql] SELECT * FROM `shop_menu` WHERE  `fid` = 4 [ RunTime:0.000281s ]
[2021-03-07T19:09:57+08:00][sql] SELECT * FROM `shop_menu` WHERE  `fid` = 9 [ RunTime:0.000379s ]
[2021-03-07T19:09:57+08:00][sql] SELECT * FROM `shop_menu` WHERE  `fid` = 12 [ RunTime:0.000390s ]
[2021-03-07T19:09:57+08:00][sql] SHOW FULL COLUMNS FROM `shop_goods` [ RunTime:0.000763s ]
[2021-03-07T19:09:57+08:00][sql] SELECT * FROM `shop_goods` [ RunTime:0.000377s ]
[2021-03-07T19:10:05+08:00][sql] CONNECT:[ UseTime:0.000977s ] mysql:host=127.0.0.1;port=3306;dbname=tp;charset=utf8
[2021-03-07T19:10:05+08:00][sql] SHOW FULL COLUMNS FROM `shop_menu` [ RunTime:0.000845s ]
[2021-03-07T19:10:05+08:00][sql] SELECT * FROM `shop_menu` WHERE  `fid` = 0 [ RunTime:0.000425s ]
[2021-03-07T19:10:05+08:00][sql] SELECT * FROM `shop_menu` WHERE  `fid` = 1 [ RunTime:0.000375s ]
[2021-03-07T19:10:05+08:00][sql] SELECT * FROM `shop_menu` WHERE  `fid` = 4 [ RunTime:0.000390s ]
[2021-03-07T19:10:05+08:00][sql] SELECT * FROM `shop_menu` WHERE  `fid` = 9 [ RunTime:0.000382s ]
[2021-03-07T19:10:05+08:00][sql] SELECT * FROM `shop_menu` WHERE  `fid` = 12 [ RunTime:0.000364s ]
[2021-03-07T19:10:05+08:00][sql] SHOW FULL COLUMNS FROM `shop_goods` [ RunTime:0.000987s ]
[2021-03-07T19:10:05+08:00][sql] SELECT * FROM `shop_goods` [ RunTime:0.000399s ]
[2021-03-07T19:10:05+08:00][error] [8]未定义变量: login
[2021-03-07T19:10:14+08:00][sql] CONNECT:[ UseTime:0.010327s ] mysql:host=127.0.0.1;port=3306;dbname=tp;charset=utf8
[2021-03-07T19:10:14+08:00][sql] SHOW FULL COLUMNS FROM `shop_menu` [ RunTime:0.000738s ]
[2021-03-07T19:10:14+08:00][sql] SELECT * FROM `shop_menu` WHERE  `fid` = 0 [ RunTime:0.000453s ]
[2021-03-07T19:10:14+08:00][sql] SELECT * FROM `shop_menu` WHERE  `fid` = 1 [ RunTime:0.000460s ]
[2021-03-07T19:10:14+08:00][sql] SELECT * FROM `shop_menu` WHERE  `fid` = 4 [ RunTime:0.000355s ]
[2021-03-07T19:10:14+08:00][sql] SELECT * FROM `shop_menu` WHERE  `fid` = 9 [ RunTime:0.000330s ]
[2021-03-07T19:10:14+08:00][sql] SELECT * FROM `shop_menu` WHERE  `fid` = 12 [ RunTime:0.000343s ]
[2021-03-07T19:10:14+08:00][sql] SHOW FULL COLUMNS FROM `shop_goods` [ RunTime:0.000675s ]
[2021-03-07T19:10:14+08:00][sql] SELECT * FROM `shop_goods` [ RunTime:0.000367s ]
[2021-03-07T19:10:41+08:00][sql] CONNECT:[ UseTime:0.000824s ] mysql:host=127.0.0.1;port=3306;dbname=tp;charset=utf8
[2021-03-07T19:10:41+08:00][sql] SHOW FULL COLUMNS FROM `shop_menu` [ RunTime:0.001062s ]
[2021-03-07T19:10:41+08:00][sql] SELECT * FROM `shop_menu` WHERE  `fid` = 0 [ RunTime:0.000465s ]
[2021-03-07T19:10:41+08:00][sql] SELECT * FROM `shop_menu` WHERE  `fid` = 1 [ RunTime:0.000604s ]
[2021-03-07T19:10:41+08:00][sql] SELECT * FROM `shop_menu` WHERE  `fid` = 4 [ RunTime:0.000993s ]
[2021-03-07T19:10:41+08:00][sql] SELECT * FROM `shop_menu` WHERE  `fid` = 9 [ RunTime:0.000341s ]
[2021-03-07T19:10:41+08:00][sql] SELECT * FROM `shop_menu` WHERE  `fid` = 12 [ RunTime:0.000310s ]
[2021-03-07T19:10:41+08:00][sql] SHOW FULL COLUMNS FROM `shop_goods` [ RunTime:0.000894s ]
[2021-03-07T19:10:41+08:00][sql] SELECT * FROM `shop_goods` [ RunTime:0.000347s ]
[2021-03-07T19:10:59+08:00][sql] CONNECT:[ UseTime:0.001235s ] mysql:host=127.0.0.1;port=3306;dbname=tp;charset=utf8
[2021-03-07T19:10:59+08:00][sql] SHOW FULL COLUMNS FROM `shop_menu` [ RunTime:0.001114s ]
[2021-03-07T19:10:59+08:00][sql] SELECT * FROM `shop_menu` WHERE  `fid` = 0 [ RunTime:0.000449s ]
[2021-03-07T19:10:59+08:00][sql] SELECT * FROM `shop_menu` WHERE  `fid` = 1 [ RunTime:0.000432s ]
[2021-03-07T19:10:59+08:00][sql] SELECT * FROM `shop_menu` WHERE  `fid` = 4 [ RunTime:0.000373s ]
[2021-03-07T19:10:59+08:00][sql] SELECT * FROM `shop_menu` WHERE  `fid` = 9 [ RunTime:0.000343s ]
[2021-03-07T19:10:59+08:00][sql] SELECT * FROM `shop_menu` WHERE  `fid` = 12 [ RunTime:0.000343s ]
[2021-03-07T19:10:59+08:00][sql] SHOW FULL COLUMNS FROM `shop_goods` [ RunTime:0.000997s ]
[2021-03-07T19:10:59+08:00][sql] SELECT * FROM `shop_goods` [ RunTime:0.000393s ]
[2021-03-07T19:11:16+08:00][sql] CONNECT:[ UseTime:0.010880s ] mysql:host=127.0.0.1;port=3306;dbname=tp;charset=utf8
[2021-03-07T19:11:16+08:00][sql] SHOW FULL COLUMNS FROM `shop_menu` [ RunTime:0.000779s ]
[2021-03-07T19:11:16+08:00][sql] SELECT * FROM `shop_menu` WHERE  `fid` = 0 [ RunTime:0.000484s ]
[2021-03-07T19:11:16+08:00][sql] SELECT * FROM `shop_menu` WHERE  `fid` = 1 [ RunTime:0.000342s ]
[2021-03-07T19:11:16+08:00][sql] SELECT * FROM `shop_menu` WHERE  `fid` = 4 [ RunTime:0.000227s ]
[2021-03-07T19:11:16+08:00][sql] SELECT * FROM `shop_menu` WHERE  `fid` = 9 [ RunTime:0.000215s ]
[2021-03-07T19:11:16+08:00][sql] SELECT * FROM `shop_menu` WHERE  `fid` = 12 [ RunTime:0.000207s ]
[2021-03-07T19:11:16+08:00][sql] SHOW FULL COLUMNS FROM `shop_goods` [ RunTime:0.001109s ]
[2021-03-07T19:11:16+08:00][sql] SELECT * FROM `shop_goods` [ RunTime:0.000427s ]
[2021-03-07T19:11:16+08:00][error] [8]未定义变量: login
[2021-03-07T19:11:40+08:00][sql] CONNECT:[ UseTime:0.000896s ] mysql:host=127.0.0.1;port=3306;dbname=tp;charset=utf8
[2021-03-07T19:11:40+08:00][sql] SHOW FULL COLUMNS FROM `shop_menu` [ RunTime:0.000720s ]
[2021-03-07T19:11:40+08:00][sql] SELECT * FROM `shop_menu` WHERE  `fid` = 0 [ RunTime:0.000377s ]
[2021-03-07T19:11:40+08:00][sql] SELECT * FROM `shop_menu` WHERE  `fid` = 1 [ RunTime:0.000371s ]
[2021-03-07T19:11:40+08:00][sql] SELECT * FROM `shop_menu` WHERE  `fid` = 4 [ RunTime:0.000307s ]
[2021-03-07T19:11:40+08:00][sql] SELECT * FROM `shop_menu` WHERE  `fid` = 9 [ RunTime:0.000302s ]
[2021-03-07T19:11:40+08:00][sql] SELECT * FROM `shop_menu` WHERE  `fid` = 12 [ RunTime:0.000376s ]
[2021-03-07T19:11:40+08:00][sql] SHOW FULL COLUMNS FROM `shop_goods` [ RunTime:0.000653s ]
[2021-03-07T19:11:40+08:00][sql] SELECT * FROM `shop_goods` [ RunTime:0.000354s ]
[2021-03-07T19:11:56+08:00][sql] CONNECT:[ UseTime:0.010317s ] mysql:host=127.0.0.1;port=3306;dbname=tp;charset=utf8
[2021-03-07T19:11:56+08:00][sql] SHOW FULL COLUMNS FROM `shop_menu` [ RunTime:0.000775s ]
[2021-03-07T19:11:56+08:00][sql] SELECT * FROM `shop_menu` WHERE  `fid` = 0 [ RunTime:0.000424s ]
[2021-03-07T19:11:56+08:00][sql] SELECT * FROM `shop_menu` WHERE  `fid` = 1 [ RunTime:0.000453s ]
[2021-03-07T19:11:56+08:00][sql] SELECT * FROM `shop_menu` WHERE  `fid` = 4 [ RunTime:0.000446s ]
[2021-03-07T19:11:56+08:00][sql] SELECT * FROM `shop_menu` WHERE  `fid` = 9 [ RunTime:0.000321s ]
[2021-03-07T19:11:56+08:00][sql] SELECT * FROM `shop_menu` WHERE  `fid` = 12 [ RunTime:0.000309s ]
[2021-03-07T19:11:56+08:00][sql] SHOW FULL COLUMNS FROM `shop_goods` [ RunTime:0.000695s ]
[2021-03-07T19:11:56+08:00][sql] SELECT * FROM `shop_goods` [ RunTime:0.000334s ]
[2021-03-07T19:11:56+08:00][error] [8]未定义变量: right
[2021-03-07T19:12:29+08:00][sql] CONNECT:[ UseTime:0.001012s ] mysql:host=127.0.0.1;port=3306;dbname=tp;charset=utf8
[2021-03-07T19:12:29+08:00][sql] SHOW FULL COLUMNS FROM `shop_menu` [ RunTime:0.000811s ]
[2021-03-07T19:12:29+08:00][sql] SELECT * FROM `shop_menu` WHERE  `fid` = 0 [ RunTime:0.000414s ]
[2021-03-07T19:12:29+08:00][sql] SELECT * FROM `shop_menu` WHERE  `fid` = 1 [ RunTime:0.000427s ]
[2021-03-07T19:12:29+08:00][sql] SELECT * FROM `shop_menu` WHERE  `fid` = 4 [ RunTime:0.000404s ]
[2021-03-07T19:12:29+08:00][sql] SELECT * FROM `shop_menu` WHERE  `fid` = 9 [ RunTime:0.000369s ]
[2021-03-07T19:12:29+08:00][sql] SELECT * FROM `shop_menu` WHERE  `fid` = 12 [ RunTime:0.000368s ]
[2021-03-07T19:12:29+08:00][sql] SHOW FULL COLUMNS FROM `shop_goods` [ RunTime:0.000771s ]
[2021-03-07T19:12:29+08:00][sql] SELECT * FROM `shop_goods` [ RunTime:0.000345s ]
[2021-03-07T19:12:29+08:00][error] [8]未定义变量: right
[2021-03-07T19:12:37+08:00][sql] CONNECT:[ UseTime:0.010125s ] mysql:host=127.0.0.1;port=3306;dbname=tp;charset=utf8
[2021-03-07T19:12:37+08:00][sql] SHOW FULL COLUMNS FROM `shop_menu` [ RunTime:0.000732s ]
[2021-03-07T19:12:37+08:00][sql] SELECT * FROM `shop_menu` WHERE  `fid` = 0 [ RunTime:0.000379s ]
[2021-03-07T19:12:37+08:00][sql] SELECT * FROM `shop_menu` WHERE  `fid` = 1 [ RunTime:0.000375s ]
[2021-03-07T19:12:37+08:00][sql] SELECT * FROM `shop_menu` WHERE  `fid` = 4 [ RunTime:0.000351s ]
[2021-03-07T19:12:37+08:00][sql] SELECT * FROM `shop_menu` WHERE  `fid` = 9 [ RunTime:0.000346s ]
[2021-03-07T19:12:37+08:00][sql] SELECT * FROM `shop_menu` WHERE  `fid` = 12 [ RunTime:0.000352s ]
[2021-03-07T19:12:37+08:00][sql] SHOW FULL COLUMNS FROM `shop_goods` [ RunTime:0.000741s ]
[2021-03-07T19:12:37+08:00][sql] SELECT * FROM `shop_goods` [ RunTime:0.000330s ]
[2021-03-07T19:12:57+08:00][sql] CONNECT:[ UseTime:0.009882s ] mysql:host=127.0.0.1;port=3306;dbname=tp;charset=utf8
[2021-03-07T19:12:57+08:00][sql] SHOW FULL COLUMNS FROM `shop_menu` [ RunTime:0.000886s ]
[2021-03-07T19:12:57+08:00][sql] SELECT * FROM `shop_menu` WHERE  `fid` = 0 [ RunTime:0.000336s ]
[2021-03-07T19:12:57+08:00][sql] SELECT * FROM `shop_menu` WHERE  `fid` = 1 [ RunTime:0.000361s ]
[2021-03-07T19:12:57+08:00][sql] SELECT * FROM `shop_menu` WHERE  `fid` = 4 [ RunTime:0.000349s ]
[2021-03-07T19:12:57+08:00][sql] SELECT * FROM `shop_menu` WHERE  `fid` = 9 [ RunTime:0.000466s ]
[2021-03-07T19:12:57+08:00][sql] SELECT * FROM `shop_menu` WHERE  `fid` = 12 [ RunTime:0.000458s ]
[2021-03-07T19:12:57+08:00][sql] SHOW FULL COLUMNS FROM `shop_goods` [ RunTime:0.002044s ]
[2021-03-07T19:12:57+08:00][sql] SELECT * FROM `shop_goods` [ RunTime:0.000422s ]
[2021-03-07T19:12:57+08:00][error] [8]未定义变量: right
[2021-03-07T19:13:18+08:00][sql] CONNECT:[ UseTime:0.010924s ] mysql:host=127.0.0.1;port=3306;dbname=tp;charset=utf8
[2021-03-07T19:13:18+08:00][sql] SHOW FULL COLUMNS FROM `shop_menu` [ RunTime:0.000780s ]
[2021-03-07T19:13:18+08:00][sql] SELECT * FROM `shop_menu` WHERE  `fid` = 0 [ RunTime:0.000578s ]
[2021-03-07T19:13:18+08:00][sql] SELECT * FROM `shop_menu` WHERE  `fid` = 1 [ RunTime:0.000966s ]
[2021-03-07T19:13:18+08:00][sql] SELECT * FROM `shop_menu` WHERE  `fid` = 4 [ RunTime:0.000676s ]
[2021-03-07T19:13:18+08:00][sql] SELECT * FROM `shop_menu` WHERE  `fid` = 9 [ RunTime:0.000312s ]
[2021-03-07T19:13:18+08:00][sql] SELECT * FROM `shop_menu` WHERE  `fid` = 12 [ RunTime:0.000343s ]
[2021-03-07T19:13:18+08:00][sql] SHOW FULL COLUMNS FROM `shop_goods` [ RunTime:0.000826s ]
[2021-03-07T19:13:18+08:00][sql] SELECT * FROM `shop_goods` [ RunTime:0.000375s ]
[2021-03-07T19:15:09+08:00][sql] CONNECT:[ UseTime:0.010075s ] mysql:host=127.0.0.1;port=3306;dbname=tp;charset=utf8
[2021-03-07T19:15:09+08:00][sql] SHOW FULL COLUMNS FROM `shop_menu` [ RunTime:0.000857s ]
[2021-03-07T19:15:09+08:00][sql] SELECT * FROM `shop_menu` WHERE  `fid` = 0 [ RunTime:0.000395s ]
[2021-03-07T19:15:09+08:00][sql] SELECT * FROM `shop_menu` WHERE  `fid` = 1 [ RunTime:0.000397s ]
[2021-03-07T19:15:09+08:00][sql] SELECT * FROM `shop_menu` WHERE  `fid` = 4 [ RunTime:0.000543s ]
[2021-03-07T19:15:09+08:00][sql] SELECT * FROM `shop_menu` WHERE  `fid` = 9 [ RunTime:0.001188s ]
[2021-03-07T19:15:09+08:00][sql] SELECT * FROM `shop_menu` WHERE  `fid` = 12 [ RunTime:0.000313s ]
[2021-03-07T19:15:09+08:00][sql] SHOW FULL COLUMNS FROM `shop_goods` [ RunTime:0.000681s ]
[2021-03-07T19:15:09+08:00][sql] SELECT * FROM `shop_goods` [ RunTime:0.000340s ]
[2021-03-07T19:16:40+08:00][sql] CONNECT:[ UseTime:0.010775s ] mysql:host=127.0.0.1;port=3306;dbname=tp;charset=utf8
[2021-03-07T19:16:40+08:00][sql] SHOW FULL COLUMNS FROM `shop_menu` [ RunTime:0.001156s ]
[2021-03-07T19:16:40+08:00][sql] SELECT * FROM `shop_menu` WHERE  `fid` = 0 [ RunTime:0.000471s ]
[2021-03-07T19:16:40+08:00][sql] SELECT * FROM `shop_menu` WHERE  `fid` = 1 [ RunTime:0.000407s ]
[2021-03-07T19:16:40+08:00][sql] SELECT * FROM `shop_menu` WHERE  `fid` = 4 [ RunTime:0.000349s ]
[2021-03-07T19:16:40+08:00][sql] SELECT * FROM `shop_menu` WHERE  `fid` = 9 [ RunTime:0.000362s ]
[2021-03-07T19:16:40+08:00][sql] SELECT * FROM `shop_menu` WHERE  `fid` = 12 [ RunTime:0.000349s ]
[2021-03-07T19:16:40+08:00][sql] SHOW FULL COLUMNS FROM `shop_goods` [ RunTime:0.000690s ]
[2021-03-07T19:16:40+08:00][sql] SELECT * FROM `shop_goods` [ RunTime:0.000371s ]
[2021-03-07T19:16:53+08:00][sql] CONNECT:[ UseTime:0.011202s ] mysql:host=127.0.0.1;port=3306;dbname=tp;charset=utf8
[2021-03-07T19:16:53+08:00][sql] SHOW FULL COLUMNS FROM `shop_menu` [ RunTime:0.000749s ]
[2021-03-07T19:16:53+08:00][sql] SELECT * FROM `shop_menu` WHERE  `fid` = 0 [ RunTime:0.000383s ]
[2021-03-07T19:16:53+08:00][sql] SELECT * FROM `shop_menu` WHERE  `fid` = 1 [ RunTime:0.000459s ]
[2021-03-07T19:16:53+08:00][sql] SELECT * FROM `shop_menu` WHERE  `fid` = 4 [ RunTime:0.000314s ]
[2021-03-07T19:16:53+08:00][sql] SELECT * FROM `shop_menu` WHERE  `fid` = 9 [ RunTime:0.000387s ]
[2021-03-07T19:16:53+08:00][sql] SELECT * FROM `shop_menu` WHERE  `fid` = 12 [ RunTime:0.000347s ]
[2021-03-07T19:16:53+08:00][sql] SHOW FULL COLUMNS FROM `shop_goods` [ RunTime:0.000708s ]
[2021-03-07T19:16:53+08:00][sql] SELECT * FROM `shop_goods` [ RunTime:0.000359s ]
[2021-03-07T19:17:37+08:00][sql] CONNECT:[ UseTime:0.001034s ] mysql:host=127.0.0.1;port=3306;dbname=tp;charset=utf8
[2021-03-07T19:17:37+08:00][sql] SHOW FULL COLUMNS FROM `shop_menu` [ RunTime:0.000726s ]
[2021-03-07T19:17:37+08:00][sql] SELECT * FROM `shop_menu` WHERE  `fid` = 0 [ RunTime:0.000456s ]
[2021-03-07T19:17:37+08:00][sql] SELECT * FROM `shop_menu` WHERE  `fid` = 1 [ RunTime:0.000410s ]
[2021-03-07T19:17:37+08:00][sql] SELECT * FROM `shop_menu` WHERE  `fid` = 4 [ RunTime:0.000320s ]
[2021-03-07T19:17:37+08:00][sql] SELECT * FROM `shop_menu` WHERE  `fid` = 9 [ RunTime:0.000282s ]
[2021-03-07T19:17:37+08:00][sql] SELECT * FROM `shop_menu` WHERE  `fid` = 12 [ RunTime:0.000443s ]
[2021-03-07T19:17:37+08:00][sql] SHOW FULL COLUMNS FROM `shop_goods` [ RunTime:0.001044s ]
[2021-03-07T19:17:37+08:00][sql] SELECT * FROM `shop_goods` [ RunTime:0.000705s ]
[2021-03-07T19:18:00+08:00][sql] CONNECT:[ UseTime:0.000890s ] mysql:host=127.0.0.1;port=3306;dbname=tp;charset=utf8
[2021-03-07T19:18:00+08:00][sql] SHOW FULL COLUMNS FROM `shop_menu` [ RunTime:0.002019s ]
[2021-03-07T19:18:00+08:00][sql] SELECT * FROM `shop_menu` WHERE  `fid` = 0 [ RunTime:0.000383s ]
[2021-03-07T19:18:00+08:00][sql] SELECT * FROM `shop_menu` WHERE  `fid` = 1 [ RunTime:0.000326s ]
[2021-03-07T19:18:00+08:00][sql] SELECT * FROM `shop_menu` WHERE  `fid` = 4 [ RunTime:0.000242s ]
[2021-03-07T19:18:00+08:00][sql] SELECT * FROM `shop_menu` WHERE  `fid` = 9 [ RunTime:0.000210s ]
[2021-03-07T19:18:00+08:00][sql] SELECT * FROM `shop_menu` WHERE  `fid` = 12 [ RunTime:0.000213s ]
[2021-03-07T19:18:00+08:00][sql] SHOW FULL COLUMNS FROM `shop_goods` [ RunTime:0.000600s ]
[2021-03-07T19:18:00+08:00][sql] SELECT * FROM `shop_goods` [ RunTime:0.000286s ]
[2021-03-07T19:20:16+08:00][sql] CONNECT:[ UseTime:0.000950s ] mysql:host=127.0.0.1;port=3306;dbname=tp;charset=utf8
[2021-03-07T19:20:16+08:00][sql] SHOW FULL COLUMNS FROM `shop_menu` [ RunTime:0.000971s ]
[2021-03-07T19:20:16+08:00][sql] SELECT * FROM `shop_menu` WHERE  `fid` = 0 [ RunTime:0.000423s ]
[2021-03-07T19:20:16+08:00][sql] SELECT * FROM `shop_menu` WHERE  `fid` = 1 [ RunTime:0.000679s ]
[2021-03-07T19:20:16+08:00][sql] SELECT * FROM `shop_menu` WHERE  `fid` = 4 [ RunTime:0.000373s ]
[2021-03-07T19:20:16+08:00][sql] SELECT * FROM `shop_menu` WHERE  `fid` = 9 [ RunTime:0.000426s ]
[2021-03-07T19:20:16+08:00][sql] SELECT * FROM `shop_menu` WHERE  `fid` = 12 [ RunTime:0.001210s ]
[2021-03-07T19:20:16+08:00][sql] SHOW FULL COLUMNS FROM `shop_goods` [ RunTime:0.000734s ]
[2021-03-07T19:20:16+08:00][sql] SELECT * FROM `shop_goods` [ RunTime:0.000360s ]
[2021-03-07T19:20:19+08:00][sql] CONNECT:[ UseTime:0.010877s ] mysql:host=127.0.0.1;port=3306;dbname=tp;charset=utf8
[2021-03-07T19:20:19+08:00][sql] SHOW FULL COLUMNS FROM `shop_menu` [ RunTime:0.000866s ]
[2021-03-07T19:20:19+08:00][sql] SELECT * FROM `shop_menu` WHERE  `fid` = 0 [ RunTime:0.000336s ]
[2021-03-07T19:20:19+08:00][sql] SELECT * FROM `shop_menu` WHERE  `fid` = 1 [ RunTime:0.000357s ]
[2021-03-07T19:20:19+08:00][sql] SELECT * FROM `shop_menu` WHERE  `fid` = 4 [ RunTime:0.000300s ]
[2021-03-07T19:20:19+08:00][sql] SELECT * FROM `shop_menu` WHERE  `fid` = 9 [ RunTime:0.000295s ]
[2021-03-07T19:20:19+08:00][sql] SELECT * FROM `shop_menu` WHERE  `fid` = 12 [ RunTime:0.000297s ]
[2021-03-07T19:20:19+08:00][sql] SHOW FULL COLUMNS FROM `shop_goods` [ RunTime:0.000620s ]
[2021-03-07T19:20:19+08:00][sql] SELECT * FROM `shop_goods` [ RunTime:0.000324s ]
[2021-03-07T19:20:54+08:00][sql] CONNECT:[ UseTime:0.011644s ] mysql:host=127.0.0.1;port=3306;dbname=tp;charset=utf8
[2021-03-07T19:20:54+08:00][sql] SHOW FULL COLUMNS FROM `shop_menu` [ RunTime:0.000733s ]
[2021-03-07T19:20:54+08:00][sql] SELECT * FROM `shop_menu` WHERE  `fid` = 0 [ RunTime:0.000396s ]
[2021-03-07T19:20:54+08:00][sql] SELECT * FROM `shop_menu` WHERE  `fid` = 1 [ RunTime:0.000399s ]
[2021-03-07T19:20:54+08:00][sql] SELECT * FROM `shop_menu` WHERE  `fid` = 4 [ RunTime:0.000320s ]
[2021-03-07T19:20:54+08:00][sql] SELECT * FROM `shop_menu` WHERE  `fid` = 9 [ RunTime:0.000344s ]
[2021-03-07T19:20:54+08:00][sql] SELECT * FROM `shop_menu` WHERE  `fid` = 12 [ RunTime:0.000391s ]
[2021-03-07T19:20:54+08:00][sql] SHOW FULL COLUMNS FROM `shop_goods` [ RunTime:0.000673s ]
[2021-03-07T19:20:54+08:00][sql] SELECT * FROM `shop_goods` [ RunTime:0.000375s ]
[2021-03-07T19:20:55+08:00][sql] CONNECT:[ UseTime:0.000854s ] mysql:host=127.0.0.1;port=3306;dbname=tp;charset=utf8
[2021-03-07T19:20:55+08:00][sql] SHOW FULL COLUMNS FROM `shop_menu` [ RunTime:0.000969s ]
[2021-03-07T19:20:55+08:00][sql] SELECT * FROM `shop_menu` WHERE  `fid` = 0 [ RunTime:0.000313s ]
[2021-03-07T19:20:55+08:00][sql] SELECT * FROM `shop_menu` WHERE  `fid` = 1 [ RunTime:0.000412s ]
[2021-03-07T19:20:55+08:00][sql] SELECT * FROM `shop_menu` WHERE  `fid` = 4 [ RunTime:0.000381s ]
[2021-03-07T19:20:55+08:00][sql] SELECT * FROM `shop_menu` WHERE  `fid` = 9 [ RunTime:0.000402s ]
[2021-03-07T19:20:55+08:00][sql] SELECT * FROM `shop_menu` WHERE  `fid` = 12 [ RunTime:0.000296s ]
[2021-03-07T19:20:55+08:00][sql] SHOW FULL COLUMNS FROM `shop_goods` [ RunTime:0.000838s ]
[2021-03-07T19:20:55+08:00][sql] SELECT * FROM `shop_goods` [ RunTime:0.000498s ]
[2021-03-07T19:20:57+08:00][sql] CONNECT:[ UseTime:0.000810s ] mysql:host=127.0.0.1;port=3306;dbname=tp;charset=utf8
[2021-03-07T19:20:57+08:00][sql] SHOW FULL COLUMNS FROM `shop_menu` [ RunTime:0.000779s ]
[2021-03-07T19:20:57+08:00][sql] SELECT * FROM `shop_menu` WHERE  `fid` = 0 [ RunTime:0.000435s ]
[2021-03-07T19:20:57+08:00][sql] SELECT * FROM `shop_menu` WHERE  `fid` = 1 [ RunTime:0.000386s ]
[2021-03-07T19:20:57+08:00][sql] SELECT * FROM `shop_menu` WHERE  `fid` = 4 [ RunTime:0.000274s ]
[2021-03-07T19:20:57+08:00][sql] SELECT * FROM `shop_menu` WHERE  `fid` = 9 [ RunTime:0.000275s ]
[2021-03-07T19:20:57+08:00][sql] SELECT * FROM `shop_menu` WHERE  `fid` = 12 [ RunTime:0.000255s ]
[2021-03-07T19:20:57+08:00][sql] SHOW FULL COLUMNS FROM `shop_goods` [ RunTime:0.000849s ]
[2021-03-07T19:20:57+08:00][sql] SELECT * FROM `shop_goods` [ RunTime:0.000438s ]
[2021-03-07T19:21:30+08:00][sql] CONNECT:[ UseTime:0.001038s ] mysql:host=127.0.0.1;port=3306;dbname=tp;charset=utf8
[2021-03-07T19:21:30+08:00][sql] SHOW FULL COLUMNS FROM `shop_menu` [ RunTime:0.001962s ]
[2021-03-07T19:21:30+08:00][sql] SELECT * FROM `shop_menu` WHERE  `fid` = 0 [ RunTime:0.000381s ]
[2021-03-07T19:21:30+08:00][sql] SELECT * FROM `shop_menu` WHERE  `fid` = 1 [ RunTime:0.000394s ]
[2021-03-07T19:21:30+08:00][sql] SELECT * FROM `shop_menu` WHERE  `fid` = 4 [ RunTime:0.000230s ]
[2021-03-07T19:21:30+08:00][sql] SELECT * FROM `shop_menu` WHERE  `fid` = 9 [ RunTime:0.000216s ]
[2021-03-07T19:21:30+08:00][sql] SELECT * FROM `shop_menu` WHERE  `fid` = 12 [ RunTime:0.000204s ]
[2021-03-07T19:21:30+08:00][sql] SHOW FULL COLUMNS FROM `shop_goods` [ RunTime:0.000601s ]
[2021-03-07T19:21:30+08:00][sql] SELECT * FROM `shop_goods` [ RunTime:0.000230s ]
[2021-03-07T19:21:34+08:00][sql] CONNECT:[ UseTime:0.001327s ] mysql:host=127.0.0.1;port=3306;dbname=tp;charset=utf8
[2021-03-07T19:21:34+08:00][sql] SHOW FULL COLUMNS FROM `shop_menu` [ RunTime:0.002174s ]
[2021-03-07T19:21:34+08:00][sql] SELECT * FROM `shop_menu` WHERE  `fid` = 0 [ RunTime:0.000388s ]
[2021-03-07T19:21:34+08:00][sql] SELECT * FROM `shop_menu` WHERE  `fid` = 1 [ RunTime:0.000719s ]
[2021-03-07T19:21:34+08:00][sql] SELECT * FROM `shop_menu` WHERE  `fid` = 4 [ RunTime:0.000439s ]
[2021-03-07T19:21:34+08:00][sql] SELECT * FROM `shop_menu` WHERE  `fid` = 9 [ RunTime:0.000343s ]
[2021-03-07T19:21:34+08:00][sql] SELECT * FROM `shop_menu` WHERE  `fid` = 12 [ RunTime:0.000524s ]
[2021-03-07T19:21:34+08:00][sql] SHOW FULL COLUMNS FROM `shop_goods` [ RunTime:0.000849s ]
[2021-03-07T19:21:34+08:00][sql] SELECT * FROM `shop_goods` [ RunTime:0.000389s ]
[2021-03-07T19:21:36+08:00][sql] CONNECT:[ UseTime:0.000980s ] mysql:host=127.0.0.1;port=3306;dbname=tp;charset=utf8
[2021-03-07T19:21:36+08:00][sql] SHOW FULL COLUMNS FROM `shop_menu` [ RunTime:0.000734s ]
[2021-03-07T19:21:36+08:00][sql] SELECT * FROM `shop_menu` WHERE  `fid` = 0 [ RunTime:0.000385s ]
[2021-03-07T19:21:36+08:00][sql] SELECT * FROM `shop_menu` WHERE  `fid` = 1 [ RunTime:0.000430s ]
[2021-03-07T19:21:36+08:00][sql] SELECT * FROM `shop_menu` WHERE  `fid` = 4 [ RunTime:0.000248s ]
[2021-03-07T19:21:36+08:00][sql] SELECT * FROM `shop_menu` WHERE  `fid` = 9 [ RunTime:0.000366s ]
[2021-03-07T19:21:36+08:00][sql] SELECT * FROM `shop_menu` WHERE  `fid` = 12 [ RunTime:0.000339s ]
[2021-03-07T19:21:36+08:00][sql] SHOW FULL COLUMNS FROM `shop_goods` [ RunTime:0.000666s ]
[2021-03-07T19:21:36+08:00][sql] SELECT * FROM `shop_goods` [ RunTime:0.000344s ]
[2021-03-07T19:23:36+08:00][sql] CONNECT:[ UseTime:0.011036s ] mysql:host=127.0.0.1;port=3306;dbname=tp;charset=utf8
[2021-03-07T19:23:36+08:00][sql] SHOW FULL COLUMNS FROM `shop_menu` [ RunTime:0.000731s ]
[2021-03-07T19:23:36+08:00][sql] SELECT * FROM `shop_menu` WHERE  `fid` = 0 [ RunTime:0.000390s ]
[2021-03-07T19:23:36+08:00][sql] SELECT * FROM `shop_menu` WHERE  `fid` = 1 [ RunTime:0.000433s ]
[2021-03-07T19:23:36+08:00][sql] SELECT * FROM `shop_menu` WHERE  `fid` = 4 [ RunTime:0.000245s ]
[2021-03-07T19:23:36+08:00][sql] SELECT * FROM `shop_menu` WHERE  `fid` = 9 [ RunTime:0.000282s ]
[2021-03-07T19:23:36+08:00][sql] SELECT * FROM `shop_menu` WHERE  `fid` = 12 [ RunTime:0.000273s ]
[2021-03-07T19:23:36+08:00][sql] SHOW FULL COLUMNS FROM `shop_goods` [ RunTime:0.000718s ]
[2021-03-07T19:23:36+08:00][sql] SELECT * FROM `shop_goods` [ RunTime:0.000339s ]
[2021-03-07T19:23:37+08:00][sql] CONNECT:[ UseTime:0.010742s ] mysql:host=127.0.0.1;port=3306;dbname=tp;charset=utf8
[2021-03-07T19:23:37+08:00][sql] SHOW FULL COLUMNS FROM `shop_menu` [ RunTime:0.000840s ]
[2021-03-07T19:23:37+08:00][sql] SELECT * FROM `shop_menu` WHERE  `fid` = 0 [ RunTime:0.000422s ]
[2021-03-07T19:23:37+08:00][sql] SELECT * FROM `shop_menu` WHERE  `fid` = 1 [ RunTime:0.000422s ]
[2021-03-07T19:23:37+08:00][sql] SELECT * FROM `shop_menu` WHERE  `fid` = 4 [ RunTime:0.000442s ]
[2021-03-07T19:23:37+08:00][sql] SELECT * FROM `shop_menu` WHERE  `fid` = 9 [ RunTime:0.001204s ]
[2021-03-07T19:23:37+08:00][sql] SELECT * FROM `shop_menu` WHERE  `fid` = 12 [ RunTime:0.000363s ]
[2021-03-07T19:23:37+08:00][sql] SHOW FULL COLUMNS FROM `shop_goods` [ RunTime:0.000732s ]
[2021-03-07T19:23:37+08:00][sql] SELECT * FROM `shop_goods` [ RunTime:0.000352s ]
[2021-03-07T19:23:38+08:00][sql] CONNECT:[ UseTime:0.001045s ] mysql:host=127.0.0.1;port=3306;dbname=tp;charset=utf8
[2021-03-07T19:23:38+08:00][sql] SHOW FULL COLUMNS FROM `shop_menu` [ RunTime:0.000784s ]
[2021-03-07T19:23:38+08:00][sql] SELECT * FROM `shop_menu` WHERE  `fid` = 0 [ RunTime:0.000381s ]
[2021-03-07T19:23:38+08:00][sql] SELECT * FROM `shop_menu` WHERE  `fid` = 1 [ RunTime:0.000354s ]
[2021-03-07T19:23:38+08:00][sql] SELECT * FROM `shop_menu` WHERE  `fid` = 4 [ RunTime:0.000330s ]
[2021-03-07T19:23:38+08:00][sql] SELECT * FROM `shop_menu` WHERE  `fid` = 9 [ RunTime:0.000287s ]
[2021-03-07T19:23:38+08:00][sql] SELECT * FROM `shop_menu` WHERE  `fid` = 12 [ RunTime:0.000321s ]
[2021-03-07T19:23:38+08:00][sql] SHOW FULL COLUMNS FROM `shop_goods` [ RunTime:0.000814s ]
[2021-03-07T19:23:38+08:00][sql] SELECT * FROM `shop_goods` [ RunTime:0.000348s ]
[2021-03-07T19:23:39+08:00][sql] CONNECT:[ UseTime:0.010416s ] mysql:host=127.0.0.1;port=3306;dbname=tp;charset=utf8
[2021-03-07T19:23:39+08:00][sql] SHOW FULL COLUMNS FROM `shop_menu` [ RunTime:0.000705s ]
[2021-03-07T19:23:39+08:00][sql] SELECT * FROM `shop_menu` WHERE  `fid` = 0 [ RunTime:0.000425s ]
[2021-03-07T19:23:39+08:00][sql] SELECT * FROM `shop_menu` WHERE  `fid` = 1 [ RunTime:0.000476s ]
[2021-03-07T19:23:39+08:00][sql] SELECT * FROM `shop_menu` WHERE  `fid` = 4 [ RunTime:0.000359s ]
[2021-03-07T19:23:39+08:00][sql] SELECT * FROM `shop_menu` WHERE  `fid` = 9 [ RunTime:0.000317s ]
[2021-03-07T19:23:39+08:00][sql] SELECT * FROM `shop_menu` WHERE  `fid` = 12 [ RunTime:0.000376s ]
[2021-03-07T19:23:39+08:00][sql] SHOW FULL COLUMNS FROM `shop_goods` [ RunTime:0.000741s ]
[2021-03-07T19:23:39+08:00][sql] SELECT * FROM `shop_goods` [ RunTime:0.000393s ]
[2021-03-07T19:23:41+08:00][sql] CONNECT:[ UseTime:0.010358s ] mysql:host=127.0.0.1;port=3306;dbname=tp;charset=utf8
[2021-03-07T19:23:41+08:00][sql] SHOW FULL COLUMNS FROM `shop_menu` [ RunTime:0.000836s ]
[2021-03-07T19:23:41+08:00][sql] SELECT * FROM `shop_menu` WHERE  `fid` = 0 [ RunTime:0.000345s ]
[2021-03-07T19:23:41+08:00][sql] SELECT * FROM `shop_menu` WHERE  `fid` = 1 [ RunTime:0.000443s ]
[2021-03-07T19:23:41+08:00][sql] SELECT * FROM `shop_menu` WHERE  `fid` = 4 [ RunTime:0.000330s ]
[2021-03-07T19:23:41+08:00][sql] SELECT * FROM `shop_menu` WHERE  `fid` = 9 [ RunTime:0.000357s ]
[2021-03-07T19:23:41+08:00][sql] SELECT * FROM `shop_menu` WHERE  `fid` = 12 [ RunTime:0.000394s ]
[2021-03-07T19:23:41+08:00][sql] SHOW FULL COLUMNS FROM `shop_goods` [ RunTime:0.001296s ]
[2021-03-07T19:23:41+08:00][sql] SELECT * FROM `shop_goods` [ RunTime:0.001307s ]
[2021-03-07T19:23:43+08:00][sql] CONNECT:[ UseTime:0.010124s ] mysql:host=127.0.0.1;port=3306;dbname=tp;charset=utf8
[2021-03-07T19:23:43+08:00][sql] SHOW FULL COLUMNS FROM `shop_menu` [ RunTime:0.000792s ]
[2021-03-07T19:23:43+08:00][sql] SELECT * FROM `shop_menu` WHERE  `fid` = 0 [ RunTime:0.000360s ]
[2021-03-07T19:23:43+08:00][sql] SELECT * FROM `shop_menu` WHERE  `fid` = 1 [ RunTime:0.000442s ]
[2021-03-07T19:23:43+08:00][sql] SELECT * FROM `shop_menu` WHERE  `fid` = 4 [ RunTime:0.000356s ]
[2021-03-07T19:23:43+08:00][sql] SELECT * FROM `shop_menu` WHERE  `fid` = 9 [ RunTime:0.000366s ]
[2021-03-07T19:23:43+08:00][sql] SELECT * FROM `shop_menu` WHERE  `fid` = 12 [ RunTime:0.000342s ]
[2021-03-07T19:23:43+08:00][sql] SHOW FULL COLUMNS FROM `shop_goods` [ RunTime:0.000716s ]
[2021-03-07T19:23:43+08:00][sql] SELECT * FROM `shop_goods` [ RunTime:0.000351s ]
[2021-03-07T19:23:52+08:00][sql] CONNECT:[ UseTime:0.000749s ] mysql:host=127.0.0.1;port=3306;dbname=tp;charset=utf8
[2021-03-07T19:23:52+08:00][sql] SHOW FULL COLUMNS FROM `shop_menu` [ RunTime:0.000725s ]
[2021-03-07T19:23:52+08:00][sql] SELECT * FROM `shop_menu` WHERE  `fid` = 0 [ RunTime:0.000486s ]
[2021-03-07T19:23:52+08:00][sql] SELECT * FROM `shop_menu` WHERE  `fid` = 1 [ RunTime:0.000497s ]
[2021-03-07T19:23:52+08:00][sql] SELECT * FROM `shop_menu` WHERE  `fid` = 4 [ RunTime:0.000349s ]
[2021-03-07T19:23:52+08:00][sql] SELECT * FROM `shop_menu` WHERE  `fid` = 9 [ RunTime:0.000395s ]
[2021-03-07T19:23:52+08:00][sql] SELECT * FROM `shop_menu` WHERE  `fid` = 12 [ RunTime:0.001391s ]
[2021-03-07T19:23:52+08:00][sql] SHOW FULL COLUMNS FROM `shop_goods` [ RunTime:0.000663s ]
[2021-03-07T19:23:52+08:00][sql] SELECT * FROM `shop_goods` [ RunTime:0.000324s ]
[2021-03-07T19:24:06+08:00][sql] CONNECT:[ UseTime:0.000806s ] mysql:host=127.0.0.1;port=3306;dbname=tp;charset=utf8
[2021-03-07T19:24:06+08:00][sql] SHOW FULL COLUMNS FROM `shop_menu` [ RunTime:0.000677s ]
[2021-03-07T19:24:06+08:00][sql] SELECT * FROM `shop_menu` WHERE  `fid` = 0 [ RunTime:0.000324s ]
[2021-03-07T19:24:06+08:00][sql] SELECT * FROM `shop_menu` WHERE  `fid` = 1 [ RunTime:0.000439s ]
[2021-03-07T19:24:06+08:00][sql] SELECT * FROM `shop_menu` WHERE  `fid` = 4 [ RunTime:0.000241s ]
[2021-03-07T19:24:06+08:00][sql] SELECT * FROM `shop_menu` WHERE  `fid` = 9 [ RunTime:0.000235s ]
[2021-03-07T19:24:06+08:00][sql] SELECT * FROM `shop_menu` WHERE  `fid` = 12 [ RunTime:0.000224s ]
[2021-03-07T19:24:06+08:00][sql] SHOW FULL COLUMNS FROM `shop_goods` [ RunTime:0.000615s ]
[2021-03-07T19:24:06+08:00][sql] SELECT * FROM `shop_goods` [ RunTime:0.000243s ]
[2021-03-07T19:24:07+08:00][sql] CONNECT:[ UseTime:0.000968s ] mysql:host=127.0.0.1;port=3306;dbname=tp;charset=utf8
[2021-03-07T19:24:07+08:00][sql] SHOW FULL COLUMNS FROM `shop_menu` [ RunTime:0.000769s ]
[2021-03-07T19:24:07+08:00][sql] SELECT * FROM `shop_menu` WHERE  `fid` = 0 [ RunTime:0.000442s ]
[2021-03-07T19:24:07+08:00][sql] SELECT * FROM `shop_menu` WHERE  `fid` = 1 [ RunTime:0.000432s ]
[2021-03-07T19:24:07+08:00][sql] SELECT * FROM `shop_menu` WHERE  `fid` = 4 [ RunTime:0.000302s ]
[2021-03-07T19:24:07+08:00][sql] SELECT * FROM `shop_menu` WHERE  `fid` = 9 [ RunTime:0.000379s ]
[2021-03-07T19:24:07+08:00][sql] SELECT * FROM `shop_menu` WHERE  `fid` = 12 [ RunTime:0.000431s ]
[2021-03-07T19:24:07+08:00][sql] SHOW FULL COLUMNS FROM `shop_goods` [ RunTime:0.000909s ]
[2021-03-07T19:24:07+08:00][sql] SELECT * FROM `shop_goods` [ RunTime:0.000389s ]
[2021-03-07T19:24:41+08:00][sql] CONNECT:[ UseTime:0.011487s ] mysql:host=127.0.0.1;port=3306;dbname=tp;charset=utf8
[2021-03-07T19:24:41+08:00][sql] SHOW FULL COLUMNS FROM `shop_menu` [ RunTime:0.000944s ]
[2021-03-07T19:24:41+08:00][sql] SELECT * FROM `shop_menu` WHERE  `fid` = 0 [ RunTime:0.000397s ]
[2021-03-07T19:24:41+08:00][sql] SELECT * FROM `shop_menu` WHERE  `fid` = 1 [ RunTime:0.000528s ]
[2021-03-07T19:24:41+08:00][sql] SELECT * FROM `shop_menu` WHERE  `fid` = 4 [ RunTime:0.000417s ]
[2021-03-07T19:24:41+08:00][sql] SELECT * FROM `shop_menu` WHERE  `fid` = 9 [ RunTime:0.000471s ]
[2021-03-07T19:24:41+08:00][sql] SELECT * FROM `shop_menu` WHERE  `fid` = 12 [ RunTime:0.000513s ]
[2021-03-07T19:24:41+08:00][sql] SHOW FULL COLUMNS FROM `shop_goods` [ RunTime:0.001234s ]
[2021-03-07T19:24:41+08:00][sql] SELECT * FROM `shop_goods` [ RunTime:0.000350s ]
[2021-03-07T19:24:56+08:00][sql] CONNECT:[ UseTime:0.000937s ] mysql:host=127.0.0.1;port=3306;dbname=tp;charset=utf8
[2021-03-07T19:24:56+08:00][sql] SHOW FULL COLUMNS FROM `shop_menu` [ RunTime:0.000805s ]
[2021-03-07T19:24:56+08:00][sql] SELECT * FROM `shop_menu` WHERE  `fid` = 0 [ RunTime:0.000852s ]
[2021-03-07T19:24:56+08:00][sql] SELECT * FROM `shop_menu` WHERE  `fid` = 1 [ RunTime:0.000530s ]
[2021-03-07T19:24:56+08:00][sql] SELECT * FROM `shop_menu` WHERE  `fid` = 4 [ RunTime:0.000512s ]
[2021-03-07T19:24:56+08:00][sql] SELECT * FROM `shop_menu` WHERE  `fid` = 9 [ RunTime:0.000923s ]
[2021-03-07T19:24:56+08:00][sql] SELECT * FROM `shop_menu` WHERE  `fid` = 12 [ RunTime:0.000549s ]
[2021-03-07T19:24:56+08:00][sql] SHOW FULL COLUMNS FROM `shop_goods` [ RunTime:0.002126s ]
[2021-03-07T19:24:56+08:00][sql] SELECT * FROM `shop_goods` [ RunTime:0.000392s ]
[2021-03-07T19:25:46+08:00][sql] CONNECT:[ UseTime:0.011424s ] mysql:host=127.0.0.1;port=3306;dbname=tp;charset=utf8
[2021-03-07T19:25:46+08:00][sql] SHOW FULL COLUMNS FROM `shop_menu` [ RunTime:0.000945s ]
[2021-03-07T19:25:46+08:00][sql] SELECT * FROM `shop_menu` WHERE  `fid` = 0 [ RunTime:0.000286s ]
[2021-03-07T19:25:46+08:00][sql] SELECT * FROM `shop_menu` WHERE  `fid` = 1 [ RunTime:0.000299s ]
[2021-03-07T19:25:46+08:00][sql] SELECT * FROM `shop_menu` WHERE  `fid` = 4 [ RunTime:0.000210s ]
[2021-03-07T19:25:46+08:00][sql] SELECT * FROM `shop_menu` WHERE  `fid` = 9 [ RunTime:0.000206s ]
[2021-03-07T19:25:46+08:00][sql] SELECT * FROM `shop_menu` WHERE  `fid` = 12 [ RunTime:0.000201s ]
[2021-03-07T19:25:46+08:00][sql] SHOW FULL COLUMNS FROM `shop_goods` [ RunTime:0.000567s ]
[2021-03-07T19:25:46+08:00][sql] SELECT * FROM `shop_goods` [ RunTime:0.000229s ]
[2021-03-07T19:25:46+08:00][sql] CONNECT:[ UseTime:0.000915s ] mysql:host=127.0.0.1;port=3306;dbname=tp;charset=utf8
[2021-03-07T19:25:46+08:00][sql] SHOW FULL COLUMNS FROM `shop_menu` [ RunTime:0.000866s ]
[2021-03-07T19:25:46+08:00][sql] SELECT * FROM `shop_menu` WHERE  `fid` = 0 [ RunTime:0.000283s ]
[2021-03-07T19:25:46+08:00][sql] SELECT * FROM `shop_menu` WHERE  `fid` = 1 [ RunTime:0.000305s ]
[2021-03-07T19:25:46+08:00][sql] SELECT * FROM `shop_menu` WHERE  `fid` = 4 [ RunTime:0.000210s ]
[2021-03-07T19:25:46+08:00][sql] SELECT * FROM `shop_menu` WHERE  `fid` = 9 [ RunTime:0.000213s ]
[2021-03-07T19:25:46+08:00][sql] SELECT * FROM `shop_menu` WHERE  `fid` = 12 [ RunTime:0.000198s ]
[2021-03-07T19:25:46+08:00][sql] SHOW FULL COLUMNS FROM `shop_goods` [ RunTime:0.000818s ]
[2021-03-07T19:25:46+08:00][sql] SELECT * FROM `shop_goods` [ RunTime:0.000549s ]
[2021-03-07T19:26:04+08:00][sql] CONNECT:[ UseTime:0.011070s ] mysql:host=127.0.0.1;port=3306;dbname=tp;charset=utf8
[2021-03-07T19:26:04+08:00][sql] SHOW FULL COLUMNS FROM `shop_menu` [ RunTime:0.001850s ]
[2021-03-07T19:26:04+08:00][sql] SELECT * FROM `shop_menu` WHERE  `fid` = 0 [ RunTime:0.000435s ]
[2021-03-07T19:26:04+08:00][sql] SELECT * FROM `shop_menu` WHERE  `fid` = 1 [ RunTime:0.000400s ]
[2021-03-07T19:26:04+08:00][sql] SELECT * FROM `shop_menu` WHERE  `fid` = 4 [ RunTime:0.000325s ]
[2021-03-07T19:26:04+08:00][sql] SELECT * FROM `shop_menu` WHERE  `fid` = 9 [ RunTime:0.000344s ]
[2021-03-07T19:26:04+08:00][sql] SELECT * FROM `shop_menu` WHERE  `fid` = 12 [ RunTime:0.000312s ]
[2021-03-07T19:26:04+08:00][sql] SHOW FULL COLUMNS FROM `shop_goods` [ RunTime:0.000716s ]
[2021-03-07T19:26:04+08:00][sql] SELECT * FROM `shop_goods` [ RunTime:0.000382s ]
[2021-03-07T19:26:04+08:00][sql] CONNECT:[ UseTime:0.001242s ] mysql:host=127.0.0.1;port=3306;dbname=tp;charset=utf8
[2021-03-07T19:26:04+08:00][sql] SHOW FULL COLUMNS FROM `shop_menu` [ RunTime:0.000960s ]
[2021-03-07T19:26:04+08:00][sql] SELECT * FROM `shop_menu` WHERE  `fid` = 0 [ RunTime:0.000326s ]
[2021-03-07T19:26:04+08:00][sql] SELECT * FROM `shop_menu` WHERE  `fid` = 1 [ RunTime:0.000321s ]
[2021-03-07T19:26:04+08:00][sql] SELECT * FROM `shop_menu` WHERE  `fid` = 4 [ RunTime:0.000362s ]
[2021-03-07T19:26:04+08:00][sql] SELECT * FROM `shop_menu` WHERE  `fid` = 9 [ RunTime:0.000462s ]
[2021-03-07T19:26:04+08:00][sql] SELECT * FROM `shop_menu` WHERE  `fid` = 12 [ RunTime:0.000523s ]
[2021-03-07T19:26:04+08:00][sql] SHOW FULL COLUMNS FROM `shop_goods` [ RunTime:0.001668s ]
[2021-03-07T19:26:04+08:00][sql] SELECT * FROM `shop_goods` [ RunTime:0.000372s ]
[2021-03-07T19:26:04+08:00][sql] CONNECT:[ UseTime:0.010688s ] mysql:host=127.0.0.1;port=3306;dbname=tp;charset=utf8
[2021-03-07T19:26:04+08:00][sql] SHOW FULL COLUMNS FROM `shop_menu` [ RunTime:0.000777s ]
[2021-03-07T19:26:04+08:00][sql] SELECT * FROM `shop_menu` WHERE  `fid` = 0 [ RunTime:0.000425s ]
[2021-03-07T19:26:04+08:00][sql] SELECT * FROM `shop_menu` WHERE  `fid` = 1 [ RunTime:0.000355s ]
[2021-03-07T19:26:04+08:00][sql] SELECT * FROM `shop_menu` WHERE  `fid` = 4 [ RunTime:0.000375s ]
[2021-03-07T19:26:04+08:00][sql] SELECT * FROM `shop_menu` WHERE  `fid` = 9 [ RunTime:0.000283s ]
[2021-03-07T19:26:04+08:00][sql] SELECT * FROM `shop_menu` WHERE  `fid` = 12 [ RunTime:0.000354s ]
[2021-03-07T19:26:04+08:00][sql] SHOW FULL COLUMNS FROM `shop_goods` [ RunTime:0.000732s ]
[2021-03-07T19:26:04+08:00][sql] SELECT * FROM `shop_goods` [ RunTime:0.000411s ]
[2021-03-07T19:26:04+08:00][sql] CONNECT:[ UseTime:0.011696s ] mysql:host=127.0.0.1;port=3306;dbname=tp;charset=utf8
[2021-03-07T19:26:04+08:00][sql] SHOW FULL COLUMNS FROM `shop_menu` [ RunTime:0.001512s ]
[2021-03-07T19:26:04+08:00][sql] SELECT * FROM `shop_menu` WHERE  `fid` = 0 [ RunTime:0.000503s ]
[2021-03-07T19:26:04+08:00][sql] SELECT * FROM `shop_menu` WHERE  `fid` = 1 [ RunTime:0.000494s ]
[2021-03-07T19:26:04+08:00][sql] SELECT * FROM `shop_menu` WHERE  `fid` = 4 [ RunTime:0.000471s ]
[2021-03-07T19:26:04+08:00][sql] SELECT * FROM `shop_menu` WHERE  `fid` = 9 [ RunTime:0.000330s ]
[2021-03-07T19:26:04+08:00][sql] SELECT * FROM `shop_menu` WHERE  `fid` = 12 [ RunTime:0.000340s ]
[2021-03-07T19:26:04+08:00][sql] SHOW FULL COLUMNS FROM `shop_goods` [ RunTime:0.000735s ]
[2021-03-07T19:26:04+08:00][sql] SELECT * FROM `shop_goods` [ RunTime:0.000389s ]
[2021-03-07T19:26:05+08:00][sql] CONNECT:[ UseTime:0.010108s ] mysql:host=127.0.0.1;port=3306;dbname=tp;charset=utf8
[2021-03-07T19:26:05+08:00][sql] SHOW FULL COLUMNS FROM `shop_menu` [ RunTime:0.000719s ]
[2021-03-07T19:26:05+08:00][sql] SELECT * FROM `shop_menu` WHERE  `fid` = 0 [ RunTime:0.000421s ]
[2021-03-07T19:26:05+08:00][sql] SELECT * FROM `shop_menu` WHERE  `fid` = 1 [ RunTime:0.000375s ]
[2021-03-07T19:26:05+08:00][sql] SELECT * FROM `shop_menu` WHERE  `fid` = 4 [ RunTime:0.000383s ]
[2021-03-07T19:26:05+08:00][sql] SELECT * FROM `shop_menu` WHERE  `fid` = 9 [ RunTime:0.000376s ]
[2021-03-07T19:26:05+08:00][sql] SELECT * FROM `shop_menu` WHERE  `fid` = 12 [ RunTime:0.000349s ]
[2021-03-07T19:26:05+08:00][sql] SHOW FULL COLUMNS FROM `shop_goods` [ RunTime:0.000750s ]
[2021-03-07T19:26:05+08:00][sql] SELECT * FROM `shop_goods` [ RunTime:0.000364s ]
[2021-03-07T19:26:05+08:00][sql] CONNECT:[ UseTime:0.000967s ] mysql:host=127.0.0.1;port=3306;dbname=tp;charset=utf8
[2021-03-07T19:26:05+08:00][sql] SHOW FULL COLUMNS FROM `shop_menu` [ RunTime:0.002163s ]
[2021-03-07T19:26:05+08:00][sql] SELECT * FROM `shop_menu` WHERE  `fid` = 0 [ RunTime:0.000399s ]
[2021-03-07T19:26:05+08:00][sql] SELECT * FROM `shop_menu` WHERE  `fid` = 1 [ RunTime:0.000418s ]
[2021-03-07T19:26:05+08:00][sql] SELECT * FROM `shop_menu` WHERE  `fid` = 4 [ RunTime:0.000350s ]
[2021-03-07T19:26:05+08:00][sql] SELECT * FROM `shop_menu` WHERE  `fid` = 9 [ RunTime:0.000352s ]
[2021-03-07T19:26:05+08:00][sql] SELECT * FROM `shop_menu` WHERE  `fid` = 12 [ RunTime:0.000340s ]
[2021-03-07T19:26:05+08:00][sql] SHOW FULL COLUMNS FROM `shop_goods` [ RunTime:0.000725s ]
[2021-03-07T19:26:05+08:00][sql] SELECT * FROM `shop_goods` [ RunTime:0.000359s ]
[2021-03-07T19:26:05+08:00][sql] CONNECT:[ UseTime:0.000943s ] mysql:host=127.0.0.1;port=3306;dbname=tp;charset=utf8
[2021-03-07T19:26:05+08:00][sql] SHOW FULL COLUMNS FROM `shop_menu` [ RunTime:0.001528s ]
[2021-03-07T19:26:05+08:00][sql] SELECT * FROM `shop_menu` WHERE  `fid` = 0 [ RunTime:0.000472s ]
[2021-03-07T19:26:05+08:00][sql] SELECT * FROM `shop_menu` WHERE  `fid` = 1 [ RunTime:0.000909s ]
[2021-03-07T19:26:05+08:00][sql] SELECT * FROM `shop_menu` WHERE  `fid` = 4 [ RunTime:0.001120s ]
[2021-03-07T19:26:05+08:00][sql] SELECT * FROM `shop_menu` WHERE  `fid` = 9 [ RunTime:0.000392s ]
[2021-03-07T19:26:05+08:00][sql] SELECT * FROM `shop_menu` WHERE  `fid` = 12 [ RunTime:0.000456s ]
[2021-03-07T19:26:05+08:00][sql] SHOW FULL COLUMNS FROM `shop_goods` [ RunTime:0.000685s ]
[2021-03-07T19:26:05+08:00][sql] SELECT * FROM `shop_goods` [ RunTime:0.000376s ]
[2021-03-07T19:26:05+08:00][sql] CONNECT:[ UseTime:0.000942s ] mysql:host=127.0.0.1;port=3306;dbname=tp;charset=utf8
[2021-03-07T19:26:05+08:00][sql] SHOW FULL COLUMNS FROM `shop_menu` [ RunTime:0.002521s ]
[2021-03-07T19:26:05+08:00][sql] SELECT * FROM `shop_menu` WHERE  `fid` = 0 [ RunTime:0.000429s ]
[2021-03-07T19:26:05+08:00][sql] SELECT * FROM `shop_menu` WHERE  `fid` = 1 [ RunTime:0.000502s ]
[2021-03-07T19:26:05+08:00][sql] SELECT * FROM `shop_menu` WHERE  `fid` = 4 [ RunTime:0.000683s ]
[2021-03-07T19:26:05+08:00][sql] SELECT * FROM `shop_menu` WHERE  `fid` = 9 [ RunTime:0.000979s ]
[2021-03-07T19:26:05+08:00][sql] SELECT * FROM `shop_menu` WHERE  `fid` = 12 [ RunTime:0.000379s ]
[2021-03-07T19:26:05+08:00][sql] SHOW FULL COLUMNS FROM `shop_goods` [ RunTime:0.000747s ]
[2021-03-07T19:26:05+08:00][sql] SELECT * FROM `shop_goods` [ RunTime:0.000377s ]
[2021-03-07T19:26:05+08:00][sql] CONNECT:[ UseTime:0.002534s ] mysql:host=127.0.0.1;port=3306;dbname=tp;charset=utf8
[2021-03-07T19:26:05+08:00][sql] SHOW FULL COLUMNS FROM `shop_menu` [ RunTime:0.001223s ]
[2021-03-07T19:26:05+08:00][sql] SELECT * FROM `shop_menu` WHERE  `fid` = 0 [ RunTime:0.001066s ]
[2021-03-07T19:26:05+08:00][sql] SELECT * FROM `shop_menu` WHERE  `fid` = 1 [ RunTime:0.000463s ]
[2021-03-07T19:26:05+08:00][sql] SELECT * FROM `shop_menu` WHERE  `fid` = 4 [ RunTime:0.000383s ]
[2021-03-07T19:26:05+08:00][sql] SELECT * FROM `shop_menu` WHERE  `fid` = 9 [ RunTime:0.000351s ]
[2021-03-07T19:26:05+08:00][sql] SELECT * FROM `shop_menu` WHERE  `fid` = 12 [ RunTime:0.000368s ]
[2021-03-07T19:26:05+08:00][sql] SHOW FULL COLUMNS FROM `shop_goods` [ RunTime:0.000753s ]
[2021-03-07T19:26:05+08:00][sql] SELECT * FROM `shop_goods` [ RunTime:0.000354s ]
[2021-03-07T19:26:05+08:00][sql] CONNECT:[ UseTime:0.001087s ] mysql:host=127.0.0.1;port=3306;dbname=tp;charset=utf8
[2021-03-07T19:26:05+08:00][sql] SHOW FULL COLUMNS FROM `shop_menu` [ RunTime:0.001287s ]
[2021-03-07T19:26:05+08:00][sql] SELECT * FROM `shop_menu` WHERE  `fid` = 0 [ RunTime:0.000437s ]
[2021-03-07T19:26:05+08:00][sql] SELECT * FROM `shop_menu` WHERE  `fid` = 1 [ RunTime:0.000511s ]
[2021-03-07T19:26:05+08:00][sql] SELECT * FROM `shop_menu` WHERE  `fid` = 4 [ RunTime:0.000417s ]
[2021-03-07T19:26:05+08:00][sql] SELECT * FROM `shop_menu` WHERE  `fid` = 9 [ RunTime:0.000319s ]
[2021-03-07T19:26:05+08:00][sql] SELECT * FROM `shop_menu` WHERE  `fid` = 12 [ RunTime:0.000347s ]
[2021-03-07T19:26:05+08:00][sql] SHOW FULL COLUMNS FROM `shop_goods` [ RunTime:0.000693s ]
[2021-03-07T19:26:05+08:00][sql] SELECT * FROM `shop_goods` [ RunTime:0.000357s ]
[2021-03-07T19:26:05+08:00][sql] CONNECT:[ UseTime:0.010395s ] mysql:host=127.0.0.1;port=3306;dbname=tp;charset=utf8
[2021-03-07T19:26:05+08:00][sql] SHOW FULL COLUMNS FROM `shop_menu` [ RunTime:0.000753s ]
[2021-03-07T19:26:05+08:00][sql] SELECT * FROM `shop_menu` WHERE  `fid` = 0 [ RunTime:0.000381s ]
[2021-03-07T19:26:05+08:00][sql] SELECT * FROM `shop_menu` WHERE  `fid` = 1 [ RunTime:0.000432s ]
[2021-03-07T19:26:05+08:00][sql] SELECT * FROM `shop_menu` WHERE  `fid` = 4 [ RunTime:0.000359s ]
[2021-03-07T19:26:05+08:00][sql] SELECT * FROM `shop_menu` WHERE  `fid` = 9 [ RunTime:0.000311s ]
[2021-03-07T19:26:05+08:00][sql] SELECT * FROM `shop_menu` WHERE  `fid` = 12 [ RunTime:0.000392s ]
[2021-03-07T19:26:05+08:00][sql] SHOW FULL COLUMNS FROM `shop_goods` [ RunTime:0.000733s ]
[2021-03-07T19:26:05+08:00][sql] SELECT * FROM `shop_goods` [ RunTime:0.000366s ]
[2021-03-07T19:26:20+08:00][sql] CONNECT:[ UseTime:0.000905s ] mysql:host=127.0.0.1;port=3306;dbname=tp;charset=utf8
[2021-03-07T19:26:20+08:00][sql] SHOW FULL COLUMNS FROM `shop_menu` [ RunTime:0.000919s ]
[2021-03-07T19:26:20+08:00][sql] SELECT * FROM `shop_menu` WHERE  `fid` = 0 [ RunTime:0.000282s ]
[2021-03-07T19:26:20+08:00][sql] SELECT * FROM `shop_menu` WHERE  `fid` = 1 [ RunTime:0.000321s ]
[2021-03-07T19:26:20+08:00][sql] SELECT * FROM `shop_menu` WHERE  `fid` = 4 [ RunTime:0.000219s ]
[2021-03-07T19:26:20+08:00][sql] SELECT * FROM `shop_menu` WHERE  `fid` = 9 [ RunTime:0.000227s ]
[2021-03-07T19:26:20+08:00][sql] SELECT * FROM `shop_menu` WHERE  `fid` = 12 [ RunTime:0.000205s ]
[2021-03-07T19:26:20+08:00][sql] SHOW FULL COLUMNS FROM `shop_goods` [ RunTime:0.000803s ]
[2021-03-07T19:26:20+08:00][sql] SELECT * FROM `shop_goods` [ RunTime:0.000295s ]
[2021-03-07T19:26:38+08:00][sql] CONNECT:[ UseTime:0.000848s ] mysql:host=127.0.0.1;port=3306;dbname=tp;charset=utf8
[2021-03-07T19:26:38+08:00][sql] SHOW FULL COLUMNS FROM `shop_menu` [ RunTime:0.001237s ]
[2021-03-07T19:26:38+08:00][sql] SELECT * FROM `shop_menu` WHERE  `fid` = 0 [ RunTime:0.001673s ]
[2021-03-07T19:26:38+08:00][sql] SELECT * FROM `shop_menu` WHERE  `fid` = 1 [ RunTime:0.000415s ]
[2021-03-07T19:26:38+08:00][sql] SELECT * FROM `shop_menu` WHERE  `fid` = 4 [ RunTime:0.000314s ]
[2021-03-07T19:26:38+08:00][sql] SELECT * FROM `shop_menu` WHERE  `fid` = 9 [ RunTime:0.000297s ]
[2021-03-07T19:26:38+08:00][sql] SELECT * FROM `shop_menu` WHERE  `fid` = 12 [ RunTime:0.000263s ]
[2021-03-07T19:26:38+08:00][sql] SHOW FULL COLUMNS FROM `shop_goods` [ RunTime:0.000949s ]
[2021-03-07T19:26:38+08:00][sql] SELECT * FROM `shop_goods` [ RunTime:0.000359s ]
[2021-03-07T19:26:40+08:00][sql] CONNECT:[ UseTime:0.000762s ] mysql:host=127.0.0.1;port=3306;dbname=tp;charset=utf8
[2021-03-07T19:26:40+08:00][sql] SHOW FULL COLUMNS FROM `shop_menu` [ RunTime:0.000928s ]
[2021-03-07T19:26:40+08:00][sql] SELECT * FROM `shop_menu` WHERE  `fid` = 0 [ RunTime:0.000345s ]
[2021-03-07T19:26:40+08:00][sql] SELECT * FROM `shop_menu` WHERE  `fid` = 1 [ RunTime:0.000344s ]
[2021-03-07T19:26:40+08:00][sql] SELECT * FROM `shop_menu` WHERE  `fid` = 4 [ RunTime:0.000230s ]
[2021-03-07T19:26:40+08:00][sql] SELECT * FROM `shop_menu` WHERE  `fid` = 9 [ RunTime:0.000201s ]
[2021-03-07T19:26:40+08:00][sql] SELECT * FROM `shop_menu` WHERE  `fid` = 12 [ RunTime:0.000202s ]
[2021-03-07T19:26:40+08:00][sql] SHOW FULL COLUMNS FROM `shop_goods` [ RunTime:0.000591s ]
[2021-03-07T19:26:40+08:00][sql] SELECT * FROM `shop_goods` [ RunTime:0.000244s ]
[2021-03-07T19:26:53+08:00][sql] CONNECT:[ UseTime:0.002068s ] mysql:host=127.0.0.1;port=3306;dbname=tp;charset=utf8
[2021-03-07T19:26:53+08:00][sql] SHOW FULL COLUMNS FROM `shop_menu` [ RunTime:0.000805s ]
[2021-03-07T19:26:53+08:00][sql] SELECT * FROM `shop_menu` WHERE  `fid` = 0 [ RunTime:0.000438s ]
[2021-03-07T19:26:53+08:00][sql] SELECT * FROM `shop_menu` WHERE  `fid` = 1 [ RunTime:0.000340s ]
[2021-03-07T19:26:53+08:00][sql] SELECT * FROM `shop_menu` WHERE  `fid` = 4 [ RunTime:0.000355s ]
[2021-03-07T19:26:53+08:00][sql] SELECT * FROM `shop_menu` WHERE  `fid` = 9 [ RunTime:0.000349s ]
[2021-03-07T19:26:53+08:00][sql] SELECT * FROM `shop_menu` WHERE  `fid` = 12 [ RunTime:0.000349s ]
[2021-03-07T19:26:53+08:00][sql] SHOW FULL COLUMNS FROM `shop_goods` [ RunTime:0.000736s ]
[2021-03-07T19:26:53+08:00][sql] SELECT * FROM `shop_goods` [ RunTime:0.000358s ]
[2021-03-07T19:27:09+08:00][sql] CONNECT:[ UseTime:0.000972s ] mysql:host=127.0.0.1;port=3306;dbname=tp;charset=utf8
[2021-03-07T19:27:09+08:00][sql] SHOW FULL COLUMNS FROM `shop_menu` [ RunTime:0.000756s ]
[2021-03-07T19:27:09+08:00][sql] SELECT * FROM `shop_menu` WHERE  `fid` = 0 [ RunTime:0.000393s ]
[2021-03-07T19:27:09+08:00][sql] SELECT * FROM `shop_menu` WHERE  `fid` = 1 [ RunTime:0.000463s ]
[2021-03-07T19:27:09+08:00][sql] SELECT * FROM `shop_menu` WHERE  `fid` = 4 [ RunTime:0.000347s ]
[2021-03-07T19:27:09+08:00][sql] SELECT * FROM `shop_menu` WHERE  `fid` = 9 [ RunTime:0.000344s ]
[2021-03-07T19:27:09+08:00][sql] SELECT * FROM `shop_menu` WHERE  `fid` = 12 [ RunTime:0.000342s ]
[2021-03-07T19:27:09+08:00][sql] SHOW FULL COLUMNS FROM `shop_goods` [ RunTime:0.000747s ]
[2021-03-07T19:27:09+08:00][sql] SELECT * FROM `shop_goods` [ RunTime:0.000367s ]
[2021-03-07T19:27:27+08:00][sql] CONNECT:[ UseTime:0.011328s ] mysql:host=127.0.0.1;port=3306;dbname=tp;charset=utf8
[2021-03-07T19:27:27+08:00][sql] SHOW FULL COLUMNS FROM `shop_menu` [ RunTime:0.000943s ]
[2021-03-07T19:27:27+08:00][sql] SELECT * FROM `shop_menu` WHERE  `fid` = 0 [ RunTime:0.000345s ]
[2021-03-07T19:27:27+08:00][sql] SELECT * FROM `shop_menu` WHERE  `fid` = 1 [ RunTime:0.000525s ]
[2021-03-07T19:27:27+08:00][sql] SELECT * FROM `shop_menu` WHERE  `fid` = 4 [ RunTime:0.001197s ]
[2021-03-07T19:27:27+08:00][sql] SELECT * FROM `shop_menu` WHERE  `fid` = 9 [ RunTime:0.000233s ]
[2021-03-07T19:27:27+08:00][sql] SELECT * FROM `shop_menu` WHERE  `fid` = 12 [ RunTime:0.000331s ]
[2021-03-07T19:27:27+08:00][sql] SHOW FULL COLUMNS FROM `shop_goods` [ RunTime:0.000947s ]
[2021-03-07T19:27:27+08:00][sql] SELECT * FROM `shop_goods` [ RunTime:0.000353s ]
[2021-03-07T19:27:35+08:00][sql] CONNECT:[ UseTime:0.000728s ] mysql:host=127.0.0.1;port=3306;dbname=tp;charset=utf8
[2021-03-07T19:27:35+08:00][sql] SHOW FULL COLUMNS FROM `shop_menu` [ RunTime:0.000645s ]
[2021-03-07T19:27:35+08:00][sql] SELECT * FROM `shop_menu` WHERE  `fid` = 0 [ RunTime:0.000237s ]
[2021-03-07T19:27:35+08:00][sql] SELECT * FROM `shop_menu` WHERE  `fid` = 1 [ RunTime:0.000242s ]
[2021-03-07T19:27:35+08:00][sql] SELECT * FROM `shop_menu` WHERE  `fid` = 4 [ RunTime:0.000163s ]
[2021-03-07T19:27:35+08:00][sql] SELECT * FROM `shop_menu` WHERE  `fid` = 9 [ RunTime:0.000159s ]
[2021-03-07T19:27:35+08:00][sql] SELECT * FROM `shop_menu` WHERE  `fid` = 12 [ RunTime:0.000161s ]
[2021-03-07T19:27:35+08:00][sql] SHOW FULL COLUMNS FROM `shop_goods` [ RunTime:0.000522s ]
[2021-03-07T19:27:35+08:00][sql] SELECT * FROM `shop_goods` [ RunTime:0.000185s ]
[2021-03-07T19:28:05+08:00][sql] CONNECT:[ UseTime:0.010964s ] mysql:host=127.0.0.1;port=3306;dbname=tp;charset=utf8
[2021-03-07T19:28:05+08:00][sql] SHOW FULL COLUMNS FROM `shop_menu` [ RunTime:0.000950s ]
[2021-03-07T19:28:05+08:00][sql] SELECT * FROM `shop_menu` WHERE  `fid` = 0 [ RunTime:0.000368s ]
[2021-03-07T19:28:05+08:00][sql] SELECT * FROM `shop_menu` WHERE  `fid` = 1 [ RunTime:0.000456s ]
[2021-03-07T19:28:05+08:00][sql] SELECT * FROM `shop_menu` WHERE  `fid` = 4 [ RunTime:0.000302s ]
[2021-03-07T19:28:05+08:00][sql] SELECT * FROM `shop_menu` WHERE  `fid` = 9 [ RunTime:0.000398s ]
[2021-03-07T19:28:05+08:00][sql] SELECT * FROM `shop_menu` WHERE  `fid` = 12 [ RunTime:0.000461s ]
[2021-03-07T19:28:05+08:00][sql] SHOW FULL COLUMNS FROM `shop_goods` [ RunTime:0.001053s ]
[2021-03-07T19:28:05+08:00][sql] SELECT * FROM `shop_goods` [ RunTime:0.000443s ]
[2021-03-07T19:28:19+08:00][sql] CONNECT:[ UseTime:0.001071s ] mysql:host=127.0.0.1;port=3306;dbname=tp;charset=utf8
[2021-03-07T19:28:19+08:00][sql] SHOW FULL COLUMNS FROM `shop_menu` [ RunTime:0.000748s ]
[2021-03-07T19:28:19+08:00][sql] SELECT * FROM `shop_menu` WHERE  `fid` = 0 [ RunTime:0.000272s ]
[2021-03-07T19:28:19+08:00][sql] SELECT * FROM `shop_menu` WHERE  `fid` = 1 [ RunTime:0.000395s ]
[2021-03-07T19:28:19+08:00][sql] SELECT * FROM `shop_menu` WHERE  `fid` = 4 [ RunTime:0.000355s ]
[2021-03-07T19:28:19+08:00][sql] SELECT * FROM `shop_menu` WHERE  `fid` = 9 [ RunTime:0.000306s ]
[2021-03-07T19:28:19+08:00][sql] SELECT * FROM `shop_menu` WHERE  `fid` = 12 [ RunTime:0.000298s ]
[2021-03-07T19:28:19+08:00][sql] SHOW FULL COLUMNS FROM `shop_goods` [ RunTime:0.000882s ]
[2021-03-07T19:28:19+08:00][sql] SELECT * FROM `shop_goods` [ RunTime:0.000337s ]
[2021-03-07T19:28:30+08:00][sql] CONNECT:[ UseTime:0.011051s ] mysql:host=127.0.0.1;port=3306;dbname=tp;charset=utf8
[2021-03-07T19:28:30+08:00][sql] SHOW FULL COLUMNS FROM `shop_menu` [ RunTime:0.000946s ]
[2021-03-07T19:28:30+08:00][sql] SELECT * FROM `shop_menu` WHERE  `fid` = 0 [ RunTime:0.000400s ]
[2021-03-07T19:28:30+08:00][sql] SELECT * FROM `shop_menu` WHERE  `fid` = 1 [ RunTime:0.000379s ]
[2021-03-07T19:28:30+08:00][sql] SELECT * FROM `shop_menu` WHERE  `fid` = 4 [ RunTime:0.000339s ]
[2021-03-07T19:28:30+08:00][sql] SELECT * FROM `shop_menu` WHERE  `fid` = 9 [ RunTime:0.000335s ]
[2021-03-07T19:28:30+08:00][sql] SELECT * FROM `shop_menu` WHERE  `fid` = 12 [ RunTime:0.000332s ]
[2021-03-07T19:28:30+08:00][sql] SHOW FULL COLUMNS FROM `shop_goods` [ RunTime:0.000938s ]
[2021-03-07T19:28:30+08:00][sql] SELECT * FROM `shop_goods` [ RunTime:0.000380s ]
[2021-03-07T19:29:44+08:00][sql] CONNECT:[ UseTime:0.000920s ] mysql:host=127.0.0.1;port=3306;dbname=tp;charset=utf8
[2021-03-07T19:29:44+08:00][sql] SHOW FULL COLUMNS FROM `shop_menu` [ RunTime:0.001361s ]
[2021-03-07T19:29:44+08:00][sql] SELECT * FROM `shop_menu` WHERE  `fid` = 0 [ RunTime:0.000454s ]
[2021-03-07T19:29:44+08:00][sql] SELECT * FROM `shop_menu` WHERE  `fid` = 1 [ RunTime:0.000486s ]
[2021-03-07T19:29:44+08:00][sql] SELECT * FROM `shop_menu` WHERE  `fid` = 4 [ RunTime:0.000419s ]
[2021-03-07T19:29:44+08:00][sql] SELECT * FROM `shop_menu` WHERE  `fid` = 9 [ RunTime:0.000382s ]
[2021-03-07T19:29:44+08:00][sql] SELECT * FROM `shop_menu` WHERE  `fid` = 12 [ RunTime:0.000404s ]
[2021-03-07T19:29:44+08:00][sql] SHOW FULL COLUMNS FROM `shop_goods` [ RunTime:0.000982s ]
[2021-03-07T19:29:44+08:00][sql] SELECT * FROM `shop_goods` [ RunTime:0.000443s ]
[2021-03-07T19:29:47+08:00][sql] CONNECT:[ UseTime:0.010719s ] mysql:host=127.0.0.1;port=3306;dbname=tp;charset=utf8
[2021-03-07T19:29:47+08:00][sql] SHOW FULL COLUMNS FROM `shop_menu` [ RunTime:0.001040s ]
[2021-03-07T19:29:47+08:00][sql] SELECT * FROM `shop_menu` WHERE  `fid` = 0 [ RunTime:0.000450s ]
[2021-03-07T19:29:47+08:00][sql] SELECT * FROM `shop_menu` WHERE  `fid` = 1 [ RunTime:0.000537s ]
[2021-03-07T19:29:47+08:00][sql] SELECT * FROM `shop_menu` WHERE  `fid` = 4 [ RunTime:0.000474s ]
[2021-03-07T19:29:47+08:00][sql] SELECT * FROM `shop_menu` WHERE  `fid` = 9 [ RunTime:0.000347s ]
[2021-03-07T19:29:47+08:00][sql] SELECT * FROM `shop_menu` WHERE  `fid` = 12 [ RunTime:0.000378s ]
[2021-03-07T19:29:47+08:00][sql] SHOW FULL COLUMNS FROM `shop_goods` [ RunTime:0.001229s ]
[2021-03-07T19:29:47+08:00][sql] SELECT * FROM `shop_goods` [ RunTime:0.000398s ]
[2021-03-07T19:30:02+08:00][sql] CONNECT:[ UseTime:0.000845s ] mysql:host=127.0.0.1;port=3306;dbname=tp;charset=utf8
[2021-03-07T19:30:02+08:00][sql] SHOW FULL COLUMNS FROM `shop_menu` [ RunTime:0.000993s ]
[2021-03-07T19:30:02+08:00][sql] SELECT * FROM `shop_menu` WHERE  `fid` = 0 [ RunTime:0.000440s ]
[2021-03-07T19:30:02+08:00][sql] SELECT * FROM `shop_menu` WHERE  `fid` = 1 [ RunTime:0.000480s ]
[2021-03-07T19:30:02+08:00][sql] SELECT * FROM `shop_menu` WHERE  `fid` = 4 [ RunTime:0.000325s ]
[2021-03-07T19:30:02+08:00][sql] SELECT * FROM `shop_menu` WHERE  `fid` = 9 [ RunTime:0.000425s ]
[2021-03-07T19:30:02+08:00][sql] SELECT * FROM `shop_menu` WHERE  `fid` = 12 [ RunTime:0.000377s ]
[2021-03-07T19:30:02+08:00][sql] SHOW FULL COLUMNS FROM `shop_goods` [ RunTime:0.000923s ]
[2021-03-07T19:30:02+08:00][sql] SELECT * FROM `shop_goods` [ RunTime:0.000402s ]
[2021-03-07T19:30:20+08:00][sql] CONNECT:[ UseTime:0.000944s ] mysql:host=127.0.0.1;port=3306;dbname=tp;charset=utf8
[2021-03-07T19:30:20+08:00][sql] SHOW FULL COLUMNS FROM `shop_menu` [ RunTime:0.000912s ]
[2021-03-07T19:30:20+08:00][sql] SELECT * FROM `shop_menu` WHERE  `fid` = 0 [ RunTime:0.000295s ]
[2021-03-07T19:30:20+08:00][sql] SELECT * FROM `shop_menu` WHERE  `fid` = 1 [ RunTime:0.000307s ]
[2021-03-07T19:30:20+08:00][sql] SELECT * FROM `shop_menu` WHERE  `fid` = 4 [ RunTime:0.000217s ]
[2021-03-07T19:30:20+08:00][sql] SELECT * FROM `shop_menu` WHERE  `fid` = 9 [ RunTime:0.000204s ]
[2021-03-07T19:30:20+08:00][sql] SELECT * FROM `shop_menu` WHERE  `fid` = 12 [ RunTime:0.000196s ]
[2021-03-07T19:30:20+08:00][sql] SHOW FULL COLUMNS FROM `shop_goods` [ RunTime:0.000582s ]
[2021-03-07T19:30:20+08:00][sql] SELECT * FROM `shop_goods` [ RunTime:0.000337s ]
[2021-03-07T19:33:04+08:00][sql] CONNECT:[ UseTime:0.001008s ] mysql:host=127.0.0.1;port=3306;dbname=tp;charset=utf8
[2021-03-07T19:33:04+08:00][sql] SHOW FULL COLUMNS FROM `shop_menu` [ RunTime:0.002324s ]
[2021-03-07T19:33:04+08:00][sql] SELECT * FROM `shop_menu` WHERE  `fid` = 0 [ RunTime:0.000444s ]
[2021-03-07T19:33:04+08:00][sql] SELECT * FROM `shop_menu` WHERE  `fid` = 1 [ RunTime:0.000441s ]
[2021-03-07T19:33:04+08:00][sql] SELECT * FROM `shop_menu` WHERE  `fid` = 4 [ RunTime:0.000361s ]
[2021-03-07T19:33:04+08:00][sql] SELECT * FROM `shop_menu` WHERE  `fid` = 9 [ RunTime:0.000330s ]
[2021-03-07T19:33:04+08:00][sql] SELECT * FROM `shop_menu` WHERE  `fid` = 12 [ RunTime:0.000344s ]
[2021-03-07T19:33:04+08:00][sql] SHOW FULL COLUMNS FROM `shop_goods` [ RunTime:0.000749s ]
[2021-03-07T19:33:04+08:00][sql] SELECT * FROM `shop_goods` [ RunTime:0.000387s ]
[2021-03-07T19:33:08+08:00][sql] CONNECT:[ UseTime:0.010707s ] mysql:host=127.0.0.1;port=3306;dbname=tp;charset=utf8
[2021-03-07T19:33:08+08:00][sql] SHOW FULL COLUMNS FROM `shop_menu` [ RunTime:0.000700s ]
[2021-03-07T19:33:08+08:00][sql] SELECT * FROM `shop_menu` WHERE  `fid` = 0 [ RunTime:0.000407s ]
[2021-03-07T19:33:08+08:00][sql] SELECT * FROM `shop_menu` WHERE  `fid` = 1 [ RunTime:0.000428s ]
[2021-03-07T19:33:08+08:00][sql] SELECT * FROM `shop_menu` WHERE  `fid` = 4 [ RunTime:0.000316s ]
[2021-03-07T19:33:08+08:00][sql] SELECT * FROM `shop_menu` WHERE  `fid` = 9 [ RunTime:0.000312s ]
[2021-03-07T19:33:08+08:00][sql] SELECT * FROM `shop_menu` WHERE  `fid` = 12 [ RunTime:0.000430s ]
[2021-03-07T19:33:08+08:00][sql] SHOW FULL COLUMNS FROM `shop_goods` [ RunTime:0.000859s ]
[2021-03-07T19:33:08+08:00][sql] SELECT * FROM `shop_goods` [ RunTime:0.001583s ]
[2021-03-07T19:33:21+08:00][sql] CONNECT:[ UseTime:0.011353s ] mysql:host=127.0.0.1;port=3306;dbname=tp;charset=utf8
[2021-03-07T19:33:21+08:00][sql] SHOW FULL COLUMNS FROM `shop_menu` [ RunTime:0.000812s ]
[2021-03-07T19:33:21+08:00][sql] SELECT * FROM `shop_menu` WHERE  `fid` = 0 [ RunTime:0.000395s ]
[2021-03-07T19:33:21+08:00][sql] SELECT * FROM `shop_menu` WHERE  `fid` = 1 [ RunTime:0.000435s ]
[2021-03-07T19:33:21+08:00][sql] SELECT * FROM `shop_menu` WHERE  `fid` = 4 [ RunTime:0.000352s ]
[2021-03-07T19:33:21+08:00][sql] SELECT * FROM `shop_menu` WHERE  `fid` = 9 [ RunTime:0.000362s ]
[2021-03-07T19:33:21+08:00][sql] SELECT * FROM `shop_menu` WHERE  `fid` = 12 [ RunTime:0.000342s ]
[2021-03-07T19:33:21+08:00][sql] SHOW FULL COLUMNS FROM `shop_goods` [ RunTime:0.000675s ]
[2021-03-07T19:33:21+08:00][sql] SELECT * FROM `shop_goods` [ RunTime:0.000357s ]
[2021-03-07T19:33:37+08:00][sql] CONNECT:[ UseTime:0.000925s ] mysql:host=127.0.0.1;port=3306;dbname=tp;charset=utf8
[2021-03-07T19:33:37+08:00][sql] SHOW FULL COLUMNS FROM `shop_menu` [ RunTime:0.001189s ]
[2021-03-07T19:33:37+08:00][sql] SELECT * FROM `shop_menu` WHERE  `fid` = 0 [ RunTime:0.000404s ]
[2021-03-07T19:33:37+08:00][sql] SELECT * FROM `shop_menu` WHERE  `fid` = 1 [ RunTime:0.000676s ]
[2021-03-07T19:33:37+08:00][sql] SELECT * FROM `shop_menu` WHERE  `fid` = 4 [ RunTime:0.000480s ]
[2021-03-07T19:33:37+08:00][sql] SELECT * FROM `shop_menu` WHERE  `fid` = 9 [ RunTime:0.000587s ]
[2021-03-07T19:33:37+08:00][sql] SELECT * FROM `shop_menu` WHERE  `fid` = 12 [ RunTime:0.000933s ]
[2021-03-07T19:33:37+08:00][sql] SHOW FULL COLUMNS FROM `shop_goods` [ RunTime:0.000745s ]
[2021-03-07T19:33:37+08:00][sql] SELECT * FROM `shop_goods` [ RunTime:0.000369s ]
