[2021-03-09T02:32:57+08:00][sql] CONNECT:[ UseTime:0.010972s ] mysql:host=127.0.0.1;port=3306;dbname=tp;charset=utf8
[2021-03-09T02:32:57+08:00][sql] SHOW FULL COLUMNS FROM `shop_menu` [ RunTime:0.000928s ]
[2021-03-09T02:32:57+08:00][sql] SELECT * FROM `shop_menu` WHERE  `fid` = 0 [ RunTime:0.000440s ]
[2021-03-09T02:32:57+08:00][sql] SELECT * FROM `shop_menu` WHERE  `fid` = 1 [ RunTime:0.000408s ]
[2021-03-09T02:32:57+08:00][sql] SELECT * FROM `shop_menu` WHERE  `fid` = 4 [ RunTime:0.000337s ]
[2021-03-09T02:32:57+08:00][sql] SELECT * FROM `shop_menu` WHERE  `fid` = 9 [ RunTime:0.000341s ]
[2021-03-09T02:32:57+08:00][sql] SELECT * FROM `shop_menu` WHERE  `fid` = 12 [ RunTime:0.000328s ]
[2021-03-09T02:32:57+08:00][sql] SHOW FULL COLUMNS FROM `shop_goods` [ RunTime:0.000743s ]
[2021-03-09T02:32:57+08:00][sql] SELECT * FROM `shop_goods` [ RunTime:0.000354s ]
[2021-03-09T02:33:06+08:00][sql] CONNECT:[ UseTime:0.010968s ] mysql:host=127.0.0.1;port=3306;dbname=tp;charset=utf8
[2021-03-09T02:33:06+08:00][sql] SHOW FULL COLUMNS FROM `shop_menu` [ RunTime:0.001975s ]
[2021-03-09T02:33:06+08:00][sql] SELECT * FROM `shop_menu` WHERE  `fid` = 0 [ RunTime:0.001408s ]
[2021-03-09T02:33:06+08:00][sql] SELECT * FROM `shop_menu` WHERE  `fid` = 1 [ RunTime:0.000449s ]
[2021-03-09T02:33:06+08:00][sql] SELECT * FROM `shop_menu` WHERE  `fid` = 4 [ RunTime:0.000382s ]
[2021-03-09T02:33:06+08:00][sql] SELECT * FROM `shop_menu` WHERE  `fid` = 9 [ RunTime:0.000378s ]
[2021-03-09T02:33:06+08:00][sql] SELECT * FROM `shop_menu` WHERE  `fid` = 12 [ RunTime:0.000369s ]
[2021-03-09T02:33:06+08:00][sql] SHOW FULL COLUMNS FROM `shop_goods` [ RunTime:0.001003s ]
[2021-03-09T02:33:06+08:00][sql] SELECT * FROM `shop_goods` [ RunTime:0.000401s ]
[2021-03-09T02:33:08+08:00][sql] CONNECT:[ UseTime:0.001004s ] mysql:host=127.0.0.1;port=3306;dbname=tp;charset=utf8
[2021-03-09T02:33:08+08:00][sql] SHOW FULL COLUMNS FROM `shop_goods` [ RunTime:0.002518s ]
[2021-03-09T02:33:08+08:00][sql] SELECT * FROM `shop_goods` WHERE  `id` = 110 LIMIT 1 [ RunTime:0.000433s ]
[2021-03-09T02:33:08+08:00][sql] SHOW FULL COLUMNS FROM `shop_cat` [ RunTime:0.001360s ]
[2021-03-09T02:33:08+08:00][sql] SELECT * FROM `shop_cat` WHERE  `status` = 1 [ RunTime:0.000497s ]
[2021-03-09T02:33:29+08:00][sql] CONNECT:[ UseTime:0.000983s ] mysql:host=127.0.0.1;port=3306;dbname=tp;charset=utf8
[2021-03-09T02:33:29+08:00][sql] SHOW FULL COLUMNS FROM `shop_menu` [ RunTime:0.002604s ]
[2021-03-09T02:33:29+08:00][sql] SELECT * FROM `shop_menu` WHERE  `fid` = 0 [ RunTime:0.000398s ]
[2021-03-09T02:33:29+08:00][sql] SELECT * FROM `shop_menu` WHERE  `fid` = 1 [ RunTime:0.000299s ]
[2021-03-09T02:33:29+08:00][sql] SELECT * FROM `shop_menu` WHERE  `fid` = 4 [ RunTime:0.000215s ]
[2021-03-09T02:33:29+08:00][sql] SELECT * FROM `shop_menu` WHERE  `fid` = 9 [ RunTime:0.000197s ]
[2021-03-09T02:33:29+08:00][sql] SELECT * FROM `shop_menu` WHERE  `fid` = 12 [ RunTime:0.000193s ]
[2021-03-09T02:33:29+08:00][sql] SHOW FULL COLUMNS FROM `shop_goods` [ RunTime:0.000593s ]
[2021-03-09T02:33:29+08:00][sql] SELECT * FROM `shop_goods` [ RunTime:0.000233s ]
[2021-03-09T02:33:31+08:00][error] [8]未定义变量: shop
[2021-03-09T02:33:55+08:00][sql] CONNECT:[ UseTime:0.001054s ] mysql:host=127.0.0.1;port=3306;dbname=tp;charset=utf8
[2021-03-09T02:33:55+08:00][sql] SHOW FULL COLUMNS FROM `shop_menu` [ RunTime:0.000981s ]
[2021-03-09T02:33:55+08:00][sql] SELECT * FROM `shop_menu` WHERE  `fid` = 0 [ RunTime:0.000480s ]
[2021-03-09T02:33:55+08:00][sql] SELECT * FROM `shop_menu` WHERE  `fid` = 1 [ RunTime:0.000411s ]
[2021-03-09T02:33:55+08:00][sql] SELECT * FROM `shop_menu` WHERE  `fid` = 4 [ RunTime:0.000329s ]
[2021-03-09T02:33:55+08:00][sql] SELECT * FROM `shop_menu` WHERE  `fid` = 9 [ RunTime:0.000497s ]
[2021-03-09T02:33:55+08:00][sql] SELECT * FROM `shop_menu` WHERE  `fid` = 12 [ RunTime:0.000373s ]
[2021-03-09T02:33:55+08:00][sql] SHOW FULL COLUMNS FROM `shop_goods` [ RunTime:0.000809s ]
[2021-03-09T02:33:55+08:00][sql] SELECT * FROM `shop_goods` [ RunTime:0.000387s ]
[2021-03-09T02:33:59+08:00][sql] CONNECT:[ UseTime:0.001194s ] mysql:host=127.0.0.1;port=3306;dbname=tp;charset=utf8
[2021-03-09T02:33:59+08:00][sql] SHOW FULL COLUMNS FROM `shop_menu` [ RunTime:0.001113s ]
[2021-03-09T02:33:59+08:00][sql] SELECT * FROM `shop_menu` WHERE  `fid` = 0 [ RunTime:0.000308s ]
[2021-03-09T02:33:59+08:00][sql] SELECT * FROM `shop_menu` WHERE  `fid` = 1 [ RunTime:0.000372s ]
[2021-03-09T02:33:59+08:00][sql] SELECT * FROM `shop_menu` WHERE  `fid` = 4 [ RunTime:0.000227s ]
[2021-03-09T02:33:59+08:00][sql] SELECT * FROM `shop_menu` WHERE  `fid` = 9 [ RunTime:0.000198s ]
[2021-03-09T02:33:59+08:00][sql] SELECT * FROM `shop_menu` WHERE  `fid` = 12 [ RunTime:0.000218s ]
[2021-03-09T02:33:59+08:00][sql] SHOW FULL COLUMNS FROM `shop_goods` [ RunTime:0.000742s ]
[2021-03-09T02:33:59+08:00][sql] SELECT * FROM `shop_goods` [ RunTime:0.000248s ]
[2021-03-09T22:19:40+08:00][sql] CONNECT:[ UseTime:0.000927s ] mysql:host=127.0.0.1;port=3306;dbname=tp;charset=utf8
[2021-03-09T22:19:40+08:00][sql] SHOW FULL COLUMNS FROM `shop_menu` [ RunTime:0.000803s ]
[2021-03-09T22:19:40+08:00][sql] SELECT * FROM `shop_menu` WHERE  `fid` = 0 [ RunTime:0.000552s ]
[2021-03-09T22:19:40+08:00][sql] SELECT * FROM `shop_menu` WHERE  `fid` = 1 [ RunTime:0.000649s ]
[2021-03-09T22:19:40+08:00][sql] SELECT * FROM `shop_menu` WHERE  `fid` = 4 [ RunTime:0.000360s ]
[2021-03-09T22:19:40+08:00][sql] SELECT * FROM `shop_menu` WHERE  `fid` = 9 [ RunTime:0.000311s ]
[2021-03-09T22:19:40+08:00][sql] SELECT * FROM `shop_menu` WHERE  `fid` = 12 [ RunTime:0.000342s ]
[2021-03-09T22:19:40+08:00][sql] SHOW FULL COLUMNS FROM `shop_goods` [ RunTime:0.000660s ]
[2021-03-09T22:19:40+08:00][sql] SELECT * FROM `shop_goods` [ RunTime:0.000375s ]
[2021-03-09T22:19:48+08:00][sql] CONNECT:[ UseTime:0.000811s ] mysql:host=127.0.0.1;port=3306;dbname=tp;charset=utf8
[2021-03-09T22:19:48+08:00][sql] SHOW FULL COLUMNS FROM `shop_menu` [ RunTime:0.000961s ]
[2021-03-09T22:19:48+08:00][sql] SELECT * FROM `shop_menu` WHERE  `fid` = 0 [ RunTime:0.000369s ]
[2021-03-09T22:19:48+08:00][sql] SELECT * FROM `shop_menu` WHERE  `fid` = 1 [ RunTime:0.000347s ]
[2021-03-09T22:19:48+08:00][sql] SELECT * FROM `shop_menu` WHERE  `fid` = 4 [ RunTime:0.000253s ]
[2021-03-09T22:19:48+08:00][sql] SELECT * FROM `shop_menu` WHERE  `fid` = 9 [ RunTime:0.000262s ]
[2021-03-09T22:19:48+08:00][sql] SELECT * FROM `shop_menu` WHERE  `fid` = 12 [ RunTime:0.000244s ]
[2021-03-09T22:19:48+08:00][sql] SHOW FULL COLUMNS FROM `shop_goods` [ RunTime:0.000656s ]
[2021-03-09T22:19:48+08:00][sql] SELECT * FROM `shop_goods` [ RunTime:0.000548s ]
[2021-03-09T22:19:53+08:00][sql] CONNECT:[ UseTime:0.001205s ] mysql:host=127.0.0.1;port=3306;dbname=tp;charset=utf8
[2021-03-09T22:19:53+08:00][sql] SHOW FULL COLUMNS FROM `shop_menu` [ RunTime:0.001809s ]
[2021-03-09T22:19:53+08:00][sql] SELECT * FROM `shop_menu` WHERE  `fid` = 0 [ RunTime:0.000402s ]
[2021-03-09T22:19:53+08:00][sql] SELECT * FROM `shop_menu` WHERE  `fid` = 1 [ RunTime:0.000439s ]
[2021-03-09T22:19:53+08:00][sql] SELECT * FROM `shop_menu` WHERE  `fid` = 4 [ RunTime:0.000360s ]
[2021-03-09T22:19:53+08:00][sql] SELECT * FROM `shop_menu` WHERE  `fid` = 9 [ RunTime:0.000371s ]
[2021-03-09T22:19:53+08:00][sql] SELECT * FROM `shop_menu` WHERE  `fid` = 12 [ RunTime:0.000441s ]
[2021-03-09T22:19:53+08:00][sql] SHOW FULL COLUMNS FROM `shop_goods` [ RunTime:0.002907s ]
[2021-03-09T22:19:53+08:00][sql] SELECT * FROM `shop_goods` [ RunTime:0.001313s ]
[2021-03-09T22:19:56+08:00][sql] CONNECT:[ UseTime:0.001011s ] mysql:host=127.0.0.1;port=3306;dbname=tp;charset=utf8
[2021-03-09T22:19:56+08:00][sql] SHOW FULL COLUMNS FROM `shop_menu` [ RunTime:0.001022s ]
[2021-03-09T22:19:56+08:00][sql] SELECT * FROM `shop_menu` WHERE  `fid` = 0 [ RunTime:0.001734s ]
[2021-03-09T22:19:56+08:00][sql] SELECT * FROM `shop_menu` WHERE  `fid` = 1 [ RunTime:0.000519s ]
[2021-03-09T22:19:56+08:00][sql] SELECT * FROM `shop_menu` WHERE  `fid` = 4 [ RunTime:0.000349s ]
[2021-03-09T22:19:56+08:00][sql] SELECT * FROM `shop_menu` WHERE  `fid` = 9 [ RunTime:0.000309s ]
[2021-03-09T22:19:56+08:00][sql] SELECT * FROM `shop_menu` WHERE  `fid` = 12 [ RunTime:0.000408s ]
[2021-03-09T22:19:56+08:00][sql] SHOW FULL COLUMNS FROM `shop_goods` [ RunTime:0.000767s ]
[2021-03-09T22:19:56+08:00][sql] SELECT * FROM `shop_goods` [ RunTime:0.000514s ]
[2021-03-09T22:19:58+08:00][sql] CONNECT:[ UseTime:0.002323s ] mysql:host=127.0.0.1;port=3306;dbname=tp;charset=utf8
[2021-03-09T22:19:58+08:00][sql] SHOW FULL COLUMNS FROM `shop_menu` [ RunTime:0.001172s ]
[2021-03-09T22:19:58+08:00][sql] SELECT * FROM `shop_menu` WHERE  `fid` = 0 [ RunTime:0.000904s ]
[2021-03-09T22:19:58+08:00][sql] SELECT * FROM `shop_menu` WHERE  `fid` = 1 [ RunTime:0.000534s ]
[2021-03-09T22:19:58+08:00][sql] SELECT * FROM `shop_menu` WHERE  `fid` = 4 [ RunTime:0.000450s ]
[2021-03-09T22:19:58+08:00][sql] SELECT * FROM `shop_menu` WHERE  `fid` = 9 [ RunTime:0.002301s ]
[2021-03-09T22:19:58+08:00][sql] SELECT * FROM `shop_menu` WHERE  `fid` = 12 [ RunTime:0.000490s ]
[2021-03-09T22:19:58+08:00][sql] SHOW FULL COLUMNS FROM `shop_goods` [ RunTime:0.000925s ]
[2021-03-09T22:19:58+08:00][sql] SELECT * FROM `shop_goods` [ RunTime:0.000442s ]
[2021-03-09T22:20:01+08:00][sql] CONNECT:[ UseTime:0.000925s ] mysql:host=127.0.0.1;port=3306;dbname=tp;charset=utf8
[2021-03-09T22:20:01+08:00][sql] SHOW FULL COLUMNS FROM `shop_menu` [ RunTime:0.001580s ]
[2021-03-09T22:20:01+08:00][sql] SELECT * FROM `shop_menu` WHERE  `fid` = 0 [ RunTime:0.001241s ]
[2021-03-09T22:20:01+08:00][sql] SELECT * FROM `shop_menu` WHERE  `fid` = 1 [ RunTime:0.000433s ]
[2021-03-09T22:20:01+08:00][sql] SELECT * FROM `shop_menu` WHERE  `fid` = 4 [ RunTime:0.000353s ]
[2021-03-09T22:20:01+08:00][sql] SELECT * FROM `shop_menu` WHERE  `fid` = 9 [ RunTime:0.000319s ]
[2021-03-09T22:20:01+08:00][sql] SELECT * FROM `shop_menu` WHERE  `fid` = 12 [ RunTime:0.000348s ]
[2021-03-09T22:20:01+08:00][sql] SHOW FULL COLUMNS FROM `shop_goods` [ RunTime:0.000700s ]
[2021-03-09T22:20:01+08:00][sql] SELECT * FROM `shop_goods` [ RunTime:0.000370s ]
[2021-03-09T22:20:03+08:00][sql] CONNECT:[ UseTime:0.000928s ] mysql:host=127.0.0.1;port=3306;dbname=tp;charset=utf8
[2021-03-09T22:20:03+08:00][sql] SHOW FULL COLUMNS FROM `shop_menu` [ RunTime:0.000768s ]
[2021-03-09T22:20:03+08:00][sql] SELECT * FROM `shop_menu` WHERE  `fid` = 0 [ RunTime:0.000402s ]
[2021-03-09T22:20:03+08:00][sql] SELECT * FROM `shop_menu` WHERE  `fid` = 1 [ RunTime:0.000773s ]
[2021-03-09T22:20:03+08:00][sql] SELECT * FROM `shop_menu` WHERE  `fid` = 4 [ RunTime:0.002123s ]
[2021-03-09T22:20:03+08:00][sql] SELECT * FROM `shop_menu` WHERE  `fid` = 9 [ RunTime:0.000597s ]
[2021-03-09T22:20:03+08:00][sql] SELECT * FROM `shop_menu` WHERE  `fid` = 12 [ RunTime:0.000436s ]
[2021-03-09T22:20:03+08:00][sql] SHOW FULL COLUMNS FROM `shop_goods` [ RunTime:0.001020s ]
[2021-03-09T22:20:03+08:00][sql] SELECT * FROM `shop_goods` [ RunTime:0.000403s ]
[2021-03-09T22:20:06+08:00][sql] CONNECT:[ UseTime:0.002464s ] mysql:host=127.0.0.1;port=3306;dbname=tp;charset=utf8
[2021-03-09T22:20:06+08:00][sql] SHOW FULL COLUMNS FROM `shop_menu` [ RunTime:0.001402s ]
[2021-03-09T22:20:06+08:00][sql] SELECT * FROM `shop_menu` WHERE  `fid` = 0 [ RunTime:0.000417s ]
[2021-03-09T22:20:06+08:00][sql] SELECT * FROM `shop_menu` WHERE  `fid` = 1 [ RunTime:0.000551s ]
[2021-03-09T22:20:06+08:00][sql] SELECT * FROM `shop_menu` WHERE  `fid` = 4 [ RunTime:0.000567s ]
[2021-03-09T22:20:06+08:00][sql] SELECT * FROM `shop_menu` WHERE  `fid` = 9 [ RunTime:0.000472s ]
[2021-03-09T22:20:06+08:00][sql] SELECT * FROM `shop_menu` WHERE  `fid` = 12 [ RunTime:0.000353s ]
[2021-03-09T22:20:06+08:00][sql] SHOW FULL COLUMNS FROM `shop_goods` [ RunTime:0.000695s ]
[2021-03-09T22:20:06+08:00][sql] SELECT * FROM `shop_goods` [ RunTime:0.000343s ]
[2021-03-09T22:20:10+08:00][sql] CONNECT:[ UseTime:0.010088s ] mysql:host=127.0.0.1;port=3306;dbname=tp;charset=utf8
[2021-03-09T22:20:10+08:00][sql] SHOW FULL COLUMNS FROM `shop_menu` [ RunTime:0.000717s ]
[2021-03-09T22:20:10+08:00][sql] SELECT * FROM `shop_menu` WHERE  `fid` = 0 [ RunTime:0.000385s ]
[2021-03-09T22:20:10+08:00][sql] SELECT * FROM `shop_menu` WHERE  `fid` = 1 [ RunTime:0.000379s ]
[2021-03-09T22:20:10+08:00][sql] SELECT * FROM `shop_menu` WHERE  `fid` = 4 [ RunTime:0.000341s ]
[2021-03-09T22:20:10+08:00][sql] SELECT * FROM `shop_menu` WHERE  `fid` = 9 [ RunTime:0.000351s ]
[2021-03-09T22:20:10+08:00][sql] SELECT * FROM `shop_menu` WHERE  `fid` = 12 [ RunTime:0.000340s ]
[2021-03-09T22:20:10+08:00][sql] SHOW FULL COLUMNS FROM `shop_goods` [ RunTime:0.000740s ]
[2021-03-09T22:20:10+08:00][sql] SELECT * FROM `shop_goods` [ RunTime:0.000379s ]
[2021-03-09T22:20:13+08:00][sql] CONNECT:[ UseTime:0.000905s ] mysql:host=127.0.0.1;port=3306;dbname=tp;charset=utf8
[2021-03-09T22:20:13+08:00][sql] SHOW FULL COLUMNS FROM `shop_menu` [ RunTime:0.000744s ]
[2021-03-09T22:20:13+08:00][sql] SELECT * FROM `shop_menu` WHERE  `fid` = 0 [ RunTime:0.000408s ]
[2021-03-09T22:20:13+08:00][sql] SELECT * FROM `shop_menu` WHERE  `fid` = 1 [ RunTime:0.000365s ]
[2021-03-09T22:20:13+08:00][sql] SELECT * FROM `shop_menu` WHERE  `fid` = 4 [ RunTime:0.000426s ]
[2021-03-09T22:20:13+08:00][sql] SELECT * FROM `shop_menu` WHERE  `fid` = 9 [ RunTime:0.000370s ]
[2021-03-09T22:20:13+08:00][sql] SELECT * FROM `shop_menu` WHERE  `fid` = 12 [ RunTime:0.000550s ]
[2021-03-09T22:20:13+08:00][sql] SHOW FULL COLUMNS FROM `shop_goods` [ RunTime:0.002118s ]
[2021-03-09T22:20:13+08:00][sql] SELECT * FROM `shop_goods` [ RunTime:0.000273s ]
[2021-03-09T22:20:15+08:00][sql] CONNECT:[ UseTime:0.010759s ] mysql:host=127.0.0.1;port=3306;dbname=tp;charset=utf8
[2021-03-09T22:20:15+08:00][sql] SHOW FULL COLUMNS FROM `shop_menu` [ RunTime:0.000775s ]
[2021-03-09T22:20:15+08:00][sql] SELECT * FROM `shop_menu` WHERE  `fid` = 0 [ RunTime:0.000380s ]
[2021-03-09T22:20:15+08:00][sql] SELECT * FROM `shop_menu` WHERE  `fid` = 1 [ RunTime:0.000426s ]
[2021-03-09T22:20:15+08:00][sql] SELECT * FROM `shop_menu` WHERE  `fid` = 4 [ RunTime:0.000344s ]
[2021-03-09T22:20:15+08:00][sql] SELECT * FROM `shop_menu` WHERE  `fid` = 9 [ RunTime:0.000380s ]
[2021-03-09T22:20:15+08:00][sql] SELECT * FROM `shop_menu` WHERE  `fid` = 12 [ RunTime:0.000340s ]
[2021-03-09T22:20:15+08:00][sql] SHOW FULL COLUMNS FROM `shop_goods` [ RunTime:0.000988s ]
[2021-03-09T22:20:15+08:00][sql] SELECT * FROM `shop_goods` [ RunTime:0.000628s ]
[2021-03-09T22:20:18+08:00][sql] CONNECT:[ UseTime:0.001315s ] mysql:host=127.0.0.1;port=3306;dbname=tp;charset=utf8
[2021-03-09T22:20:18+08:00][sql] SHOW FULL COLUMNS FROM `shop_menu` [ RunTime:0.002124s ]
[2021-03-09T22:20:18+08:00][sql] SELECT * FROM `shop_menu` WHERE  `fid` = 0 [ RunTime:0.000513s ]
[2021-03-09T22:20:18+08:00][sql] SELECT * FROM `shop_menu` WHERE  `fid` = 1 [ RunTime:0.000398s ]
[2021-03-09T22:20:18+08:00][sql] SELECT * FROM `shop_menu` WHERE  `fid` = 4 [ RunTime:0.000340s ]
[2021-03-09T22:20:18+08:00][sql] SELECT * FROM `shop_menu` WHERE  `fid` = 9 [ RunTime:0.000340s ]
[2021-03-09T22:20:18+08:00][sql] SELECT * FROM `shop_menu` WHERE  `fid` = 12 [ RunTime:0.000345s ]
[2021-03-09T22:20:18+08:00][sql] SHOW FULL COLUMNS FROM `shop_goods` [ RunTime:0.000769s ]
[2021-03-09T22:20:18+08:00][sql] SELECT * FROM `shop_goods` [ RunTime:0.000488s ]
[2021-03-09T22:20:21+08:00][sql] CONNECT:[ UseTime:0.010385s ] mysql:host=127.0.0.1;port=3306;dbname=tp;charset=utf8
[2021-03-09T22:20:21+08:00][sql] SHOW FULL COLUMNS FROM `shop_menu` [ RunTime:0.000680s ]
[2021-03-09T22:20:21+08:00][sql] SELECT * FROM `shop_menu` WHERE  `fid` = 0 [ RunTime:0.000384s ]
[2021-03-09T22:20:21+08:00][sql] SELECT * FROM `shop_menu` WHERE  `fid` = 1 [ RunTime:0.000543s ]
[2021-03-09T22:20:21+08:00][sql] SELECT * FROM `shop_menu` WHERE  `fid` = 4 [ RunTime:0.000332s ]
[2021-03-09T22:20:21+08:00][sql] SELECT * FROM `shop_menu` WHERE  `fid` = 9 [ RunTime:0.000351s ]
[2021-03-09T22:20:21+08:00][sql] SELECT * FROM `shop_menu` WHERE  `fid` = 12 [ RunTime:0.000346s ]
[2021-03-09T22:20:21+08:00][sql] SHOW FULL COLUMNS FROM `shop_goods` [ RunTime:0.000683s ]
[2021-03-09T22:20:21+08:00][sql] SELECT * FROM `shop_goods` [ RunTime:0.000409s ]
[2021-03-09T22:21:25+08:00][sql] CONNECT:[ UseTime:0.000910s ] mysql:host=127.0.0.1;port=3306;dbname=tp;charset=utf8
[2021-03-09T22:21:25+08:00][sql] SHOW FULL COLUMNS FROM `shop_menu` [ RunTime:0.001044s ]
[2021-03-09T22:21:25+08:00][sql] SELECT * FROM `shop_menu` WHERE  `fid` = 0 [ RunTime:0.000396s ]
[2021-03-09T22:21:25+08:00][sql] SELECT * FROM `shop_menu` WHERE  `fid` = 1 [ RunTime:0.000498s ]
[2021-03-09T22:21:25+08:00][sql] SELECT * FROM `shop_menu` WHERE  `fid` = 4 [ RunTime:0.000431s ]
[2021-03-09T22:21:25+08:00][sql] SELECT * FROM `shop_menu` WHERE  `fid` = 9 [ RunTime:0.000570s ]
[2021-03-09T22:21:25+08:00][sql] SELECT * FROM `shop_menu` WHERE  `fid` = 12 [ RunTime:0.001127s ]
[2021-03-09T22:21:25+08:00][sql] SHOW FULL COLUMNS FROM `shop_goods` [ RunTime:0.000885s ]
[2021-03-09T22:21:25+08:00][sql] SELECT * FROM `shop_goods` [ RunTime:0.001767s ]
[2021-03-09T22:22:02+08:00][sql] CONNECT:[ UseTime:0.001007s ] mysql:host=127.0.0.1;port=3306;dbname=tp;charset=utf8
[2021-03-09T22:22:02+08:00][sql] SHOW FULL COLUMNS FROM `shop_menu` [ RunTime:0.001164s ]
[2021-03-09T22:22:02+08:00][sql] SELECT * FROM `shop_menu` WHERE  `fid` = 0 [ RunTime:0.000548s ]
[2021-03-09T22:22:02+08:00][sql] SELECT * FROM `shop_menu` WHERE  `fid` = 1 [ RunTime:0.000576s ]
[2021-03-09T22:22:02+08:00][sql] SELECT * FROM `shop_menu` WHERE  `fid` = 4 [ RunTime:0.000564s ]
[2021-03-09T22:22:02+08:00][sql] SELECT * FROM `shop_menu` WHERE  `fid` = 9 [ RunTime:0.000394s ]
[2021-03-09T22:22:02+08:00][sql] SELECT * FROM `shop_menu` WHERE  `fid` = 12 [ RunTime:0.001837s ]
[2021-03-09T22:22:02+08:00][sql] SHOW FULL COLUMNS FROM `shop_goods` [ RunTime:0.000711s ]
[2021-03-09T22:22:02+08:00][sql] SELECT * FROM `shop_goods` [ RunTime:0.000289s ]
[2021-03-09T22:23:14+08:00][sql] CONNECT:[ UseTime:0.011351s ] mysql:host=127.0.0.1;port=3306;dbname=tp;charset=utf8
[2021-03-09T22:23:14+08:00][sql] SHOW FULL COLUMNS FROM `shop_menu` [ RunTime:0.000771s ]
[2021-03-09T22:23:14+08:00][sql] SELECT * FROM `shop_menu` WHERE  `fid` = 0 [ RunTime:0.000378s ]
[2021-03-09T22:23:14+08:00][sql] SELECT * FROM `shop_menu` WHERE  `fid` = 1 [ RunTime:0.000425s ]
[2021-03-09T22:23:14+08:00][sql] SELECT * FROM `shop_menu` WHERE  `fid` = 4 [ RunTime:0.000327s ]
[2021-03-09T22:23:14+08:00][sql] SELECT * FROM `shop_menu` WHERE  `fid` = 9 [ RunTime:0.000326s ]
[2021-03-09T22:23:14+08:00][sql] SELECT * FROM `shop_menu` WHERE  `fid` = 12 [ RunTime:0.000283s ]
[2021-03-09T22:23:14+08:00][sql] SHOW FULL COLUMNS FROM `shop_goods` [ RunTime:0.000695s ]
[2021-03-09T22:23:14+08:00][sql] SELECT * FROM `shop_goods` [ RunTime:0.000373s ]
[2021-03-09T22:23:44+08:00][sql] CONNECT:[ UseTime:0.010320s ] mysql:host=127.0.0.1;port=3306;dbname=tp;charset=utf8
[2021-03-09T22:23:44+08:00][sql] SHOW FULL COLUMNS FROM `shop_menu` [ RunTime:0.000766s ]
[2021-03-09T22:23:44+08:00][sql] SELECT * FROM `shop_menu` WHERE  `fid` = 0 [ RunTime:0.000393s ]
[2021-03-09T22:23:44+08:00][sql] SELECT * FROM `shop_menu` WHERE  `fid` = 1 [ RunTime:0.000433s ]
[2021-03-09T22:23:44+08:00][sql] SELECT * FROM `shop_menu` WHERE  `fid` = 4 [ RunTime:0.000321s ]
[2021-03-09T22:23:44+08:00][sql] SELECT * FROM `shop_menu` WHERE  `fid` = 9 [ RunTime:0.000300s ]
[2021-03-09T22:23:44+08:00][sql] SELECT * FROM `shop_menu` WHERE  `fid` = 12 [ RunTime:0.000314s ]
[2021-03-09T22:23:44+08:00][sql] SHOW FULL COLUMNS FROM `shop_goods` [ RunTime:0.000627s ]
[2021-03-09T22:23:44+08:00][sql] SELECT * FROM `shop_goods` [ RunTime:0.000351s ]
[2021-03-09T22:25:52+08:00][sql] CONNECT:[ UseTime:0.009806s ] mysql:host=127.0.0.1;port=3306;dbname=tp;charset=utf8
[2021-03-09T22:25:52+08:00][sql] SHOW FULL COLUMNS FROM `shop_menu` [ RunTime:0.001067s ]
[2021-03-09T22:25:52+08:00][sql] SELECT * FROM `shop_menu` WHERE  `fid` = 0 [ RunTime:0.001538s ]
[2021-03-09T22:25:52+08:00][sql] SELECT * FROM `shop_menu` WHERE  `fid` = 1 [ RunTime:0.000431s ]
[2021-03-09T22:25:52+08:00][sql] SELECT * FROM `shop_menu` WHERE  `fid` = 4 [ RunTime:0.000314s ]
[2021-03-09T22:25:52+08:00][sql] SELECT * FROM `shop_menu` WHERE  `fid` = 9 [ RunTime:0.000335s ]
[2021-03-09T22:25:52+08:00][sql] SELECT * FROM `shop_menu` WHERE  `fid` = 12 [ RunTime:0.000335s ]
[2021-03-09T22:25:52+08:00][sql] SHOW FULL COLUMNS FROM `shop_goods` [ RunTime:0.000696s ]
[2021-03-09T22:25:52+08:00][sql] SELECT * FROM `shop_goods` [ RunTime:0.000367s ]
[2021-03-09T22:38:31+08:00][sql] CONNECT:[ UseTime:0.001052s ] mysql:host=127.0.0.1;port=3306;dbname=tp;charset=utf8
[2021-03-09T22:38:31+08:00][sql] SHOW FULL COLUMNS FROM `shop_menu` [ RunTime:0.000641s ]
[2021-03-09T22:38:31+08:00][sql] SELECT * FROM `shop_menu` WHERE  `fid` = 0 [ RunTime:0.000340s ]
[2021-03-09T22:38:31+08:00][sql] SELECT * FROM `shop_menu` WHERE  `fid` = 1 [ RunTime:0.000748s ]
[2021-03-09T22:38:31+08:00][sql] SELECT * FROM `shop_menu` WHERE  `fid` = 4 [ RunTime:0.000789s ]
[2021-03-09T22:38:31+08:00][sql] SELECT * FROM `shop_menu` WHERE  `fid` = 9 [ RunTime:0.000409s ]
[2021-03-09T22:38:31+08:00][sql] SELECT * FROM `shop_menu` WHERE  `fid` = 12 [ RunTime:0.000425s ]
[2021-03-09T22:38:31+08:00][sql] SHOW FULL COLUMNS FROM `shop_goods` [ RunTime:0.001583s ]
[2021-03-09T22:38:31+08:00][sql] SELECT * FROM `shop_goods` [ RunTime:0.000378s ]
[2021-03-09T22:38:40+08:00][sql] CONNECT:[ UseTime:0.001452s ] mysql:host=127.0.0.1;port=3306;dbname=tp;charset=utf8
[2021-03-09T22:38:40+08:00][sql] SHOW FULL COLUMNS FROM `shop_menu` [ RunTime:0.000767s ]
[2021-03-09T22:38:40+08:00][sql] SELECT * FROM `shop_menu` WHERE  `fid` = 0 [ RunTime:0.000367s ]
[2021-03-09T22:38:40+08:00][sql] SELECT * FROM `shop_menu` WHERE  `fid` = 1 [ RunTime:0.000429s ]
[2021-03-09T22:38:40+08:00][sql] SELECT * FROM `shop_menu` WHERE  `fid` = 4 [ RunTime:0.000358s ]
[2021-03-09T22:38:40+08:00][sql] SELECT * FROM `shop_menu` WHERE  `fid` = 9 [ RunTime:0.000353s ]
[2021-03-09T22:38:40+08:00][sql] SELECT * FROM `shop_menu` WHERE  `fid` = 12 [ RunTime:0.000345s ]
[2021-03-09T22:38:40+08:00][sql] SHOW FULL COLUMNS FROM `shop_goods` [ RunTime:0.000739s ]
[2021-03-09T22:38:40+08:00][sql] SELECT * FROM `shop_goods` [ RunTime:0.000367s ]
[2021-03-09T22:38:43+08:00][sql] CONNECT:[ UseTime:0.011201s ] mysql:host=127.0.0.1;port=3306;dbname=tp;charset=utf8
[2021-03-09T22:38:43+08:00][sql] SHOW FULL COLUMNS FROM `shop_menu` [ RunTime:0.002341s ]
[2021-03-09T22:38:43+08:00][sql] SELECT * FROM `shop_menu` WHERE  `fid` = 0 [ RunTime:0.000373s ]
[2021-03-09T22:38:43+08:00][sql] SELECT * FROM `shop_menu` WHERE  `fid` = 1 [ RunTime:0.000378s ]
[2021-03-09T22:38:43+08:00][sql] SELECT * FROM `shop_menu` WHERE  `fid` = 4 [ RunTime:0.000278s ]
[2021-03-09T22:38:43+08:00][sql] SELECT * FROM `shop_menu` WHERE  `fid` = 9 [ RunTime:0.000257s ]
[2021-03-09T22:38:43+08:00][sql] SELECT * FROM `shop_menu` WHERE  `fid` = 12 [ RunTime:0.000236s ]
[2021-03-09T22:38:43+08:00][sql] SHOW FULL COLUMNS FROM `shop_goods` [ RunTime:0.000620s ]
[2021-03-09T22:38:43+08:00][sql] SELECT * FROM `shop_goods` [ RunTime:0.000245s ]
[2021-03-09T22:38:47+08:00][sql] CONNECT:[ UseTime:0.001934s ] mysql:host=127.0.0.1;port=3306;dbname=tp;charset=utf8
[2021-03-09T22:38:47+08:00][sql] SHOW FULL COLUMNS FROM `shop_menu` [ RunTime:0.000873s ]
[2021-03-09T22:38:47+08:00][sql] SELECT * FROM `shop_menu` WHERE  `fid` = 0 [ RunTime:0.000510s ]
[2021-03-09T22:38:47+08:00][sql] SELECT * FROM `shop_menu` WHERE  `fid` = 1 [ RunTime:0.000698s ]
[2021-03-09T22:38:47+08:00][sql] SELECT * FROM `shop_menu` WHERE  `fid` = 4 [ RunTime:0.000998s ]
[2021-03-09T22:38:47+08:00][sql] SELECT * FROM `shop_menu` WHERE  `fid` = 9 [ RunTime:0.000367s ]
[2021-03-09T22:38:47+08:00][sql] SELECT * FROM `shop_menu` WHERE  `fid` = 12 [ RunTime:0.000338s ]
[2021-03-09T22:38:47+08:00][sql] SHOW FULL COLUMNS FROM `shop_goods` [ RunTime:0.000787s ]
[2021-03-09T22:38:47+08:00][sql] SELECT * FROM `shop_goods` [ RunTime:0.000400s ]
[2021-03-09T22:38:51+08:00][sql] CONNECT:[ UseTime:0.000902s ] mysql:host=127.0.0.1;port=3306;dbname=tp;charset=utf8
[2021-03-09T22:38:51+08:00][sql] SHOW FULL COLUMNS FROM `shop_menu` [ RunTime:0.000749s ]
[2021-03-09T22:38:51+08:00][sql] SELECT * FROM `shop_menu` WHERE  `fid` = 0 [ RunTime:0.000360s ]
[2021-03-09T22:38:51+08:00][sql] SELECT * FROM `shop_menu` WHERE  `fid` = 1 [ RunTime:0.000397s ]
[2021-03-09T22:38:51+08:00][sql] SELECT * FROM `shop_menu` WHERE  `fid` = 4 [ RunTime:0.000343s ]
[2021-03-09T22:38:51+08:00][sql] SELECT * FROM `shop_menu` WHERE  `fid` = 9 [ RunTime:0.000312s ]
[2021-03-09T22:38:51+08:00][sql] SELECT * FROM `shop_menu` WHERE  `fid` = 12 [ RunTime:0.000341s ]
[2021-03-09T22:38:51+08:00][sql] SHOW FULL COLUMNS FROM `shop_goods` [ RunTime:0.000777s ]
[2021-03-09T22:38:51+08:00][sql] SELECT * FROM `shop_goods` [ RunTime:0.000380s ]
[2021-03-09T22:38:55+08:00][sql] CONNECT:[ UseTime:0.003244s ] mysql:host=127.0.0.1;port=3306;dbname=tp;charset=utf8
[2021-03-09T22:38:55+08:00][sql] SHOW FULL COLUMNS FROM `shop_menu` [ RunTime:0.001521s ]
[2021-03-09T22:38:55+08:00][sql] SELECT * FROM `shop_menu` WHERE  `fid` = 0 [ RunTime:0.000769s ]
[2021-03-09T22:38:55+08:00][sql] SELECT * FROM `shop_menu` WHERE  `fid` = 1 [ RunTime:0.001061s ]
[2021-03-09T22:38:55+08:00][sql] SELECT * FROM `shop_menu` WHERE  `fid` = 4 [ RunTime:0.000404s ]
[2021-03-09T22:38:55+08:00][sql] SELECT * FROM `shop_menu` WHERE  `fid` = 9 [ RunTime:0.000351s ]
[2021-03-09T22:38:55+08:00][sql] SELECT * FROM `shop_menu` WHERE  `fid` = 12 [ RunTime:0.000372s ]
[2021-03-09T22:38:55+08:00][sql] SHOW FULL COLUMNS FROM `shop_goods` [ RunTime:0.000914s ]
[2021-03-09T22:38:55+08:00][sql] SELECT * FROM `shop_goods` [ RunTime:0.000400s ]
[2021-03-09T22:38:59+08:00][sql] CONNECT:[ UseTime:0.000888s ] mysql:host=127.0.0.1;port=3306;dbname=tp;charset=utf8
[2021-03-09T22:38:59+08:00][sql] SHOW FULL COLUMNS FROM `shop_menu` [ RunTime:0.000733s ]
[2021-03-09T22:38:59+08:00][sql] SELECT * FROM `shop_menu` WHERE  `fid` = 0 [ RunTime:0.000377s ]
[2021-03-09T22:38:59+08:00][sql] SELECT * FROM `shop_menu` WHERE  `fid` = 1 [ RunTime:0.000411s ]
[2021-03-09T22:38:59+08:00][sql] SELECT * FROM `shop_menu` WHERE  `fid` = 4 [ RunTime:0.000290s ]
[2021-03-09T22:38:59+08:00][sql] SELECT * FROM `shop_menu` WHERE  `fid` = 9 [ RunTime:0.000343s ]
[2021-03-09T22:38:59+08:00][sql] SELECT * FROM `shop_menu` WHERE  `fid` = 12 [ RunTime:0.000340s ]
[2021-03-09T22:38:59+08:00][sql] SHOW FULL COLUMNS FROM `shop_goods` [ RunTime:0.000715s ]
[2021-03-09T22:38:59+08:00][sql] SELECT * FROM `shop_goods` [ RunTime:0.000398s ]
[2021-03-09T22:39:03+08:00][sql] CONNECT:[ UseTime:0.000866s ] mysql:host=127.0.0.1;port=3306;dbname=tp;charset=utf8
[2021-03-09T22:39:03+08:00][sql] SHOW FULL COLUMNS FROM `shop_menu` [ RunTime:0.001625s ]
[2021-03-09T22:39:03+08:00][sql] SELECT * FROM `shop_menu` WHERE  `fid` = 0 [ RunTime:0.000496s ]
[2021-03-09T22:39:03+08:00][sql] SELECT * FROM `shop_menu` WHERE  `fid` = 1 [ RunTime:0.000351s ]
[2021-03-09T22:39:03+08:00][sql] SELECT * FROM `shop_menu` WHERE  `fid` = 4 [ RunTime:0.000355s ]
[2021-03-09T22:39:03+08:00][sql] SELECT * FROM `shop_menu` WHERE  `fid` = 9 [ RunTime:0.000338s ]
[2021-03-09T22:39:03+08:00][sql] SELECT * FROM `shop_menu` WHERE  `fid` = 12 [ RunTime:0.000339s ]
[2021-03-09T22:39:03+08:00][sql] SHOW FULL COLUMNS FROM `shop_goods` [ RunTime:0.000766s ]
[2021-03-09T22:39:03+08:00][sql] SELECT * FROM `shop_goods` [ RunTime:0.000440s ]
[2021-03-09T22:39:06+08:00][sql] CONNECT:[ UseTime:0.002092s ] mysql:host=127.0.0.1;port=3306;dbname=tp;charset=utf8
[2021-03-09T22:39:06+08:00][sql] SHOW FULL COLUMNS FROM `shop_menu` [ RunTime:0.000705s ]
[2021-03-09T22:39:06+08:00][sql] SELECT * FROM `shop_menu` WHERE  `fid` = 0 [ RunTime:0.000409s ]
[2021-03-09T22:39:06+08:00][sql] SELECT * FROM `shop_menu` WHERE  `fid` = 1 [ RunTime:0.000414s ]
[2021-03-09T22:39:06+08:00][sql] SELECT * FROM `shop_menu` WHERE  `fid` = 4 [ RunTime:0.000394s ]
[2021-03-09T22:39:06+08:00][sql] SELECT * FROM `shop_menu` WHERE  `fid` = 9 [ RunTime:0.000346s ]
[2021-03-09T22:39:06+08:00][sql] SELECT * FROM `shop_menu` WHERE  `fid` = 12 [ RunTime:0.000403s ]
[2021-03-09T22:39:06+08:00][sql] SHOW FULL COLUMNS FROM `shop_goods` [ RunTime:0.000916s ]
[2021-03-09T22:39:06+08:00][sql] SELECT * FROM `shop_goods` [ RunTime:0.000641s ]
[2021-03-09T22:39:59+08:00][sql] CONNECT:[ UseTime:0.001002s ] mysql:host=127.0.0.1;port=3306;dbname=tp;charset=utf8
[2021-03-09T22:39:59+08:00][sql] SHOW FULL COLUMNS FROM `shop_menu` [ RunTime:0.000788s ]
[2021-03-09T22:39:59+08:00][sql] SELECT * FROM `shop_menu` WHERE  `fid` = 0 [ RunTime:0.000377s ]
[2021-03-09T22:39:59+08:00][sql] SELECT * FROM `shop_menu` WHERE  `fid` = 1 [ RunTime:0.000398s ]
[2021-03-09T22:39:59+08:00][sql] SELECT * FROM `shop_menu` WHERE  `fid` = 4 [ RunTime:0.000343s ]
[2021-03-09T22:39:59+08:00][sql] SELECT * FROM `shop_menu` WHERE  `fid` = 9 [ RunTime:0.000367s ]
[2021-03-09T22:39:59+08:00][sql] SELECT * FROM `shop_menu` WHERE  `fid` = 12 [ RunTime:0.000302s ]
[2021-03-09T22:39:59+08:00][sql] SHOW FULL COLUMNS FROM `shop_goods` [ RunTime:0.000736s ]
[2021-03-09T22:39:59+08:00][sql] SELECT * FROM `shop_goods` [ RunTime:0.000369s ]
[2021-03-09T22:40:03+08:00][sql] CONNECT:[ UseTime:0.000926s ] mysql:host=127.0.0.1;port=3306;dbname=tp;charset=utf8
[2021-03-09T22:40:03+08:00][sql] SHOW FULL COLUMNS FROM `shop_menu` [ RunTime:0.000902s ]
[2021-03-09T22:40:03+08:00][sql] SELECT * FROM `shop_menu` WHERE  `fid` = 0 [ RunTime:0.000406s ]
[2021-03-09T22:40:03+08:00][sql] SELECT * FROM `shop_menu` WHERE  `fid` = 1 [ RunTime:0.000427s ]
[2021-03-09T22:40:03+08:00][sql] SELECT * FROM `shop_menu` WHERE  `fid` = 4 [ RunTime:0.000320s ]
[2021-03-09T22:40:03+08:00][sql] SELECT * FROM `shop_menu` WHERE  `fid` = 9 [ RunTime:0.000349s ]
[2021-03-09T22:40:03+08:00][sql] SELECT * FROM `shop_menu` WHERE  `fid` = 12 [ RunTime:0.000339s ]
[2021-03-09T22:40:03+08:00][sql] SHOW FULL COLUMNS FROM `shop_goods` [ RunTime:0.000757s ]
[2021-03-09T22:40:03+08:00][sql] SELECT * FROM `shop_goods` [ RunTime:0.000395s ]
[2021-03-09T22:40:07+08:00][sql] CONNECT:[ UseTime:0.010202s ] mysql:host=127.0.0.1;port=3306;dbname=tp;charset=utf8
[2021-03-09T22:40:07+08:00][sql] SHOW FULL COLUMNS FROM `shop_menu` [ RunTime:0.000904s ]
[2021-03-09T22:40:07+08:00][sql] SELECT * FROM `shop_menu` WHERE  `fid` = 0 [ RunTime:0.000409s ]
[2021-03-09T22:40:07+08:00][sql] SELECT * FROM `shop_menu` WHERE  `fid` = 1 [ RunTime:0.000448s ]
[2021-03-09T22:40:07+08:00][sql] SELECT * FROM `shop_menu` WHERE  `fid` = 4 [ RunTime:0.001176s ]
[2021-03-09T22:40:07+08:00][sql] SELECT * FROM `shop_menu` WHERE  `fid` = 9 [ RunTime:0.000489s ]
[2021-03-09T22:40:07+08:00][sql] SELECT * FROM `shop_menu` WHERE  `fid` = 12 [ RunTime:0.000345s ]
[2021-03-09T22:40:07+08:00][sql] SHOW FULL COLUMNS FROM `shop_goods` [ RunTime:0.000713s ]
[2021-03-09T22:40:07+08:00][sql] SELECT * FROM `shop_goods` [ RunTime:0.000377s ]
[2021-03-09T22:40:21+08:00][sql] CONNECT:[ UseTime:0.011452s ] mysql:host=127.0.0.1;port=3306;dbname=tp;charset=utf8
[2021-03-09T22:40:21+08:00][sql] SHOW FULL COLUMNS FROM `shop_menu` [ RunTime:0.001570s ]
[2021-03-09T22:40:21+08:00][sql] SELECT * FROM `shop_menu` WHERE  `fid` = 0 [ RunTime:0.000485s ]
[2021-03-09T22:40:21+08:00][sql] SELECT * FROM `shop_menu` WHERE  `fid` = 1 [ RunTime:0.000401s ]
[2021-03-09T22:40:21+08:00][sql] SELECT * FROM `shop_menu` WHERE  `fid` = 4 [ RunTime:0.000306s ]
[2021-03-09T22:40:21+08:00][sql] SELECT * FROM `shop_menu` WHERE  `fid` = 9 [ RunTime:0.000335s ]
[2021-03-09T22:40:21+08:00][sql] SELECT * FROM `shop_menu` WHERE  `fid` = 12 [ RunTime:0.000349s ]
[2021-03-09T22:40:21+08:00][sql] SHOW FULL COLUMNS FROM `shop_goods` [ RunTime:0.000721s ]
[2021-03-09T22:40:21+08:00][sql] SELECT * FROM `shop_goods` [ RunTime:0.000364s ]
[2021-03-09T22:44:02+08:00][sql] CONNECT:[ UseTime:0.011425s ] mysql:host=127.0.0.1;port=3306;dbname=tp;charset=utf8
[2021-03-09T22:44:02+08:00][sql] SHOW FULL COLUMNS FROM `shop_menu` [ RunTime:0.001009s ]
[2021-03-09T22:44:02+08:00][sql] SELECT * FROM `shop_menu` WHERE  `fid` = 0 [ RunTime:0.000364s ]
[2021-03-09T22:44:02+08:00][sql] SELECT * FROM `shop_menu` WHERE  `fid` = 1 [ RunTime:0.000387s ]
[2021-03-09T22:44:02+08:00][sql] SELECT * FROM `shop_menu` WHERE  `fid` = 4 [ RunTime:0.000235s ]
[2021-03-09T22:44:02+08:00][sql] SELECT * FROM `shop_menu` WHERE  `fid` = 9 [ RunTime:0.000272s ]
[2021-03-09T22:44:02+08:00][sql] SELECT * FROM `shop_menu` WHERE  `fid` = 12 [ RunTime:0.000279s ]
[2021-03-09T22:44:02+08:00][sql] SHOW FULL COLUMNS FROM `shop_goods` [ RunTime:0.000673s ]
[2021-03-09T22:44:02+08:00][sql] SELECT * FROM `shop_goods` [ RunTime:0.000383s ]
[2021-03-09T22:44:07+08:00][sql] CONNECT:[ UseTime:0.004278s ] mysql:host=127.0.0.1;port=3306;dbname=tp;charset=utf8
[2021-03-09T22:44:07+08:00][sql] SHOW FULL COLUMNS FROM `shop_menu` [ RunTime:0.001377s ]
[2021-03-09T22:44:07+08:00][sql] SELECT * FROM `shop_menu` WHERE  `fid` = 0 [ RunTime:0.000574s ]
[2021-03-09T22:44:07+08:00][sql] SELECT * FROM `shop_menu` WHERE  `fid` = 1 [ RunTime:0.000513s ]
[2021-03-09T22:44:07+08:00][sql] SELECT * FROM `shop_menu` WHERE  `fid` = 4 [ RunTime:0.001056s ]
[2021-03-09T22:44:07+08:00][sql] SELECT * FROM `shop_menu` WHERE  `fid` = 9 [ RunTime:0.000389s ]
[2021-03-09T22:44:07+08:00][sql] SELECT * FROM `shop_menu` WHERE  `fid` = 12 [ RunTime:0.000354s ]
[2021-03-09T22:44:07+08:00][sql] SHOW FULL COLUMNS FROM `shop_goods` [ RunTime:0.000744s ]
[2021-03-09T22:44:07+08:00][sql] SELECT * FROM `shop_goods` [ RunTime:0.000432s ]
[2021-03-09T22:44:10+08:00][sql] CONNECT:[ UseTime:0.010843s ] mysql:host=127.0.0.1;port=3306;dbname=tp;charset=utf8
[2021-03-09T22:44:10+08:00][sql] SHOW FULL COLUMNS FROM `shop_menu` [ RunTime:0.001025s ]
[2021-03-09T22:44:10+08:00][sql] SELECT * FROM `shop_menu` WHERE  `fid` = 0 [ RunTime:0.000402s ]
[2021-03-09T22:44:10+08:00][sql] SELECT * FROM `shop_menu` WHERE  `fid` = 1 [ RunTime:0.000405s ]
[2021-03-09T22:44:10+08:00][sql] SELECT * FROM `shop_menu` WHERE  `fid` = 4 [ RunTime:0.000347s ]
[2021-03-09T22:44:10+08:00][sql] SELECT * FROM `shop_menu` WHERE  `fid` = 9 [ RunTime:0.000346s ]
[2021-03-09T22:44:10+08:00][sql] SELECT * FROM `shop_menu` WHERE  `fid` = 12 [ RunTime:0.000340s ]
[2021-03-09T22:44:10+08:00][sql] SHOW FULL COLUMNS FROM `shop_goods` [ RunTime:0.000761s ]
[2021-03-09T22:44:10+08:00][sql] SELECT * FROM `shop_goods` [ RunTime:0.000383s ]
[2021-03-09T22:44:13+08:00][sql] CONNECT:[ UseTime:0.009894s ] mysql:host=127.0.0.1;port=3306;dbname=tp;charset=utf8
[2021-03-09T22:44:13+08:00][sql] SHOW FULL COLUMNS FROM `shop_menu` [ RunTime:0.001003s ]
[2021-03-09T22:44:13+08:00][sql] SELECT * FROM `shop_menu` WHERE  `fid` = 0 [ RunTime:0.000293s ]
[2021-03-09T22:44:13+08:00][sql] SELECT * FROM `shop_menu` WHERE  `fid` = 1 [ RunTime:0.000321s ]
[2021-03-09T22:44:13+08:00][sql] SELECT * FROM `shop_menu` WHERE  `fid` = 4 [ RunTime:0.000232s ]
[2021-03-09T22:44:13+08:00][sql] SELECT * FROM `shop_menu` WHERE  `fid` = 9 [ RunTime:0.000286s ]
[2021-03-09T22:44:13+08:00][sql] SELECT * FROM `shop_menu` WHERE  `fid` = 12 [ RunTime:0.000367s ]
[2021-03-09T22:44:13+08:00][sql] SHOW FULL COLUMNS FROM `shop_goods` [ RunTime:0.000977s ]
[2021-03-09T22:44:13+08:00][sql] SELECT * FROM `shop_goods` [ RunTime:0.001984s ]
[2021-03-09T22:44:16+08:00][sql] CONNECT:[ UseTime:0.000942s ] mysql:host=127.0.0.1;port=3306;dbname=tp;charset=utf8
[2021-03-09T22:44:16+08:00][sql] SHOW FULL COLUMNS FROM `shop_menu` [ RunTime:0.000762s ]
[2021-03-09T22:44:16+08:00][sql] SELECT * FROM `shop_menu` WHERE  `fid` = 0 [ RunTime:0.000429s ]
[2021-03-09T22:44:16+08:00][sql] SELECT * FROM `shop_menu` WHERE  `fid` = 1 [ RunTime:0.000473s ]
[2021-03-09T22:44:16+08:00][sql] SELECT * FROM `shop_menu` WHERE  `fid` = 4 [ RunTime:0.000507s ]
[2021-03-09T22:44:16+08:00][sql] SELECT * FROM `shop_menu` WHERE  `fid` = 9 [ RunTime:0.001828s ]
[2021-03-09T22:44:16+08:00][sql] SELECT * FROM `shop_menu` WHERE  `fid` = 12 [ RunTime:0.002131s ]
[2021-03-09T22:44:16+08:00][sql] SHOW FULL COLUMNS FROM `shop_goods` [ RunTime:0.001037s ]
[2021-03-09T22:44:16+08:00][sql] SELECT * FROM `shop_goods` [ RunTime:0.000532s ]
[2021-03-09T22:44:18+08:00][sql] CONNECT:[ UseTime:0.001269s ] mysql:host=127.0.0.1;port=3306;dbname=tp;charset=utf8
[2021-03-09T22:44:18+08:00][sql] SHOW FULL COLUMNS FROM `shop_menu` [ RunTime:0.000755s ]
[2021-03-09T22:44:18+08:00][sql] SELECT * FROM `shop_menu` WHERE  `fid` = 0 [ RunTime:0.000420s ]
[2021-03-09T22:44:18+08:00][sql] SELECT * FROM `shop_menu` WHERE  `fid` = 1 [ RunTime:0.000366s ]
[2021-03-09T22:44:18+08:00][sql] SELECT * FROM `shop_menu` WHERE  `fid` = 4 [ RunTime:0.000388s ]
[2021-03-09T22:44:18+08:00][sql] SELECT * FROM `shop_menu` WHERE  `fid` = 9 [ RunTime:0.000326s ]
[2021-03-09T22:44:18+08:00][sql] SELECT * FROM `shop_menu` WHERE  `fid` = 12 [ RunTime:0.000339s ]
[2021-03-09T22:44:18+08:00][sql] SHOW FULL COLUMNS FROM `shop_goods` [ RunTime:0.000693s ]
[2021-03-09T22:44:18+08:00][sql] SELECT * FROM `shop_goods` [ RunTime:0.000372s ]
[2021-03-09T23:50:50+08:00][sql] CONNECT:[ UseTime:0.001399s ] mysql:host=127.0.0.1;port=3306;dbname=tp;charset=utf8
[2021-03-09T23:50:50+08:00][sql] SHOW FULL COLUMNS FROM `shop_menu` [ RunTime:0.001264s ]
[2021-03-09T23:50:50+08:00][sql] SELECT * FROM `shop_menu` WHERE  `fid` = 0 [ RunTime:0.000451s ]
[2021-03-09T23:50:50+08:00][sql] SELECT * FROM `shop_menu` WHERE  `fid` = 1 [ RunTime:0.000408s ]
[2021-03-09T23:50:50+08:00][sql] SELECT * FROM `shop_menu` WHERE  `fid` = 4 [ RunTime:0.000360s ]
[2021-03-09T23:50:50+08:00][sql] SELECT * FROM `shop_menu` WHERE  `fid` = 9 [ RunTime:0.000395s ]
[2021-03-09T23:50:50+08:00][sql] SELECT * FROM `shop_menu` WHERE  `fid` = 12 [ RunTime:0.000411s ]
[2021-03-09T23:50:50+08:00][sql] SHOW FULL COLUMNS FROM `shop_goods` [ RunTime:0.001221s ]
[2021-03-09T23:50:50+08:00][sql] SELECT * FROM `shop_goods` [ RunTime:0.000484s ]
[2021-03-09T23:52:03+08:00][sql] CONNECT:[ UseTime:0.010109s ] mysql:host=127.0.0.1;port=3306;dbname=tp;charset=utf8
[2021-03-09T23:52:03+08:00][sql] SHOW FULL COLUMNS FROM `shop_menu` [ RunTime:0.000896s ]
[2021-03-09T23:52:03+08:00][sql] SELECT * FROM `shop_menu` WHERE  `fid` = 0 [ RunTime:0.000397s ]
[2021-03-09T23:52:03+08:00][sql] SELECT * FROM `shop_menu` WHERE  `fid` = 1 [ RunTime:0.000463s ]
[2021-03-09T23:52:03+08:00][sql] SELECT * FROM `shop_menu` WHERE  `fid` = 4 [ RunTime:0.000353s ]
[2021-03-09T23:52:03+08:00][sql] SELECT * FROM `shop_menu` WHERE  `fid` = 9 [ RunTime:0.000431s ]
[2021-03-09T23:52:03+08:00][sql] SELECT * FROM `shop_menu` WHERE  `fid` = 12 [ RunTime:0.000344s ]
[2021-03-09T23:52:03+08:00][sql] SHOW FULL COLUMNS FROM `shop_goods` [ RunTime:0.000741s ]
[2021-03-09T23:52:03+08:00][sql] SELECT * FROM `shop_goods` [ RunTime:0.000378s ]
[2021-03-09T23:52:24+08:00][sql] CONNECT:[ UseTime:0.010945s ] mysql:host=127.0.0.1;port=3306;dbname=tp;charset=utf8
[2021-03-09T23:52:24+08:00][sql] SHOW FULL COLUMNS FROM `shop_menu` [ RunTime:0.003318s ]
[2021-03-09T23:52:24+08:00][sql] SELECT * FROM `shop_menu` WHERE  `fid` = 0 [ RunTime:0.000412s ]
[2021-03-09T23:52:24+08:00][sql] SELECT * FROM `shop_menu` WHERE  `fid` = 1 [ RunTime:0.000385s ]
[2021-03-09T23:52:24+08:00][sql] SELECT * FROM `shop_menu` WHERE  `fid` = 4 [ RunTime:0.000341s ]
[2021-03-09T23:52:24+08:00][sql] SELECT * FROM `shop_menu` WHERE  `fid` = 9 [ RunTime:0.000322s ]
[2021-03-09T23:52:24+08:00][sql] SELECT * FROM `shop_menu` WHERE  `fid` = 12 [ RunTime:0.000290s ]
[2021-03-09T23:52:24+08:00][sql] SHOW FULL COLUMNS FROM `shop_goods` [ RunTime:0.000774s ]
[2021-03-09T23:52:24+08:00][sql] SELECT * FROM `shop_goods` [ RunTime:0.000380s ]
