[2021-03-10T00:15:26+08:00][sql] CONNECT:[ UseTime:0.001010s ] mysql:host=127.0.0.1;port=3306;dbname=tp;charset=utf8
[2021-03-10T00:15:26+08:00][sql] SHOW FULL COLUMNS FROM `shop_menu` [ RunTime:0.001381s ]
[2021-03-10T00:15:26+08:00][sql] SELECT * FROM `shop_menu` WHERE  `fid` = 0 [ RunTime:0.000497s ]
[2021-03-10T00:15:26+08:00][sql] SELECT * FROM `shop_menu` WHERE  `fid` = 1 [ RunTime:0.001166s ]
[2021-03-10T00:15:26+08:00][sql] SELECT * FROM `shop_menu` WHERE  `fid` = 4 [ RunTime:0.000893s ]
[2021-03-10T00:15:26+08:00][sql] SELECT * FROM `shop_menu` WHERE  `fid` = 9 [ RunTime:0.000515s ]
[2021-03-10T00:15:26+08:00][sql] SELECT * FROM `shop_menu` WHERE  `fid` = 12 [ RunTime:0.000504s ]
[2021-03-10T00:15:26+08:00][sql] SHOW FULL COLUMNS FROM `shop_goods` [ RunTime:0.001121s ]
[2021-03-10T00:15:26+08:00][sql] SELECT * FROM `shop_goods` [ RunTime:0.000327s ]
[2021-03-10T00:15:28+08:00][sql] CONNECT:[ UseTime:0.011356s ] mysql:host=127.0.0.1;port=3306;dbname=tp;charset=utf8
[2021-03-10T00:15:28+08:00][sql] SHOW FULL COLUMNS FROM `shop_goods` [ RunTime:0.000953s ]
[2021-03-10T00:15:28+08:00][sql] SELECT * FROM `shop_goods` WHERE  `id` = 140 LIMIT 1 [ RunTime:0.001112s ]
[2021-03-10T00:15:28+08:00][sql] SHOW FULL COLUMNS FROM `shop_cat` [ RunTime:0.000906s ]
[2021-03-10T00:15:28+08:00][sql] SELECT * FROM `shop_cat` WHERE  `status` = 1 [ RunTime:0.000394s ]
[2021-03-10T00:15:35+08:00][sql] CONNECT:[ UseTime:0.001012s ] mysql:host=127.0.0.1;port=3306;dbname=tp;charset=utf8
[2021-03-10T00:15:35+08:00][sql] SHOW FULL COLUMNS FROM `shop_menu` [ RunTime:0.000702s ]
[2021-03-10T00:15:35+08:00][sql] SELECT * FROM `shop_menu` WHERE  `fid` = 0 [ RunTime:0.000415s ]
[2021-03-10T00:15:35+08:00][sql] SELECT * FROM `shop_menu` WHERE  `fid` = 1 [ RunTime:0.000477s ]
[2021-03-10T00:15:35+08:00][sql] SELECT * FROM `shop_menu` WHERE  `fid` = 4 [ RunTime:0.000351s ]
[2021-03-10T00:15:35+08:00][sql] SELECT * FROM `shop_menu` WHERE  `fid` = 9 [ RunTime:0.000339s ]
[2021-03-10T00:15:35+08:00][sql] SELECT * FROM `shop_menu` WHERE  `fid` = 12 [ RunTime:0.000339s ]
[2021-03-10T00:15:35+08:00][sql] SHOW FULL COLUMNS FROM `shop_goods` [ RunTime:0.000733s ]
[2021-03-10T00:15:35+08:00][sql] SELECT * FROM `shop_goods` [ RunTime:0.000432s ]
[2021-03-10T00:15:39+08:00][sql] CONNECT:[ UseTime:0.010878s ] mysql:host=127.0.0.1;port=3306;dbname=tp;charset=utf8
[2021-03-10T00:15:39+08:00][sql] SHOW FULL COLUMNS FROM `shop_goods` [ RunTime:0.000900s ]
[2021-03-10T00:15:39+08:00][sql] SELECT * FROM `shop_goods` WHERE  `id` = 145 LIMIT 1 [ RunTime:0.000425s ]
[2021-03-10T00:15:39+08:00][sql] SHOW FULL COLUMNS FROM `shop_cat` [ RunTime:0.000722s ]
[2021-03-10T00:15:39+08:00][sql] SELECT * FROM `shop_cat` WHERE  `status` = 1 [ RunTime:0.000392s ]
[2021-03-10T00:15:46+08:00][sql] CONNECT:[ UseTime:0.010036s ] mysql:host=127.0.0.1;port=3306;dbname=tp;charset=utf8
[2021-03-10T00:15:46+08:00][sql] SHOW FULL COLUMNS FROM `shop_menu` [ RunTime:0.000844s ]
[2021-03-10T00:15:46+08:00][sql] SELECT * FROM `shop_menu` WHERE  `fid` = 0 [ RunTime:0.000371s ]
[2021-03-10T00:15:46+08:00][sql] SELECT * FROM `shop_menu` WHERE  `fid` = 1 [ RunTime:0.000519s ]
[2021-03-10T00:15:46+08:00][sql] SELECT * FROM `shop_menu` WHERE  `fid` = 4 [ RunTime:0.000354s ]
[2021-03-10T00:15:46+08:00][sql] SELECT * FROM `shop_menu` WHERE  `fid` = 9 [ RunTime:0.000349s ]
[2021-03-10T00:15:46+08:00][sql] SELECT * FROM `shop_menu` WHERE  `fid` = 12 [ RunTime:0.000360s ]
[2021-03-10T00:15:46+08:00][sql] SHOW FULL COLUMNS FROM `shop_goods` [ RunTime:0.000835s ]
[2021-03-10T00:15:46+08:00][sql] SELECT * FROM `shop_goods` [ RunTime:0.000466s ]
[2021-03-10T00:16:17+08:00][sql] CONNECT:[ UseTime:0.000922s ] mysql:host=127.0.0.1;port=3306;dbname=tp;charset=utf8
[2021-03-10T00:16:17+08:00][sql] SHOW FULL COLUMNS FROM `shop_menu` [ RunTime:0.000994s ]
[2021-03-10T00:16:17+08:00][sql] SELECT * FROM `shop_menu` WHERE  `fid` = 0 [ RunTime:0.000474s ]
[2021-03-10T00:16:17+08:00][sql] SELECT * FROM `shop_menu` WHERE  `fid` = 1 [ RunTime:0.000502s ]
[2021-03-10T00:16:17+08:00][sql] SELECT * FROM `shop_menu` WHERE  `fid` = 4 [ RunTime:0.000534s ]
[2021-03-10T00:16:17+08:00][sql] SELECT * FROM `shop_menu` WHERE  `fid` = 9 [ RunTime:0.001733s ]
[2021-03-10T00:16:17+08:00][sql] SELECT * FROM `shop_menu` WHERE  `fid` = 12 [ RunTime:0.000345s ]
[2021-03-10T00:16:17+08:00][sql] SHOW FULL COLUMNS FROM `shop_goods` [ RunTime:0.000803s ]
[2021-03-10T00:16:17+08:00][sql] SELECT * FROM `shop_goods` [ RunTime:0.000473s ]
[2021-03-10T00:16:20+08:00][sql] CONNECT:[ UseTime:0.010496s ] mysql:host=127.0.0.1;port=3306;dbname=tp;charset=utf8
[2021-03-10T00:16:20+08:00][sql] SHOW FULL COLUMNS FROM `shop_menu` [ RunTime:0.001222s ]
[2021-03-10T00:16:20+08:00][sql] SELECT * FROM `shop_menu` WHERE  `fid` = 0 [ RunTime:0.000539s ]
[2021-03-10T00:16:20+08:00][sql] SELECT * FROM `shop_menu` WHERE  `fid` = 1 [ RunTime:0.000459s ]
[2021-03-10T00:16:20+08:00][sql] SELECT * FROM `shop_menu` WHERE  `fid` = 4 [ RunTime:0.000344s ]
[2021-03-10T00:16:20+08:00][sql] SELECT * FROM `shop_menu` WHERE  `fid` = 9 [ RunTime:0.000354s ]
[2021-03-10T00:16:20+08:00][sql] SELECT * FROM `shop_menu` WHERE  `fid` = 12 [ RunTime:0.000341s ]
[2021-03-10T00:16:20+08:00][sql] SHOW FULL COLUMNS FROM `shop_goods` [ RunTime:0.000781s ]
[2021-03-10T00:16:20+08:00][sql] SELECT * FROM `shop_goods` [ RunTime:0.000386s ]
[2021-03-10T00:16:23+08:00][sql] CONNECT:[ UseTime:0.009802s ] mysql:host=127.0.0.1;port=3306;dbname=tp;charset=utf8
[2021-03-10T00:16:23+08:00][sql] SHOW FULL COLUMNS FROM `shop_menu` [ RunTime:0.000754s ]
[2021-03-10T00:16:23+08:00][sql] SELECT * FROM `shop_menu` WHERE  `fid` = 0 [ RunTime:0.000479s ]
[2021-03-10T00:16:23+08:00][sql] SELECT * FROM `shop_menu` WHERE  `fid` = 1 [ RunTime:0.000384s ]
[2021-03-10T00:16:23+08:00][sql] SELECT * FROM `shop_menu` WHERE  `fid` = 4 [ RunTime:0.000381s ]
[2021-03-10T00:16:23+08:00][sql] SELECT * FROM `shop_menu` WHERE  `fid` = 9 [ RunTime:0.000310s ]
[2021-03-10T00:16:23+08:00][sql] SELECT * FROM `shop_menu` WHERE  `fid` = 12 [ RunTime:0.000327s ]
[2021-03-10T00:16:23+08:00][sql] SHOW FULL COLUMNS FROM `shop_goods` [ RunTime:0.000732s ]
[2021-03-10T00:16:23+08:00][sql] SELECT * FROM `shop_goods` [ RunTime:0.000338s ]
[2021-03-10T00:16:26+08:00][sql] CONNECT:[ UseTime:0.001087s ] mysql:host=127.0.0.1;port=3306;dbname=tp;charset=utf8
[2021-03-10T00:16:26+08:00][sql] SHOW FULL COLUMNS FROM `shop_menu` [ RunTime:0.000738s ]
[2021-03-10T00:16:26+08:00][sql] SELECT * FROM `shop_menu` WHERE  `fid` = 0 [ RunTime:0.000407s ]
[2021-03-10T00:16:26+08:00][sql] SELECT * FROM `shop_menu` WHERE  `fid` = 1 [ RunTime:0.000462s ]
[2021-03-10T00:16:26+08:00][sql] SELECT * FROM `shop_menu` WHERE  `fid` = 4 [ RunTime:0.000323s ]
[2021-03-10T00:16:26+08:00][sql] SELECT * FROM `shop_menu` WHERE  `fid` = 9 [ RunTime:0.000347s ]
[2021-03-10T00:16:26+08:00][sql] SELECT * FROM `shop_menu` WHERE  `fid` = 12 [ RunTime:0.000334s ]
[2021-03-10T00:16:26+08:00][sql] SHOW FULL COLUMNS FROM `shop_goods` [ RunTime:0.000753s ]
[2021-03-10T00:16:26+08:00][sql] SELECT * FROM `shop_goods` [ RunTime:0.000396s ]
[2021-03-10T00:16:32+08:00][sql] CONNECT:[ UseTime:0.000928s ] mysql:host=127.0.0.1;port=3306;dbname=tp;charset=utf8
[2021-03-10T00:16:32+08:00][sql] SHOW FULL COLUMNS FROM `shop_menu` [ RunTime:0.000771s ]
[2021-03-10T00:16:32+08:00][sql] SELECT * FROM `shop_menu` WHERE  `fid` = 0 [ RunTime:0.000406s ]
[2021-03-10T00:16:32+08:00][sql] SELECT * FROM `shop_menu` WHERE  `fid` = 1 [ RunTime:0.000408s ]
[2021-03-10T00:16:32+08:00][sql] SELECT * FROM `shop_menu` WHERE  `fid` = 4 [ RunTime:0.000351s ]
[2021-03-10T00:16:32+08:00][sql] SELECT * FROM `shop_menu` WHERE  `fid` = 9 [ RunTime:0.000335s ]
[2021-03-10T00:16:32+08:00][sql] SELECT * FROM `shop_menu` WHERE  `fid` = 12 [ RunTime:0.000330s ]
[2021-03-10T00:16:32+08:00][sql] SHOW FULL COLUMNS FROM `shop_goods` [ RunTime:0.000754s ]
[2021-03-10T00:16:32+08:00][sql] SELECT * FROM `shop_goods` [ RunTime:0.000424s ]
[2021-03-10T00:16:39+08:00][sql] CONNECT:[ UseTime:0.000934s ] mysql:host=127.0.0.1;port=3306;dbname=tp;charset=utf8
[2021-03-10T00:16:39+08:00][sql] SHOW FULL COLUMNS FROM `shop_menu` [ RunTime:0.000877s ]
[2021-03-10T00:16:39+08:00][sql] SELECT * FROM `shop_menu` WHERE  `fid` = 0 [ RunTime:0.000451s ]
[2021-03-10T00:16:39+08:00][sql] SELECT * FROM `shop_menu` WHERE  `fid` = 1 [ RunTime:0.000459s ]
[2021-03-10T00:16:39+08:00][sql] SELECT * FROM `shop_menu` WHERE  `fid` = 4 [ RunTime:0.000368s ]
[2021-03-10T00:16:39+08:00][sql] SELECT * FROM `shop_menu` WHERE  `fid` = 9 [ RunTime:0.000350s ]
[2021-03-10T00:16:39+08:00][sql] SELECT * FROM `shop_menu` WHERE  `fid` = 12 [ RunTime:0.000364s ]
[2021-03-10T00:16:39+08:00][sql] SHOW FULL COLUMNS FROM `shop_goods` [ RunTime:0.000725s ]
[2021-03-10T00:16:39+08:00][sql] SELECT * FROM `shop_goods` [ RunTime:0.000375s ]
[2021-03-10T00:16:41+08:00][sql] CONNECT:[ UseTime:0.000909s ] mysql:host=127.0.0.1;port=3306;dbname=tp;charset=utf8
[2021-03-10T00:16:41+08:00][sql] SHOW FULL COLUMNS FROM `shop_goods` [ RunTime:0.000792s ]
[2021-03-10T00:16:41+08:00][sql] SELECT * FROM `shop_goods` WHERE  `id` = 135 LIMIT 1 [ RunTime:0.000497s ]
[2021-03-10T00:16:41+08:00][sql] SHOW FULL COLUMNS FROM `shop_cat` [ RunTime:0.001249s ]
[2021-03-10T00:16:41+08:00][sql] SELECT * FROM `shop_cat` WHERE  `status` = 1 [ RunTime:0.000793s ]
[2021-03-10T00:16:48+08:00][sql] CONNECT:[ UseTime:0.000946s ] mysql:host=127.0.0.1;port=3306;dbname=tp;charset=utf8
[2021-03-10T00:16:48+08:00][sql] SHOW FULL COLUMNS FROM `shop_menu` [ RunTime:0.000781s ]
[2021-03-10T00:16:48+08:00][sql] SELECT * FROM `shop_menu` WHERE  `fid` = 0 [ RunTime:0.000378s ]
[2021-03-10T00:16:48+08:00][sql] SELECT * FROM `shop_menu` WHERE  `fid` = 1 [ RunTime:0.000374s ]
[2021-03-10T00:16:48+08:00][sql] SELECT * FROM `shop_menu` WHERE  `fid` = 4 [ RunTime:0.000353s ]
[2021-03-10T00:16:48+08:00][sql] SELECT * FROM `shop_menu` WHERE  `fid` = 9 [ RunTime:0.000356s ]
[2021-03-10T00:16:48+08:00][sql] SELECT * FROM `shop_menu` WHERE  `fid` = 12 [ RunTime:0.000338s ]
[2021-03-10T00:16:48+08:00][sql] SHOW FULL COLUMNS FROM `shop_goods` [ RunTime:0.000853s ]
[2021-03-10T00:16:48+08:00][sql] SELECT * FROM `shop_goods` [ RunTime:0.000354s ]
[2021-03-10T00:16:50+08:00][sql] CONNECT:[ UseTime:0.001135s ] mysql:host=127.0.0.1;port=3306;dbname=tp;charset=utf8
[2021-03-10T00:16:50+08:00][sql] SHOW FULL COLUMNS FROM `shop_goods` [ RunTime:0.000980s ]
[2021-03-10T00:16:50+08:00][sql] SELECT * FROM `shop_goods` WHERE  `id` = 140 LIMIT 1 [ RunTime:0.000407s ]
[2021-03-10T00:16:50+08:00][sql] SHOW FULL COLUMNS FROM `shop_cat` [ RunTime:0.000718s ]
[2021-03-10T00:16:50+08:00][sql] SELECT * FROM `shop_cat` WHERE  `status` = 1 [ RunTime:0.000373s ]
[2021-03-10T00:16:58+08:00][sql] CONNECT:[ UseTime:0.000973s ] mysql:host=127.0.0.1;port=3306;dbname=tp;charset=utf8
[2021-03-10T00:16:58+08:00][sql] SHOW FULL COLUMNS FROM `shop_menu` [ RunTime:0.000806s ]
[2021-03-10T00:16:58+08:00][sql] SELECT * FROM `shop_menu` WHERE  `fid` = 0 [ RunTime:0.000541s ]
[2021-03-10T00:16:58+08:00][sql] SELECT * FROM `shop_menu` WHERE  `fid` = 1 [ RunTime:0.000459s ]
[2021-03-10T00:16:58+08:00][sql] SELECT * FROM `shop_menu` WHERE  `fid` = 4 [ RunTime:0.000349s ]
[2021-03-10T00:16:58+08:00][sql] SELECT * FROM `shop_menu` WHERE  `fid` = 9 [ RunTime:0.000344s ]
[2021-03-10T00:16:58+08:00][sql] SELECT * FROM `shop_menu` WHERE  `fid` = 12 [ RunTime:0.000352s ]
[2021-03-10T00:16:58+08:00][sql] SHOW FULL COLUMNS FROM `shop_goods` [ RunTime:0.001002s ]
[2021-03-10T00:16:58+08:00][sql] SELECT * FROM `shop_goods` [ RunTime:0.000420s ]
[2021-03-10T00:21:22+08:00][sql] CONNECT:[ UseTime:0.000923s ] mysql:host=127.0.0.1;port=3306;dbname=tp;charset=utf8
[2021-03-10T00:21:22+08:00][sql] SHOW FULL COLUMNS FROM `shop_goods` [ RunTime:0.000838s ]
[2021-03-10T00:21:22+08:00][sql] SELECT * FROM `shop_goods` WHERE  `id` = 140 LIMIT 1 [ RunTime:0.000505s ]
[2021-03-10T00:21:22+08:00][sql] SHOW FULL COLUMNS FROM `shop_cat` [ RunTime:0.000696s ]
[2021-03-10T00:21:22+08:00][sql] SELECT * FROM `shop_cat` WHERE  `status` = 1 [ RunTime:0.001685s ]
[2021-03-10T00:21:29+08:00][sql] CONNECT:[ UseTime:0.000953s ] mysql:host=127.0.0.1;port=3306;dbname=tp;charset=utf8
[2021-03-10T00:21:29+08:00][sql] SHOW FULL COLUMNS FROM `shop_menu` [ RunTime:0.000765s ]
[2021-03-10T00:21:29+08:00][sql] SELECT * FROM `shop_menu` WHERE  `fid` = 0 [ RunTime:0.000362s ]
[2021-03-10T00:21:29+08:00][sql] SELECT * FROM `shop_menu` WHERE  `fid` = 1 [ RunTime:0.000505s ]
[2021-03-10T00:21:29+08:00][sql] SELECT * FROM `shop_menu` WHERE  `fid` = 4 [ RunTime:0.000382s ]
[2021-03-10T00:21:29+08:00][sql] SELECT * FROM `shop_menu` WHERE  `fid` = 9 [ RunTime:0.000363s ]
[2021-03-10T00:21:29+08:00][sql] SELECT * FROM `shop_menu` WHERE  `fid` = 12 [ RunTime:0.000356s ]
[2021-03-10T00:21:29+08:00][sql] SHOW FULL COLUMNS FROM `shop_goods` [ RunTime:0.000775s ]
[2021-03-10T00:21:29+08:00][sql] SELECT * FROM `shop_goods` [ RunTime:0.000422s ]
[2021-03-10T00:21:32+08:00][sql] CONNECT:[ UseTime:0.011272s ] mysql:host=127.0.0.1;port=3306;dbname=tp;charset=utf8
[2021-03-10T00:21:32+08:00][sql] SHOW FULL COLUMNS FROM `shop_goods` [ RunTime:0.002531s ]
[2021-03-10T00:21:32+08:00][sql] SELECT * FROM `shop_goods` WHERE  `id` = 133 LIMIT 1 [ RunTime:0.000423s ]
[2021-03-10T00:21:32+08:00][sql] SHOW FULL COLUMNS FROM `shop_cat` [ RunTime:0.000643s ]
[2021-03-10T00:21:32+08:00][sql] SELECT * FROM `shop_cat` WHERE  `status` = 1 [ RunTime:0.000407s ]
[2021-03-10T00:22:16+08:00][sql] CONNECT:[ UseTime:0.001021s ] mysql:host=127.0.0.1;port=3306;dbname=tp;charset=utf8
[2021-03-10T00:22:16+08:00][sql] SHOW FULL COLUMNS FROM `shop_menu` [ RunTime:0.000764s ]
[2021-03-10T00:22:16+08:00][sql] SELECT * FROM `shop_menu` WHERE  `fid` = 0 [ RunTime:0.000343s ]
[2021-03-10T00:22:16+08:00][sql] SELECT * FROM `shop_menu` WHERE  `fid` = 1 [ RunTime:0.000475s ]
[2021-03-10T00:22:16+08:00][sql] SELECT * FROM `shop_menu` WHERE  `fid` = 4 [ RunTime:0.000368s ]
[2021-03-10T00:22:16+08:00][sql] SELECT * FROM `shop_menu` WHERE  `fid` = 9 [ RunTime:0.000311s ]
[2021-03-10T00:22:16+08:00][sql] SELECT * FROM `shop_menu` WHERE  `fid` = 12 [ RunTime:0.000344s ]
[2021-03-10T00:22:16+08:00][sql] SHOW FULL COLUMNS FROM `shop_goods` [ RunTime:0.000844s ]
[2021-03-10T00:22:16+08:00][sql] SELECT * FROM `shop_goods` [ RunTime:0.000398s ]
[2021-03-10T00:22:18+08:00][sql] CONNECT:[ UseTime:0.010484s ] mysql:host=127.0.0.1;port=3306;dbname=tp;charset=utf8
[2021-03-10T00:22:18+08:00][sql] SHOW FULL COLUMNS FROM `shop_goods` [ RunTime:0.000852s ]
[2021-03-10T00:22:18+08:00][sql] SELECT * FROM `shop_goods` WHERE  `id` = 133 LIMIT 1 [ RunTime:0.000388s ]
[2021-03-10T00:22:18+08:00][sql] SHOW FULL COLUMNS FROM `shop_cat` [ RunTime:0.001698s ]
[2021-03-10T00:22:18+08:00][sql] SELECT * FROM `shop_cat` WHERE  `status` = 1 [ RunTime:0.000701s ]
[2021-03-10T00:22:24+08:00][sql] CONNECT:[ UseTime:0.001003s ] mysql:host=127.0.0.1;port=3306;dbname=tp;charset=utf8
[2021-03-10T00:22:24+08:00][sql] SHOW FULL COLUMNS FROM `shop_menu` [ RunTime:0.001072s ]
[2021-03-10T00:22:24+08:00][sql] SELECT * FROM `shop_menu` WHERE  `fid` = 0 [ RunTime:0.000460s ]
[2021-03-10T00:22:24+08:00][sql] SELECT * FROM `shop_menu` WHERE  `fid` = 1 [ RunTime:0.000360s ]
[2021-03-10T00:22:24+08:00][sql] SELECT * FROM `shop_menu` WHERE  `fid` = 4 [ RunTime:0.000326s ]
[2021-03-10T00:22:24+08:00][sql] SELECT * FROM `shop_menu` WHERE  `fid` = 9 [ RunTime:0.000441s ]
[2021-03-10T00:22:24+08:00][sql] SELECT * FROM `shop_menu` WHERE  `fid` = 12 [ RunTime:0.000325s ]
[2021-03-10T00:22:24+08:00][sql] SHOW FULL COLUMNS FROM `shop_goods` [ RunTime:0.000660s ]
[2021-03-10T00:22:24+08:00][sql] SELECT * FROM `shop_goods` [ RunTime:0.000321s ]
[2021-03-10T00:22:27+08:00][sql] CONNECT:[ UseTime:0.000941s ] mysql:host=127.0.0.1;port=3306;dbname=tp;charset=utf8
[2021-03-10T00:22:27+08:00][sql] SHOW FULL COLUMNS FROM `shop_goods` [ RunTime:0.000793s ]
[2021-03-10T00:22:27+08:00][sql] SELECT * FROM `shop_goods` WHERE  `id` = 139 LIMIT 1 [ RunTime:0.000415s ]
[2021-03-10T00:22:27+08:00][sql] SHOW FULL COLUMNS FROM `shop_cat` [ RunTime:0.000660s ]
[2021-03-10T00:22:27+08:00][sql] SELECT * FROM `shop_cat` WHERE  `status` = 1 [ RunTime:0.000414s ]
[2021-03-10T00:25:37+08:00][sql] CONNECT:[ UseTime:0.001376s ] mysql:host=127.0.0.1;port=3306;dbname=tp;charset=utf8
[2021-03-10T00:25:37+08:00][sql] SHOW FULL COLUMNS FROM `shop_menu` [ RunTime:0.000887s ]
[2021-03-10T00:25:37+08:00][sql] SELECT * FROM `shop_menu` WHERE  `fid` = 0 [ RunTime:0.000433s ]
[2021-03-10T00:25:37+08:00][sql] SELECT * FROM `shop_menu` WHERE  `fid` = 1 [ RunTime:0.000398s ]
[2021-03-10T00:25:37+08:00][sql] SELECT * FROM `shop_menu` WHERE  `fid` = 4 [ RunTime:0.000359s ]
[2021-03-10T00:25:37+08:00][sql] SELECT * FROM `shop_menu` WHERE  `fid` = 9 [ RunTime:0.000286s ]
[2021-03-10T00:25:37+08:00][sql] SELECT * FROM `shop_menu` WHERE  `fid` = 12 [ RunTime:0.000415s ]
[2021-03-10T00:25:37+08:00][sql] SHOW FULL COLUMNS FROM `shop_goods` [ RunTime:0.000942s ]
[2021-03-10T00:25:37+08:00][sql] SELECT * FROM `shop_goods` [ RunTime:0.000468s ]
[2021-03-10T00:25:39+08:00][sql] CONNECT:[ UseTime:0.001248s ] mysql:host=127.0.0.1;port=3306;dbname=tp;charset=utf8
[2021-03-10T00:25:39+08:00][sql] SHOW FULL COLUMNS FROM `shop_goods` [ RunTime:0.001475s ]
[2021-03-10T00:25:39+08:00][sql] SELECT * FROM `shop_goods` WHERE  `id` = 143 LIMIT 1 [ RunTime:0.000454s ]
[2021-03-10T00:25:39+08:00][sql] SHOW FULL COLUMNS FROM `shop_cat` [ RunTime:0.000666s ]
[2021-03-10T00:25:39+08:00][sql] SELECT * FROM `shop_cat` WHERE  `status` = 1 [ RunTime:0.000441s ]
[2021-03-10T00:25:46+08:00][sql] CONNECT:[ UseTime:0.001036s ] mysql:host=127.0.0.1;port=3306;dbname=tp;charset=utf8
[2021-03-10T00:25:46+08:00][sql] SHOW FULL COLUMNS FROM `shop_menu` [ RunTime:0.000733s ]
[2021-03-10T00:25:46+08:00][sql] SELECT * FROM `shop_menu` WHERE  `fid` = 0 [ RunTime:0.000414s ]
[2021-03-10T00:25:46+08:00][sql] SELECT * FROM `shop_menu` WHERE  `fid` = 1 [ RunTime:0.000401s ]
[2021-03-10T00:25:46+08:00][sql] SELECT * FROM `shop_menu` WHERE  `fid` = 4 [ RunTime:0.000367s ]
[2021-03-10T00:25:46+08:00][sql] SELECT * FROM `shop_menu` WHERE  `fid` = 9 [ RunTime:0.000340s ]
[2021-03-10T00:25:46+08:00][sql] SELECT * FROM `shop_menu` WHERE  `fid` = 12 [ RunTime:0.000342s ]
[2021-03-10T00:25:46+08:00][sql] SHOW FULL COLUMNS FROM `shop_goods` [ RunTime:0.000757s ]
[2021-03-10T00:25:46+08:00][sql] SELECT * FROM `shop_goods` [ RunTime:0.000421s ]
[2021-03-10T00:25:49+08:00][sql] CONNECT:[ UseTime:0.001093s ] mysql:host=127.0.0.1;port=3306;dbname=tp;charset=utf8
[2021-03-10T00:25:49+08:00][sql] SHOW FULL COLUMNS FROM `shop_goods` [ RunTime:0.000816s ]
[2021-03-10T00:25:49+08:00][sql] SELECT * FROM `shop_goods` WHERE  `id` = 135 LIMIT 1 [ RunTime:0.000441s ]
[2021-03-10T00:25:49+08:00][sql] SHOW FULL COLUMNS FROM `shop_cat` [ RunTime:0.000665s ]
[2021-03-10T00:25:49+08:00][sql] SELECT * FROM `shop_cat` WHERE  `status` = 1 [ RunTime:0.000422s ]
[2021-03-10T00:25:53+08:00][sql] CONNECT:[ UseTime:0.010477s ] mysql:host=127.0.0.1;port=3306;dbname=tp;charset=utf8
[2021-03-10T00:25:53+08:00][sql] SHOW FULL COLUMNS FROM `shop_menu` [ RunTime:0.000924s ]
[2021-03-10T00:25:53+08:00][sql] SELECT * FROM `shop_menu` WHERE  `fid` = 0 [ RunTime:0.000604s ]
[2021-03-10T00:25:53+08:00][sql] SELECT * FROM `shop_menu` WHERE  `fid` = 1 [ RunTime:0.001658s ]
[2021-03-10T00:25:53+08:00][sql] SELECT * FROM `shop_menu` WHERE  `fid` = 4 [ RunTime:0.000348s ]
[2021-03-10T00:25:53+08:00][sql] SELECT * FROM `shop_menu` WHERE  `fid` = 9 [ RunTime:0.000354s ]
[2021-03-10T00:25:53+08:00][sql] SELECT * FROM `shop_menu` WHERE  `fid` = 12 [ RunTime:0.000344s ]
[2021-03-10T00:25:53+08:00][sql] SHOW FULL COLUMNS FROM `shop_goods` [ RunTime:0.000755s ]
[2021-03-10T00:25:53+08:00][sql] SELECT * FROM `shop_goods` [ RunTime:0.000350s ]
[2021-03-10T00:28:16+08:00][sql] CONNECT:[ UseTime:0.001073s ] mysql:host=127.0.0.1;port=3306;dbname=tp;charset=utf8
[2021-03-10T00:28:16+08:00][sql] SHOW FULL COLUMNS FROM `shop_menu` [ RunTime:0.000798s ]
[2021-03-10T00:28:16+08:00][sql] SELECT * FROM `shop_menu` WHERE  `fid` = 0 [ RunTime:0.000412s ]
[2021-03-10T00:28:16+08:00][sql] SELECT * FROM `shop_menu` WHERE  `fid` = 1 [ RunTime:0.000767s ]
[2021-03-10T00:28:16+08:00][sql] SELECT * FROM `shop_menu` WHERE  `fid` = 4 [ RunTime:0.000520s ]
[2021-03-10T00:28:16+08:00][sql] SELECT * FROM `shop_menu` WHERE  `fid` = 9 [ RunTime:0.000309s ]
[2021-03-10T00:28:16+08:00][sql] SELECT * FROM `shop_menu` WHERE  `fid` = 12 [ RunTime:0.000311s ]
[2021-03-10T00:28:16+08:00][sql] SHOW FULL COLUMNS FROM `shop_goods` [ RunTime:0.000682s ]
[2021-03-10T00:28:16+08:00][sql] SELECT * FROM `shop_goods` [ RunTime:0.000345s ]
[2021-03-10T00:28:18+08:00][sql] CONNECT:[ UseTime:0.000771s ] mysql:host=127.0.0.1;port=3306;dbname=tp;charset=utf8
[2021-03-10T00:28:18+08:00][sql] SHOW FULL COLUMNS FROM `shop_goods` [ RunTime:0.001404s ]
[2021-03-10T00:28:18+08:00][sql] SELECT * FROM `shop_goods` WHERE  `id` = 135 LIMIT 1 [ RunTime:0.000357s ]
[2021-03-10T00:28:18+08:00][sql] SHOW FULL COLUMNS FROM `shop_cat` [ RunTime:0.000951s ]
[2021-03-10T00:28:18+08:00][sql] SELECT * FROM `shop_cat` WHERE  `status` = 1 [ RunTime:0.000415s ]
[2021-03-10T00:28:23+08:00][sql] CONNECT:[ UseTime:0.000959s ] mysql:host=127.0.0.1;port=3306;dbname=tp;charset=utf8
[2021-03-10T00:28:23+08:00][sql] SHOW FULL COLUMNS FROM `shop_menu` [ RunTime:0.000708s ]
[2021-03-10T00:28:23+08:00][sql] SELECT * FROM `shop_menu` WHERE  `fid` = 0 [ RunTime:0.000431s ]
[2021-03-10T00:28:23+08:00][sql] SELECT * FROM `shop_menu` WHERE  `fid` = 1 [ RunTime:0.000434s ]
[2021-03-10T00:28:23+08:00][sql] SELECT * FROM `shop_menu` WHERE  `fid` = 4 [ RunTime:0.000342s ]
[2021-03-10T00:28:23+08:00][sql] SELECT * FROM `shop_menu` WHERE  `fid` = 9 [ RunTime:0.000341s ]
[2021-03-10T00:28:23+08:00][sql] SELECT * FROM `shop_menu` WHERE  `fid` = 12 [ RunTime:0.000363s ]
[2021-03-10T00:28:23+08:00][sql] SHOW FULL COLUMNS FROM `shop_goods` [ RunTime:0.000806s ]
[2021-03-10T00:28:23+08:00][sql] SELECT * FROM `shop_goods` [ RunTime:0.000427s ]
[2021-03-10T02:15:59+08:00][sql] CONNECT:[ UseTime:0.000985s ] mysql:host=127.0.0.1;port=3306;dbname=tp;charset=utf8
[2021-03-10T02:15:59+08:00][sql] SHOW FULL COLUMNS FROM `shop_menu` [ RunTime:0.002303s ]
[2021-03-10T02:15:59+08:00][sql] SELECT * FROM `shop_menu` WHERE  `fid` = 0 [ RunTime:0.000529s ]
[2021-03-10T02:15:59+08:00][sql] SELECT * FROM `shop_menu` WHERE  `fid` = 1 [ RunTime:0.000609s ]
[2021-03-10T02:15:59+08:00][sql] SELECT * FROM `shop_menu` WHERE  `fid` = 4 [ RunTime:0.000943s ]
[2021-03-10T02:15:59+08:00][sql] SELECT * FROM `shop_menu` WHERE  `fid` = 9 [ RunTime:0.000280s ]
[2021-03-10T02:15:59+08:00][sql] SELECT * FROM `shop_menu` WHERE  `fid` = 12 [ RunTime:0.000341s ]
[2021-03-10T02:15:59+08:00][sql] SHOW FULL COLUMNS FROM `shop_goods` [ RunTime:0.000655s ]
[2021-03-10T02:15:59+08:00][sql] SELECT * FROM `shop_goods` [ RunTime:0.000309s ]
[2021-03-10T02:16:07+08:00][sql] CONNECT:[ UseTime:0.011360s ] mysql:host=127.0.0.1;port=3306;dbname=tp;charset=utf8
[2021-03-10T02:16:07+08:00][sql] SHOW FULL COLUMNS FROM `shop_menu` [ RunTime:0.001136s ]
[2021-03-10T02:16:07+08:00][sql] SELECT * FROM `shop_menu` WHERE  `fid` = 0 [ RunTime:0.000482s ]
[2021-03-10T02:16:07+08:00][sql] SELECT * FROM `shop_menu` WHERE  `fid` = 1 [ RunTime:0.000498s ]
[2021-03-10T02:16:07+08:00][sql] SELECT * FROM `shop_menu` WHERE  `fid` = 4 [ RunTime:0.000439s ]
[2021-03-10T02:16:07+08:00][sql] SELECT * FROM `shop_menu` WHERE  `fid` = 9 [ RunTime:0.000415s ]
[2021-03-10T02:16:07+08:00][sql] SELECT * FROM `shop_menu` WHERE  `fid` = 12 [ RunTime:0.000384s ]
[2021-03-10T02:16:07+08:00][sql] SHOW FULL COLUMNS FROM `shop_goods` [ RunTime:0.001048s ]
[2021-03-10T02:16:07+08:00][sql] SELECT * FROM `shop_goods` [ RunTime:0.000516s ]
[2021-03-10T02:16:13+08:00][sql] CONNECT:[ UseTime:0.000914s ] mysql:host=127.0.0.1;port=3306;dbname=tp;charset=utf8
[2021-03-10T02:16:13+08:00][sql] SHOW FULL COLUMNS FROM `shop_goods` [ RunTime:0.000795s ]
[2021-03-10T02:16:13+08:00][sql] SELECT * FROM `shop_goods` WHERE  `id` = 149 LIMIT 1 [ RunTime:0.000438s ]
[2021-03-10T02:16:13+08:00][sql] SHOW FULL COLUMNS FROM `shop_cat` [ RunTime:0.000641s ]
[2021-03-10T02:16:13+08:00][sql] SELECT * FROM `shop_cat` WHERE  `status` = 1 [ RunTime:0.000377s ]
[2021-03-10T02:16:17+08:00][sql] CONNECT:[ UseTime:0.010063s ] mysql:host=127.0.0.1;port=3306;dbname=tp;charset=utf8
[2021-03-10T02:16:17+08:00][sql] SHOW FULL COLUMNS FROM `shop_menu` [ RunTime:0.000818s ]
[2021-03-10T02:16:17+08:00][sql] SELECT * FROM `shop_menu` WHERE  `fid` = 0 [ RunTime:0.000378s ]
[2021-03-10T02:16:17+08:00][sql] SELECT * FROM `shop_menu` WHERE  `fid` = 1 [ RunTime:0.000441s ]
[2021-03-10T02:16:17+08:00][sql] SELECT * FROM `shop_menu` WHERE  `fid` = 4 [ RunTime:0.000370s ]
[2021-03-10T02:16:17+08:00][sql] SELECT * FROM `shop_menu` WHERE  `fid` = 9 [ RunTime:0.000328s ]
[2021-03-10T02:16:17+08:00][sql] SELECT * FROM `shop_menu` WHERE  `fid` = 12 [ RunTime:0.000341s ]
[2021-03-10T02:16:17+08:00][sql] SHOW FULL COLUMNS FROM `shop_goods` [ RunTime:0.000853s ]
[2021-03-10T02:16:17+08:00][sql] SELECT * FROM `shop_goods` [ RunTime:0.000399s ]
[2021-03-10T02:16:42+08:00][sql] CONNECT:[ UseTime:0.010664s ] mysql:host=127.0.0.1;port=3306;dbname=tp;charset=utf8
[2021-03-10T02:16:42+08:00][sql] SHOW FULL COLUMNS FROM `shop_menu` [ RunTime:0.000830s ]
[2021-03-10T02:16:42+08:00][sql] SELECT * FROM `shop_menu` WHERE  `fid` = 0 [ RunTime:0.000370s ]
[2021-03-10T02:16:42+08:00][sql] SELECT * FROM `shop_menu` WHERE  `fid` = 1 [ RunTime:0.000396s ]
[2021-03-10T02:16:42+08:00][sql] SELECT * FROM `shop_menu` WHERE  `fid` = 4 [ RunTime:0.000338s ]
[2021-03-10T02:16:42+08:00][sql] SELECT * FROM `shop_menu` WHERE  `fid` = 9 [ RunTime:0.000288s ]
[2021-03-10T02:16:42+08:00][sql] SELECT * FROM `shop_menu` WHERE  `fid` = 12 [ RunTime:0.000300s ]
[2021-03-10T02:16:42+08:00][sql] SHOW FULL COLUMNS FROM `shop_goods` [ RunTime:0.000663s ]
[2021-03-10T02:16:42+08:00][sql] SELECT * FROM `shop_goods` [ RunTime:0.000329s ]
[2021-03-10T02:16:47+08:00][sql] CONNECT:[ UseTime:0.001509s ] mysql:host=127.0.0.1;port=3306;dbname=tp;charset=utf8
[2021-03-10T02:16:47+08:00][sql] SHOW FULL COLUMNS FROM `shop_menu` [ RunTime:0.000751s ]
[2021-03-10T02:16:47+08:00][sql] SELECT * FROM `shop_menu` WHERE  `fid` = 0 [ RunTime:0.000421s ]
[2021-03-10T02:16:47+08:00][sql] SELECT * FROM `shop_menu` WHERE  `fid` = 1 [ RunTime:0.000438s ]
[2021-03-10T02:16:47+08:00][sql] SELECT * FROM `shop_menu` WHERE  `fid` = 4 [ RunTime:0.000300s ]
[2021-03-10T02:16:47+08:00][sql] SELECT * FROM `shop_menu` WHERE  `fid` = 9 [ RunTime:0.000308s ]
[2021-03-10T02:16:47+08:00][sql] SELECT * FROM `shop_menu` WHERE  `fid` = 12 [ RunTime:0.000425s ]
[2021-03-10T02:16:47+08:00][sql] SHOW FULL COLUMNS FROM `shop_goods` [ RunTime:0.001634s ]
[2021-03-10T02:16:47+08:00][sql] SELECT * FROM `shop_goods` [ RunTime:0.001839s ]
[2021-03-10T02:16:50+08:00][sql] CONNECT:[ UseTime:0.001032s ] mysql:host=127.0.0.1;port=3306;dbname=tp;charset=utf8
[2021-03-10T02:16:50+08:00][sql] SHOW FULL COLUMNS FROM `shop_menu` [ RunTime:0.001721s ]
[2021-03-10T02:16:50+08:00][sql] SELECT * FROM `shop_menu` WHERE  `fid` = 0 [ RunTime:0.000354s ]
[2021-03-10T02:16:50+08:00][sql] SELECT * FROM `shop_menu` WHERE  `fid` = 1 [ RunTime:0.000407s ]
[2021-03-10T02:16:50+08:00][sql] SELECT * FROM `shop_menu` WHERE  `fid` = 4 [ RunTime:0.000514s ]
[2021-03-10T02:16:50+08:00][sql] SELECT * FROM `shop_menu` WHERE  `fid` = 9 [ RunTime:0.000447s ]
[2021-03-10T02:16:50+08:00][sql] SELECT * FROM `shop_menu` WHERE  `fid` = 12 [ RunTime:0.001081s ]
[2021-03-10T02:16:50+08:00][sql] SHOW FULL COLUMNS FROM `shop_goods` [ RunTime:0.002415s ]
[2021-03-10T02:16:50+08:00][sql] SELECT * FROM `shop_goods` [ RunTime:0.000399s ]
[2021-03-10T02:16:53+08:00][sql] CONNECT:[ UseTime:0.009991s ] mysql:host=127.0.0.1;port=3306;dbname=tp;charset=utf8
[2021-03-10T02:16:53+08:00][sql] SHOW FULL COLUMNS FROM `shop_menu` [ RunTime:0.000830s ]
[2021-03-10T02:16:53+08:00][sql] SELECT * FROM `shop_menu` WHERE  `fid` = 0 [ RunTime:0.000410s ]
[2021-03-10T02:16:53+08:00][sql] SELECT * FROM `shop_menu` WHERE  `fid` = 1 [ RunTime:0.000416s ]
[2021-03-10T02:16:53+08:00][sql] SELECT * FROM `shop_menu` WHERE  `fid` = 4 [ RunTime:0.000381s ]
[2021-03-10T02:16:53+08:00][sql] SELECT * FROM `shop_menu` WHERE  `fid` = 9 [ RunTime:0.000285s ]
[2021-03-10T02:16:53+08:00][sql] SELECT * FROM `shop_menu` WHERE  `fid` = 12 [ RunTime:0.000327s ]
[2021-03-10T02:16:53+08:00][sql] SHOW FULL COLUMNS FROM `shop_goods` [ RunTime:0.000872s ]
[2021-03-10T02:16:53+08:00][sql] SELECT * FROM `shop_goods` [ RunTime:0.000346s ]
[2021-03-10T02:27:38+08:00][sql] CONNECT:[ UseTime:0.010814s ] mysql:host=127.0.0.1;port=3306;dbname=tp;charset=utf8
[2021-03-10T02:27:38+08:00][sql] SHOW FULL COLUMNS FROM `shop_goods` [ RunTime:0.000955s ]
[2021-03-10T02:27:38+08:00][error] [10501]SQLSTATE[HY000]: General error: 1366 Incorrect integer value: ' 已完成                         ' for column 'status' at row 1
[2021-03-10T02:27:38+08:00][sql] CONNECT:[ UseTime:0.000933s ] mysql:host=127.0.0.1;port=3306;dbname=tp;charset=utf8
[2021-03-10T02:27:38+08:00][sql] SHOW FULL COLUMNS FROM `shop_goods` [ RunTime:0.000788s ]
[2021-03-10T02:27:38+08:00][error] [10501]SQLSTATE[HY000]: General error: 1366 Incorrect integer value: ' 已完成                         ' for column 'status' at row 1
[2021-03-10T02:27:39+08:00][sql] CONNECT:[ UseTime:0.011095s ] mysql:host=127.0.0.1;port=3306;dbname=tp;charset=utf8
[2021-03-10T02:27:39+08:00][sql] SHOW FULL COLUMNS FROM `shop_goods` [ RunTime:0.001019s ]
[2021-03-10T02:27:39+08:00][error] [10501]SQLSTATE[HY000]: General error: 1366 Incorrect integer value: ' 已完成                         ' for column 'status' at row 1
[2021-03-10T02:27:39+08:00][sql] CONNECT:[ UseTime:0.002455s ] mysql:host=127.0.0.1;port=3306;dbname=tp;charset=utf8
[2021-03-10T02:27:39+08:00][sql] SHOW FULL COLUMNS FROM `shop_goods` [ RunTime:0.000838s ]
[2021-03-10T02:27:39+08:00][error] [10501]SQLSTATE[HY000]: General error: 1366 Incorrect integer value: ' 已完成                         ' for column 'status' at row 1
[2021-03-10T02:27:39+08:00][sql] CONNECT:[ UseTime:0.000960s ] mysql:host=127.0.0.1;port=3306;dbname=tp;charset=utf8
[2021-03-10T02:27:39+08:00][sql] SHOW FULL COLUMNS FROM `shop_goods` [ RunTime:0.000835s ]
[2021-03-10T02:27:39+08:00][error] [10501]SQLSTATE[HY000]: General error: 1366 Incorrect integer value: ' 已完成                         ' for column 'status' at row 1
[2021-03-10T02:27:39+08:00][sql] CONNECT:[ UseTime:0.000956s ] mysql:host=127.0.0.1;port=3306;dbname=tp;charset=utf8
[2021-03-10T02:27:39+08:00][sql] SHOW FULL COLUMNS FROM `shop_goods` [ RunTime:0.000976s ]
[2021-03-10T02:27:39+08:00][error] [10501]SQLSTATE[HY000]: General error: 1366 Incorrect integer value: ' 已完成                         ' for column 'status' at row 1
[2021-03-10T02:27:39+08:00][sql] CONNECT:[ UseTime:0.012283s ] mysql:host=127.0.0.1;port=3306;dbname=tp;charset=utf8
[2021-03-10T02:27:39+08:00][sql] SHOW FULL COLUMNS FROM `shop_goods` [ RunTime:0.000807s ]
[2021-03-10T02:27:39+08:00][error] [10501]SQLSTATE[HY000]: General error: 1366 Incorrect integer value: ' 已完成                         ' for column 'status' at row 1
[2021-03-10T02:27:39+08:00][sql] CONNECT:[ UseTime:0.000909s ] mysql:host=127.0.0.1;port=3306;dbname=tp;charset=utf8
[2021-03-10T02:27:39+08:00][sql] SHOW FULL COLUMNS FROM `shop_goods` [ RunTime:0.000796s ]
[2021-03-10T02:27:39+08:00][error] [10501]SQLSTATE[HY000]: General error: 1366 Incorrect integer value: ' 已完成                         ' for column 'status' at row 1
[2021-03-10T02:27:40+08:00][sql] CONNECT:[ UseTime:0.010717s ] mysql:host=127.0.0.1;port=3306;dbname=tp;charset=utf8
[2021-03-10T02:27:40+08:00][sql] SHOW FULL COLUMNS FROM `shop_goods` [ RunTime:0.000876s ]
[2021-03-10T02:27:40+08:00][error] [10501]SQLSTATE[HY000]: General error: 1366 Incorrect integer value: ' 已完成                         ' for column 'status' at row 1
[2021-03-10T02:27:40+08:00][sql] CONNECT:[ UseTime:0.000921s ] mysql:host=127.0.0.1;port=3306;dbname=tp;charset=utf8
[2021-03-10T02:27:40+08:00][sql] SHOW FULL COLUMNS FROM `shop_goods` [ RunTime:0.000781s ]
[2021-03-10T02:27:40+08:00][error] [10501]SQLSTATE[HY000]: General error: 1366 Incorrect integer value: ' 已完成                         ' for column 'status' at row 1
[2021-03-10T02:27:40+08:00][sql] CONNECT:[ UseTime:0.000905s ] mysql:host=127.0.0.1;port=3306;dbname=tp;charset=utf8
[2021-03-10T02:27:40+08:00][sql] SHOW FULL COLUMNS FROM `shop_goods` [ RunTime:0.000767s ]
[2021-03-10T02:27:40+08:00][error] [10501]SQLSTATE[HY000]: General error: 1366 Incorrect integer value: ' 已完成                         ' for column 'status' at row 1
[2021-03-10T02:27:40+08:00][sql] CONNECT:[ UseTime:0.011686s ] mysql:host=127.0.0.1;port=3306;dbname=tp;charset=utf8
[2021-03-10T02:27:40+08:00][sql] SHOW FULL COLUMNS FROM `shop_goods` [ RunTime:0.001051s ]
[2021-03-10T02:27:40+08:00][error] [10501]SQLSTATE[HY000]: General error: 1366 Incorrect integer value: ' 已完成                         ' for column 'status' at row 1
[2021-03-10T02:45:39+08:00][sql] CONNECT:[ UseTime:0.009924s ] mysql:host=127.0.0.1;port=3306;dbname=tp;charset=utf8
[2021-03-10T02:45:39+08:00][sql] SHOW FULL COLUMNS FROM `shop_menu` [ RunTime:0.000890s ]
[2021-03-10T02:45:39+08:00][sql] SELECT * FROM `shop_menu` WHERE  `fid` = 0 [ RunTime:0.000390s ]
[2021-03-10T02:45:39+08:00][sql] SELECT * FROM `shop_menu` WHERE  `fid` = 1 [ RunTime:0.000611s ]
[2021-03-10T02:45:39+08:00][sql] SELECT * FROM `shop_menu` WHERE  `fid` = 4 [ RunTime:0.000605s ]
[2021-03-10T02:45:39+08:00][sql] SELECT * FROM `shop_menu` WHERE  `fid` = 9 [ RunTime:0.000402s ]
[2021-03-10T02:45:39+08:00][sql] SELECT * FROM `shop_menu` WHERE  `fid` = 12 [ RunTime:0.000525s ]
[2021-03-10T02:45:39+08:00][sql] SHOW FULL COLUMNS FROM `shop_goods` [ RunTime:0.001028s ]
[2021-03-10T02:45:39+08:00][sql] SELECT * FROM `shop_goods` [ RunTime:0.001764s ]
[2021-03-10T02:45:43+08:00][sql] CONNECT:[ UseTime:0.010978s ] mysql:host=127.0.0.1;port=3306;dbname=tp;charset=utf8
[2021-03-10T02:45:43+08:00][sql] SHOW FULL COLUMNS FROM `shop_goods` [ RunTime:0.001446s ]
[2021-03-10T02:45:43+08:00][sql] SELECT * FROM `shop_goods` WHERE  `id` = 150 LIMIT 1 [ RunTime:0.000505s ]
[2021-03-10T02:45:43+08:00][sql] SHOW FULL COLUMNS FROM `shop_cat` [ RunTime:0.001698s ]
[2021-03-10T02:45:43+08:00][sql] SELECT * FROM `shop_cat` WHERE  `status` = 1 [ RunTime:0.000405s ]
[2021-03-10T02:45:47+08:00][sql] CONNECT:[ UseTime:0.010300s ] mysql:host=127.0.0.1;port=3306;dbname=tp;charset=utf8
[2021-03-10T02:45:47+08:00][sql] SHOW FULL COLUMNS FROM `shop_menu` [ RunTime:0.000738s ]
[2021-03-10T02:45:47+08:00][sql] SELECT * FROM `shop_menu` WHERE  `fid` = 0 [ RunTime:0.000383s ]
[2021-03-10T02:45:47+08:00][sql] SELECT * FROM `shop_menu` WHERE  `fid` = 1 [ RunTime:0.000541s ]
[2021-03-10T02:45:47+08:00][sql] SELECT * FROM `shop_menu` WHERE  `fid` = 4 [ RunTime:0.000418s ]
[2021-03-10T02:45:47+08:00][sql] SELECT * FROM `shop_menu` WHERE  `fid` = 9 [ RunTime:0.000359s ]
[2021-03-10T02:45:47+08:00][sql] SELECT * FROM `shop_menu` WHERE  `fid` = 12 [ RunTime:0.000345s ]
[2021-03-10T02:45:47+08:00][sql] SHOW FULL COLUMNS FROM `shop_goods` [ RunTime:0.000713s ]
[2021-03-10T02:45:47+08:00][sql] SELECT * FROM `shop_goods` [ RunTime:0.000398s ]
[2021-03-10T02:46:25+08:00][sql] CONNECT:[ UseTime:0.000895s ] mysql:host=127.0.0.1;port=3306;dbname=tp;charset=utf8
[2021-03-10T02:46:25+08:00][sql] SHOW FULL COLUMNS FROM `shop_menu` [ RunTime:0.000784s ]
[2021-03-10T02:46:25+08:00][sql] SELECT * FROM `shop_menu` WHERE  `fid` = 0 [ RunTime:0.000442s ]
[2021-03-10T02:46:25+08:00][sql] SELECT * FROM `shop_menu` WHERE  `fid` = 1 [ RunTime:0.000399s ]
[2021-03-10T02:46:25+08:00][sql] SELECT * FROM `shop_menu` WHERE  `fid` = 4 [ RunTime:0.000340s ]
[2021-03-10T02:46:25+08:00][sql] SELECT * FROM `shop_menu` WHERE  `fid` = 9 [ RunTime:0.000389s ]
[2021-03-10T02:46:25+08:00][sql] SELECT * FROM `shop_menu` WHERE  `fid` = 12 [ RunTime:0.000335s ]
[2021-03-10T02:46:25+08:00][sql] SHOW FULL COLUMNS FROM `shop_goods` [ RunTime:0.000754s ]
[2021-03-10T02:46:25+08:00][sql] SELECT * FROM `shop_goods` [ RunTime:0.000396s ]
[2021-03-10T02:46:37+08:00][sql] CONNECT:[ UseTime:0.001192s ] mysql:host=127.0.0.1;port=3306;dbname=tp;charset=utf8
[2021-03-10T02:46:37+08:00][sql] SHOW FULL COLUMNS FROM `shop_goods` [ RunTime:0.003170s ]
[2021-03-10T02:46:37+08:00][sql] SELECT * FROM `shop_goods` WHERE  `id` = 151 LIMIT 1 [ RunTime:0.000598s ]
[2021-03-10T02:46:37+08:00][sql] SHOW FULL COLUMNS FROM `shop_cat` [ RunTime:0.000851s ]
[2021-03-10T02:46:37+08:00][sql] SELECT * FROM `shop_cat` WHERE  `status` = 1 [ RunTime:0.000454s ]
[2021-03-10T02:46:41+08:00][sql] CONNECT:[ UseTime:0.000957s ] mysql:host=127.0.0.1;port=3306;dbname=tp;charset=utf8
[2021-03-10T02:46:41+08:00][sql] SHOW FULL COLUMNS FROM `shop_menu` [ RunTime:0.001209s ]
[2021-03-10T02:46:41+08:00][sql] SELECT * FROM `shop_menu` WHERE  `fid` = 0 [ RunTime:0.000494s ]
[2021-03-10T02:46:41+08:00][sql] SELECT * FROM `shop_menu` WHERE  `fid` = 1 [ RunTime:0.000433s ]
[2021-03-10T02:46:41+08:00][sql] SELECT * FROM `shop_menu` WHERE  `fid` = 4 [ RunTime:0.000338s ]
[2021-03-10T02:46:41+08:00][sql] SELECT * FROM `shop_menu` WHERE  `fid` = 9 [ RunTime:0.000357s ]
[2021-03-10T02:46:41+08:00][sql] SELECT * FROM `shop_menu` WHERE  `fid` = 12 [ RunTime:0.000339s ]
[2021-03-10T02:46:41+08:00][sql] SHOW FULL COLUMNS FROM `shop_goods` [ RunTime:0.000729s ]
[2021-03-10T02:46:41+08:00][sql] SELECT * FROM `shop_goods` [ RunTime:0.000422s ]
[2021-03-10T02:46:54+08:00][sql] CONNECT:[ UseTime:0.001017s ] mysql:host=127.0.0.1;port=3306;dbname=tp;charset=utf8
[2021-03-10T02:46:54+08:00][sql] SHOW FULL COLUMNS FROM `shop_goods` [ RunTime:0.000759s ]
[2021-03-10T02:46:54+08:00][sql] SELECT * FROM `shop_goods` WHERE  `id` = 151 LIMIT 1 [ RunTime:0.000391s ]
[2021-03-10T02:46:54+08:00][sql] SHOW FULL COLUMNS FROM `shop_cat` [ RunTime:0.000690s ]
[2021-03-10T02:46:54+08:00][sql] SELECT * FROM `shop_cat` WHERE  `status` = 1 [ RunTime:0.000382s ]
[2021-03-10T02:48:02+08:00][sql] CONNECT:[ UseTime:0.000909s ] mysql:host=127.0.0.1;port=3306;dbname=tp;charset=utf8
[2021-03-10T02:48:02+08:00][sql] SHOW FULL COLUMNS FROM `shop_goods` [ RunTime:0.002034s ]
[2021-03-10T02:48:02+08:00][sql] SELECT * FROM `shop_goods` WHERE  `id` = 148 LIMIT 1 [ RunTime:0.000610s ]
[2021-03-10T02:48:02+08:00][sql] SHOW FULL COLUMNS FROM `shop_cat` [ RunTime:0.001392s ]
[2021-03-10T02:48:02+08:00][sql] SELECT * FROM `shop_cat` WHERE  `status` = 1 [ RunTime:0.001730s ]
[2021-03-10T02:48:02+08:00][error] [0]语法错误: unexpected '">' (T_CONSTANT_ENCAPSED_STRING), expecting ')'
[2021-03-10T02:48:21+08:00][sql] CONNECT:[ UseTime:0.000811s ] mysql:host=127.0.0.1;port=3306;dbname=tp;charset=utf8
[2021-03-10T02:48:21+08:00][sql] SHOW FULL COLUMNS FROM `shop_menu` [ RunTime:0.002001s ]
[2021-03-10T02:48:21+08:00][sql] SELECT * FROM `shop_menu` WHERE  `fid` = 0 [ RunTime:0.000542s ]
[2021-03-10T02:48:21+08:00][sql] SELECT * FROM `shop_menu` WHERE  `fid` = 1 [ RunTime:0.000469s ]
[2021-03-10T02:48:21+08:00][sql] SELECT * FROM `shop_menu` WHERE  `fid` = 4 [ RunTime:0.000284s ]
[2021-03-10T02:48:21+08:00][sql] SELECT * FROM `shop_menu` WHERE  `fid` = 9 [ RunTime:0.000339s ]
[2021-03-10T02:48:21+08:00][sql] SELECT * FROM `shop_menu` WHERE  `fid` = 12 [ RunTime:0.000321s ]
[2021-03-10T02:48:21+08:00][sql] SHOW FULL COLUMNS FROM `shop_goods` [ RunTime:0.000721s ]
[2021-03-10T02:48:21+08:00][sql] SELECT * FROM `shop_goods` [ RunTime:0.000415s ]
[2021-03-10T02:48:23+08:00][sql] CONNECT:[ UseTime:0.010480s ] mysql:host=127.0.0.1;port=3306;dbname=tp;charset=utf8
[2021-03-10T02:48:23+08:00][sql] SHOW FULL COLUMNS FROM `shop_goods` [ RunTime:0.001153s ]
[2021-03-10T02:48:23+08:00][sql] SELECT * FROM `shop_goods` WHERE  `id` = 150 LIMIT 1 [ RunTime:0.000460s ]
[2021-03-10T02:48:23+08:00][sql] SHOW FULL COLUMNS FROM `shop_cat` [ RunTime:0.000677s ]
[2021-03-10T02:48:23+08:00][sql] SELECT * FROM `shop_cat` WHERE  `status` = 1 [ RunTime:0.000374s ]
[2021-03-10T02:48:35+08:00][sql] CONNECT:[ UseTime:0.000962s ] mysql:host=127.0.0.1;port=3306;dbname=tp;charset=utf8
[2021-03-10T02:48:35+08:00][sql] SHOW FULL COLUMNS FROM `shop_menu` [ RunTime:0.000840s ]
[2021-03-10T02:48:35+08:00][sql] SELECT * FROM `shop_menu` WHERE  `fid` = 0 [ RunTime:0.000401s ]
[2021-03-10T02:48:35+08:00][sql] SELECT * FROM `shop_menu` WHERE  `fid` = 1 [ RunTime:0.000430s ]
[2021-03-10T02:48:35+08:00][sql] SELECT * FROM `shop_menu` WHERE  `fid` = 4 [ RunTime:0.000455s ]
[2021-03-10T02:48:35+08:00][sql] SELECT * FROM `shop_menu` WHERE  `fid` = 9 [ RunTime:0.000349s ]
[2021-03-10T02:48:35+08:00][sql] SELECT * FROM `shop_menu` WHERE  `fid` = 12 [ RunTime:0.000382s ]
[2021-03-10T02:48:35+08:00][sql] SHOW FULL COLUMNS FROM `shop_goods` [ RunTime:0.000672s ]
[2021-03-10T02:48:35+08:00][sql] SELECT * FROM `shop_goods` [ RunTime:0.000399s ]
[2021-03-10T02:48:37+08:00][sql] CONNECT:[ UseTime:0.000953s ] mysql:host=127.0.0.1;port=3306;dbname=tp;charset=utf8
[2021-03-10T02:48:37+08:00][sql] SHOW FULL COLUMNS FROM `shop_goods` [ RunTime:0.000847s ]
[2021-03-10T02:48:37+08:00][sql] SELECT * FROM `shop_goods` WHERE  `id` = 135 LIMIT 1 [ RunTime:0.000442s ]
[2021-03-10T02:48:37+08:00][sql] SHOW FULL COLUMNS FROM `shop_cat` [ RunTime:0.000710s ]
[2021-03-10T02:48:37+08:00][sql] SELECT * FROM `shop_cat` WHERE  `status` = 1 [ RunTime:0.000392s ]
[2021-03-10T02:48:40+08:00][sql] CONNECT:[ UseTime:0.011872s ] mysql:host=127.0.0.1;port=3306;dbname=tp;charset=utf8
[2021-03-10T02:48:40+08:00][sql] SHOW FULL COLUMNS FROM `shop_goods` [ RunTime:0.000866s ]
[2021-03-10T02:48:40+08:00][sql] SELECT * FROM `shop_goods` WHERE  `id` = 148 LIMIT 1 [ RunTime:0.000450s ]
[2021-03-10T02:48:40+08:00][sql] SHOW FULL COLUMNS FROM `shop_cat` [ RunTime:0.000678s ]
[2021-03-10T02:48:40+08:00][sql] SELECT * FROM `shop_cat` WHERE  `status` = 1 [ RunTime:0.000374s ]
[2021-03-10T02:48:45+08:00][sql] CONNECT:[ UseTime:0.003493s ] mysql:host=127.0.0.1;port=3306;dbname=tp;charset=utf8
[2021-03-10T02:48:45+08:00][sql] SHOW FULL COLUMNS FROM `shop_goods` [ RunTime:0.001367s ]
[2021-03-10T02:48:45+08:00][sql] SELECT * FROM `shop_goods` WHERE  `id` = 148 LIMIT 1 [ RunTime:0.000595s ]
[2021-03-10T02:48:45+08:00][sql] SHOW FULL COLUMNS FROM `shop_cat` [ RunTime:0.001891s ]
[2021-03-10T02:48:45+08:00][sql] SELECT * FROM `shop_cat` WHERE  `status` = 1 [ RunTime:0.001929s ]
[2021-03-10T02:48:55+08:00][sql] CONNECT:[ UseTime:0.000895s ] mysql:host=127.0.0.1;port=3306;dbname=tp;charset=utf8
[2021-03-10T02:48:55+08:00][sql] SHOW FULL COLUMNS FROM `shop_menu` [ RunTime:0.001217s ]
[2021-03-10T02:48:55+08:00][sql] SELECT * FROM `shop_menu` WHERE  `fid` = 0 [ RunTime:0.000583s ]
[2021-03-10T02:48:55+08:00][sql] SELECT * FROM `shop_menu` WHERE  `fid` = 1 [ RunTime:0.000445s ]
[2021-03-10T02:48:55+08:00][sql] SELECT * FROM `shop_menu` WHERE  `fid` = 4 [ RunTime:0.000365s ]
[2021-03-10T02:48:55+08:00][sql] SELECT * FROM `shop_menu` WHERE  `fid` = 9 [ RunTime:0.000364s ]
[2021-03-10T02:48:55+08:00][sql] SELECT * FROM `shop_menu` WHERE  `fid` = 12 [ RunTime:0.000353s ]
[2021-03-10T02:48:55+08:00][sql] SHOW FULL COLUMNS FROM `shop_goods` [ RunTime:0.000732s ]
[2021-03-10T02:48:55+08:00][sql] SELECT * FROM `shop_goods` [ RunTime:0.000322s ]
[2021-03-10T02:49:02+08:00][sql] CONNECT:[ UseTime:0.000940s ] mysql:host=127.0.0.1;port=3306;dbname=tp;charset=utf8
[2021-03-10T02:49:02+08:00][sql] SHOW FULL COLUMNS FROM `shop_goods` [ RunTime:0.000807s ]
[2021-03-10T02:49:02+08:00][sql] SELECT * FROM `shop_goods` WHERE  `id` = 143 LIMIT 1 [ RunTime:0.000414s ]
[2021-03-10T02:49:02+08:00][sql] SHOW FULL COLUMNS FROM `shop_cat` [ RunTime:0.000762s ]
[2021-03-10T02:49:02+08:00][sql] SELECT * FROM `shop_cat` WHERE  `status` = 1 [ RunTime:0.000808s ]
[2021-03-10T02:49:10+08:00][sql] CONNECT:[ UseTime:0.000928s ] mysql:host=127.0.0.1;port=3306;dbname=tp;charset=utf8
[2021-03-10T02:49:10+08:00][sql] SHOW FULL COLUMNS FROM `shop_menu` [ RunTime:0.000765s ]
[2021-03-10T02:49:10+08:00][sql] SELECT * FROM `shop_menu` WHERE  `fid` = 0 [ RunTime:0.000439s ]
[2021-03-10T02:49:10+08:00][sql] SELECT * FROM `shop_menu` WHERE  `fid` = 1 [ RunTime:0.000400s ]
[2021-03-10T02:49:10+08:00][sql] SELECT * FROM `shop_menu` WHERE  `fid` = 4 [ RunTime:0.000337s ]
[2021-03-10T02:49:10+08:00][sql] SELECT * FROM `shop_menu` WHERE  `fid` = 9 [ RunTime:0.000495s ]
[2021-03-10T02:49:10+08:00][sql] SELECT * FROM `shop_menu` WHERE  `fid` = 12 [ RunTime:0.000470s ]
[2021-03-10T02:49:10+08:00][sql] SHOW FULL COLUMNS FROM `shop_goods` [ RunTime:0.000745s ]
[2021-03-10T02:49:10+08:00][sql] SELECT * FROM `shop_goods` [ RunTime:0.000372s ]
[2021-03-10T02:49:13+08:00][sql] CONNECT:[ UseTime:0.000914s ] mysql:host=127.0.0.1;port=3306;dbname=tp;charset=utf8
[2021-03-10T02:49:13+08:00][sql] SHOW FULL COLUMNS FROM `shop_goods` [ RunTime:0.000769s ]
[2021-03-10T02:49:13+08:00][sql] SELECT * FROM `shop_goods` WHERE  `id` = 143 LIMIT 1 [ RunTime:0.000406s ]
[2021-03-10T02:49:13+08:00][sql] SHOW FULL COLUMNS FROM `shop_cat` [ RunTime:0.000826s ]
[2021-03-10T02:49:13+08:00][sql] SELECT * FROM `shop_cat` WHERE  `status` = 1 [ RunTime:0.000517s ]
[2021-03-10T02:49:15+08:00][sql] CONNECT:[ UseTime:0.010134s ] mysql:host=127.0.0.1;port=3306;dbname=tp;charset=utf8
[2021-03-10T02:49:15+08:00][sql] SHOW FULL COLUMNS FROM `shop_menu` [ RunTime:0.001033s ]
[2021-03-10T02:49:15+08:00][sql] SELECT * FROM `shop_menu` WHERE  `fid` = 0 [ RunTime:0.000417s ]
[2021-03-10T02:49:15+08:00][sql] SELECT * FROM `shop_menu` WHERE  `fid` = 1 [ RunTime:0.000463s ]
[2021-03-10T02:49:15+08:00][sql] SELECT * FROM `shop_menu` WHERE  `fid` = 4 [ RunTime:0.000412s ]
[2021-03-10T02:49:15+08:00][sql] SELECT * FROM `shop_menu` WHERE  `fid` = 9 [ RunTime:0.001768s ]
[2021-03-10T02:49:15+08:00][sql] SELECT * FROM `shop_menu` WHERE  `fid` = 12 [ RunTime:0.000340s ]
[2021-03-10T02:49:15+08:00][sql] SHOW FULL COLUMNS FROM `shop_goods` [ RunTime:0.000847s ]
[2021-03-10T02:49:15+08:00][sql] SELECT * FROM `shop_goods` [ RunTime:0.000350s ]
[2021-03-10T04:55:04+08:00][sql] CONNECT:[ UseTime:0.001443s ] mysql:host=127.0.0.1;port=3306;dbname=tp;charset=utf8
[2021-03-10T04:55:04+08:00][sql] SHOW FULL COLUMNS FROM `shop_menu` [ RunTime:0.002014s ]
[2021-03-10T04:55:04+08:00][sql] SELECT * FROM `shop_menu` WHERE  `fid` = 0 [ RunTime:0.000592s ]
[2021-03-10T04:55:04+08:00][sql] SELECT * FROM `shop_menu` WHERE  `fid` = 1 [ RunTime:0.000517s ]
[2021-03-10T04:55:04+08:00][sql] SELECT * FROM `shop_menu` WHERE  `fid` = 4 [ RunTime:0.000368s ]
[2021-03-10T04:55:04+08:00][sql] SELECT * FROM `shop_menu` WHERE  `fid` = 9 [ RunTime:0.000368s ]
[2021-03-10T04:55:04+08:00][sql] SELECT * FROM `shop_menu` WHERE  `fid` = 12 [ RunTime:0.000276s ]
[2021-03-10T04:55:04+08:00][sql] SHOW FULL COLUMNS FROM `shop_goods` [ RunTime:0.002038s ]
[2021-03-10T04:55:04+08:00][sql] SELECT * FROM `shop_goods` [ RunTime:0.000428s ]
[2021-03-10T05:06:08+08:00][sql] CONNECT:[ UseTime:0.000939s ] mysql:host=127.0.0.1;port=3306;dbname=tp;charset=utf8
[2021-03-10T05:06:08+08:00][sql] SHOW FULL COLUMNS FROM `shop_menu` [ RunTime:0.000774s ]
[2021-03-10T05:06:08+08:00][sql] SELECT * FROM `shop_menu` WHERE  `fid` = 0 [ RunTime:0.000410s ]
[2021-03-10T05:06:08+08:00][sql] SELECT * FROM `shop_menu` WHERE  `fid` = 1 [ RunTime:0.000397s ]
[2021-03-10T05:06:08+08:00][sql] SELECT * FROM `shop_menu` WHERE  `fid` = 4 [ RunTime:0.000334s ]
[2021-03-10T05:06:08+08:00][sql] SELECT * FROM `shop_menu` WHERE  `fid` = 9 [ RunTime:0.000393s ]
[2021-03-10T05:06:08+08:00][sql] SELECT * FROM `shop_menu` WHERE  `fid` = 12 [ RunTime:0.000396s ]
[2021-03-10T05:06:08+08:00][sql] SHOW FULL COLUMNS FROM `shop_goods` [ RunTime:0.000835s ]
[2021-03-10T05:06:08+08:00][sql] SELECT * FROM `shop_goods` [ RunTime:0.000633s ]
[2021-03-10T05:06:17+08:00][sql] CONNECT:[ UseTime:0.001011s ] mysql:host=127.0.0.1;port=3306;dbname=tp;charset=utf8
[2021-03-10T05:06:17+08:00][sql] SHOW FULL COLUMNS FROM `shop_menu` [ RunTime:0.001103s ]
[2021-03-10T05:06:17+08:00][sql] SELECT * FROM `shop_menu` WHERE  `fid` = 0 [ RunTime:0.000446s ]
[2021-03-10T05:06:17+08:00][sql] SELECT * FROM `shop_menu` WHERE  `fid` = 1 [ RunTime:0.000452s ]
[2021-03-10T05:06:17+08:00][sql] SELECT * FROM `shop_menu` WHERE  `fid` = 4 [ RunTime:0.000325s ]
[2021-03-10T05:06:17+08:00][sql] SELECT * FROM `shop_menu` WHERE  `fid` = 9 [ RunTime:0.000247s ]
[2021-03-10T05:06:17+08:00][sql] SELECT * FROM `shop_menu` WHERE  `fid` = 12 [ RunTime:0.000237s ]
[2021-03-10T05:06:17+08:00][sql] SHOW FULL COLUMNS FROM `shop_goods` [ RunTime:0.000731s ]
[2021-03-10T05:06:17+08:00][sql] SELECT * FROM `shop_goods` [ RunTime:0.000304s ]
[2021-03-10T13:38:09+08:00][sql] CONNECT:[ UseTime:0.001279s ] mysql:host=127.0.0.1;port=3306;dbname=tp;charset=utf8
[2021-03-10T13:38:09+08:00][sql] SHOW FULL COLUMNS FROM `shop_menu` [ RunTime:0.001432s ]
[2021-03-10T13:38:09+08:00][sql] SELECT * FROM `shop_menu` WHERE  `fid` = 0 [ RunTime:0.000403s ]
[2021-03-10T13:38:09+08:00][sql] SELECT * FROM `shop_menu` WHERE  `fid` = 1 [ RunTime:0.000532s ]
[2021-03-10T13:38:09+08:00][sql] SELECT * FROM `shop_menu` WHERE  `fid` = 4 [ RunTime:0.000787s ]
[2021-03-10T13:38:09+08:00][sql] SELECT * FROM `shop_menu` WHERE  `fid` = 9 [ RunTime:0.000827s ]
[2021-03-10T13:38:09+08:00][sql] SELECT * FROM `shop_menu` WHERE  `fid` = 12 [ RunTime:0.000327s ]
[2021-03-10T13:38:09+08:00][sql] SHOW FULL COLUMNS FROM `shop_goods` [ RunTime:0.000800s ]
[2021-03-10T13:38:09+08:00][sql] SELECT * FROM `shop_goods` [ RunTime:0.000433s ]
[2021-03-10T13:38:18+08:00][sql] CONNECT:[ UseTime:0.011130s ] mysql:host=127.0.0.1;port=3306;dbname=tp;charset=utf8
[2021-03-10T13:38:18+08:00][sql] SHOW FULL COLUMNS FROM `shop_menu` [ RunTime:0.002825s ]
[2021-03-10T13:38:18+08:00][sql] SELECT * FROM `shop_menu` WHERE  `fid` = 0 [ RunTime:0.000471s ]
[2021-03-10T13:38:18+08:00][sql] SELECT * FROM `shop_menu` WHERE  `fid` = 1 [ RunTime:0.000420s ]
[2021-03-10T13:38:18+08:00][sql] SELECT * FROM `shop_menu` WHERE  `fid` = 4 [ RunTime:0.000342s ]
[2021-03-10T13:38:18+08:00][sql] SELECT * FROM `shop_menu` WHERE  `fid` = 9 [ RunTime:0.000366s ]
[2021-03-10T13:38:18+08:00][sql] SELECT * FROM `shop_menu` WHERE  `fid` = 12 [ RunTime:0.000358s ]
[2021-03-10T13:38:18+08:00][sql] SHOW FULL COLUMNS FROM `shop_goods` [ RunTime:0.000852s ]
[2021-03-10T13:38:18+08:00][sql] SELECT * FROM `shop_goods` [ RunTime:0.000454s ]
[2021-03-10T14:00:33+08:00][sql] CONNECT:[ UseTime:0.000780s ] mysql:host=127.0.0.1;port=3306;dbname=tp;charset=utf8
[2021-03-10T14:00:33+08:00][sql] SHOW FULL COLUMNS FROM `shop_menu` [ RunTime:0.000780s ]
[2021-03-10T14:00:33+08:00][sql] SELECT * FROM `shop_menu` WHERE  `fid` = 0 [ RunTime:0.000523s ]
[2021-03-10T14:00:33+08:00][sql] SELECT * FROM `shop_menu` WHERE  `fid` = 1 [ RunTime:0.000308s ]
[2021-03-10T14:00:33+08:00][sql] SELECT * FROM `shop_menu` WHERE  `fid` = 4 [ RunTime:0.000216s ]
[2021-03-10T14:00:33+08:00][sql] SELECT * FROM `shop_menu` WHERE  `fid` = 9 [ RunTime:0.000336s ]
[2021-03-10T14:00:33+08:00][sql] SELECT * FROM `shop_menu` WHERE  `fid` = 12 [ RunTime:0.000290s ]
[2021-03-10T14:00:33+08:00][sql] SHOW FULL COLUMNS FROM `shop_goods` [ RunTime:0.000627s ]
[2021-03-10T14:00:33+08:00][sql] SELECT * FROM `shop_goods` [ RunTime:0.000239s ]
[2021-03-10T14:00:40+08:00][sql] CONNECT:[ UseTime:0.000919s ] mysql:host=127.0.0.1;port=3306;dbname=tp;charset=utf8
[2021-03-10T14:00:40+08:00][sql] SHOW FULL COLUMNS FROM `shop_menu` [ RunTime:0.000953s ]
[2021-03-10T14:00:40+08:00][sql] SELECT * FROM `shop_menu` WHERE  `fid` = 0 [ RunTime:0.000490s ]
[2021-03-10T14:00:40+08:00][sql] SELECT * FROM `shop_menu` WHERE  `fid` = 1 [ RunTime:0.000453s ]
[2021-03-10T14:00:40+08:00][sql] SELECT * FROM `shop_menu` WHERE  `fid` = 4 [ RunTime:0.000348s ]
[2021-03-10T14:00:40+08:00][sql] SELECT * FROM `shop_menu` WHERE  `fid` = 9 [ RunTime:0.000386s ]
[2021-03-10T14:00:40+08:00][sql] SELECT * FROM `shop_menu` WHERE  `fid` = 12 [ RunTime:0.000381s ]
[2021-03-10T14:00:40+08:00][sql] SHOW FULL COLUMNS FROM `shop_goods` [ RunTime:0.001035s ]
[2021-03-10T14:00:40+08:00][sql] SELECT * FROM `shop_goods` [ RunTime:0.000420s ]
[2021-03-10T14:00:46+08:00][sql] CONNECT:[ UseTime:0.011208s ] mysql:host=127.0.0.1;port=3306;dbname=tp;charset=utf8
[2021-03-10T14:00:46+08:00][sql] SHOW FULL COLUMNS FROM `shop_menu` [ RunTime:0.000727s ]
[2021-03-10T14:00:46+08:00][sql] SELECT * FROM `shop_menu` WHERE  `fid` = 0 [ RunTime:0.000351s ]
[2021-03-10T14:00:46+08:00][sql] SELECT * FROM `shop_menu` WHERE  `fid` = 1 [ RunTime:0.000433s ]
[2021-03-10T14:00:46+08:00][sql] SELECT * FROM `shop_menu` WHERE  `fid` = 4 [ RunTime:0.000355s ]
[2021-03-10T14:00:46+08:00][sql] SELECT * FROM `shop_menu` WHERE  `fid` = 9 [ RunTime:0.000333s ]
[2021-03-10T14:00:46+08:00][sql] SELECT * FROM `shop_menu` WHERE  `fid` = 12 [ RunTime:0.000313s ]
[2021-03-10T14:00:46+08:00][sql] SHOW FULL COLUMNS FROM `shop_goods` [ RunTime:0.000757s ]
[2021-03-10T14:00:46+08:00][sql] SELECT * FROM `shop_goods` [ RunTime:0.000401s ]
[2021-03-10T14:06:24+08:00][sql] CONNECT:[ UseTime:0.001310s ] mysql:host=127.0.0.1;port=3306;dbname=tp;charset=utf8
[2021-03-10T14:06:24+08:00][sql] SHOW FULL COLUMNS FROM `shop_menu` [ RunTime:0.001341s ]
[2021-03-10T14:06:24+08:00][sql] SELECT * FROM `shop_menu` WHERE  `fid` = 0 [ RunTime:0.000437s ]
[2021-03-10T14:06:24+08:00][sql] SELECT * FROM `shop_menu` WHERE  `fid` = 1 [ RunTime:0.000420s ]
[2021-03-10T14:06:24+08:00][sql] SELECT * FROM `shop_menu` WHERE  `fid` = 4 [ RunTime:0.000365s ]
[2021-03-10T14:06:24+08:00][sql] SELECT * FROM `shop_menu` WHERE  `fid` = 9 [ RunTime:0.000341s ]
[2021-03-10T14:06:24+08:00][sql] SELECT * FROM `shop_menu` WHERE  `fid` = 12 [ RunTime:0.000366s ]
[2021-03-10T14:06:24+08:00][sql] SHOW FULL COLUMNS FROM `shop_goods` [ RunTime:0.000739s ]
[2021-03-10T14:06:24+08:00][sql] SELECT * FROM `shop_goods` [ RunTime:0.000374s ]
[2021-03-10T14:06:29+08:00][sql] CONNECT:[ UseTime:0.000870s ] mysql:host=127.0.0.1;port=3306;dbname=tp;charset=utf8
[2021-03-10T14:06:29+08:00][sql] SHOW FULL COLUMNS FROM `shop_menu` [ RunTime:0.000888s ]
[2021-03-10T14:06:29+08:00][sql] SELECT * FROM `shop_menu` WHERE  `fid` = 0 [ RunTime:0.000398s ]
[2021-03-10T14:06:29+08:00][sql] SELECT * FROM `shop_menu` WHERE  `fid` = 1 [ RunTime:0.000422s ]
[2021-03-10T14:06:29+08:00][sql] SELECT * FROM `shop_menu` WHERE  `fid` = 4 [ RunTime:0.000335s ]
[2021-03-10T14:06:29+08:00][sql] SELECT * FROM `shop_menu` WHERE  `fid` = 9 [ RunTime:0.000419s ]
[2021-03-10T14:06:29+08:00][sql] SELECT * FROM `shop_menu` WHERE  `fid` = 12 [ RunTime:0.000349s ]
[2021-03-10T14:06:29+08:00][sql] SHOW FULL COLUMNS FROM `shop_goods` [ RunTime:0.000717s ]
[2021-03-10T14:06:29+08:00][sql] SELECT * FROM `shop_goods` [ RunTime:0.000332s ]
[2021-03-10T14:15:45+08:00][sql] CONNECT:[ UseTime:0.001041s ] mysql:host=127.0.0.1;port=3306;dbname=tp;charset=utf8
[2021-03-10T14:15:45+08:00][sql] SHOW FULL COLUMNS FROM `shop_menu` [ RunTime:0.000767s ]
[2021-03-10T14:15:45+08:00][sql] SELECT * FROM `shop_menu` WHERE  `fid` = 0 [ RunTime:0.000403s ]
[2021-03-10T14:15:45+08:00][sql] SELECT * FROM `shop_menu` WHERE  `fid` = 1 [ RunTime:0.000532s ]
[2021-03-10T14:15:45+08:00][sql] SELECT * FROM `shop_menu` WHERE  `fid` = 4 [ RunTime:0.000433s ]
[2021-03-10T14:15:45+08:00][sql] SELECT * FROM `shop_menu` WHERE  `fid` = 9 [ RunTime:0.000354s ]
[2021-03-10T14:15:45+08:00][sql] SELECT * FROM `shop_menu` WHERE  `fid` = 12 [ RunTime:0.000321s ]
[2021-03-10T14:15:45+08:00][sql] SHOW FULL COLUMNS FROM `shop_goods` [ RunTime:0.001000s ]
[2021-03-10T14:15:45+08:00][sql] SELECT * FROM `shop_goods` [ RunTime:0.001688s ]
[2021-03-10T14:15:49+08:00][sql] CONNECT:[ UseTime:0.010719s ] mysql:host=127.0.0.1;port=3306;dbname=tp;charset=utf8
[2021-03-10T14:15:49+08:00][sql] SHOW FULL COLUMNS FROM `shop_menu` [ RunTime:0.000882s ]
[2021-03-10T14:15:49+08:00][sql] SELECT * FROM `shop_menu` WHERE  `fid` = 0 [ RunTime:0.000383s ]
[2021-03-10T14:15:49+08:00][sql] SELECT * FROM `shop_menu` WHERE  `fid` = 1 [ RunTime:0.000433s ]
[2021-03-10T14:15:49+08:00][sql] SELECT * FROM `shop_menu` WHERE  `fid` = 4 [ RunTime:0.000357s ]
[2021-03-10T14:15:49+08:00][sql] SELECT * FROM `shop_menu` WHERE  `fid` = 9 [ RunTime:0.000342s ]
[2021-03-10T14:15:49+08:00][sql] SELECT * FROM `shop_menu` WHERE  `fid` = 12 [ RunTime:0.000292s ]
[2021-03-10T14:15:49+08:00][sql] SHOW FULL COLUMNS FROM `shop_goods` [ RunTime:0.000640s ]
[2021-03-10T14:15:49+08:00][sql] SELECT * FROM `shop_goods` [ RunTime:0.000310s ]
[2021-03-10T14:18:44+08:00][sql] CONNECT:[ UseTime:0.001013s ] mysql:host=127.0.0.1;port=3306;dbname=tp;charset=utf8
[2021-03-10T14:18:44+08:00][sql] SHOW FULL COLUMNS FROM `shop_menu` [ RunTime:0.001065s ]
[2021-03-10T14:18:44+08:00][sql] SELECT * FROM `shop_menu` WHERE  `fid` = 0 [ RunTime:0.000434s ]
[2021-03-10T14:18:44+08:00][sql] SELECT * FROM `shop_menu` WHERE  `fid` = 1 [ RunTime:0.000445s ]
[2021-03-10T14:18:44+08:00][sql] SELECT * FROM `shop_menu` WHERE  `fid` = 4 [ RunTime:0.000351s ]
[2021-03-10T14:18:44+08:00][sql] SELECT * FROM `shop_menu` WHERE  `fid` = 9 [ RunTime:0.000350s ]
[2021-03-10T14:18:44+08:00][sql] SELECT * FROM `shop_menu` WHERE  `fid` = 12 [ RunTime:0.000341s ]
[2021-03-10T14:18:44+08:00][sql] SHOW FULL COLUMNS FROM `shop_goods` [ RunTime:0.000737s ]
[2021-03-10T14:18:44+08:00][sql] SELECT * FROM `shop_goods` [ RunTime:0.000390s ]
[2021-03-10T14:18:56+08:00][sql] CONNECT:[ UseTime:0.000950s ] mysql:host=127.0.0.1;port=3306;dbname=tp;charset=utf8
[2021-03-10T14:18:56+08:00][sql] SHOW FULL COLUMNS FROM `shop_menu` [ RunTime:0.000718s ]
[2021-03-10T14:18:56+08:00][sql] SELECT * FROM `shop_menu` WHERE  `fid` = 0 [ RunTime:0.000446s ]
[2021-03-10T14:18:56+08:00][sql] SELECT * FROM `shop_menu` WHERE  `fid` = 1 [ RunTime:0.000435s ]
[2021-03-10T14:18:56+08:00][sql] SELECT * FROM `shop_menu` WHERE  `fid` = 4 [ RunTime:0.000346s ]
[2021-03-10T14:18:56+08:00][sql] SELECT * FROM `shop_menu` WHERE  `fid` = 9 [ RunTime:0.000418s ]
[2021-03-10T14:18:56+08:00][sql] SELECT * FROM `shop_menu` WHERE  `fid` = 12 [ RunTime:0.000343s ]
[2021-03-10T14:18:56+08:00][sql] SHOW FULL COLUMNS FROM `shop_goods` [ RunTime:0.002136s ]
[2021-03-10T14:18:56+08:00][sql] SELECT * FROM `shop_goods` [ RunTime:0.000367s ]
[2021-03-10T14:23:45+08:00][sql] CONNECT:[ UseTime:0.000896s ] mysql:host=127.0.0.1;port=3306;dbname=tp;charset=utf8
[2021-03-10T14:23:45+08:00][sql] SHOW FULL COLUMNS FROM `shop_menu` [ RunTime:0.000944s ]
[2021-03-10T14:23:45+08:00][sql] SELECT * FROM `shop_menu` WHERE  `fid` = 0 [ RunTime:0.000508s ]
[2021-03-10T14:23:45+08:00][sql] SELECT * FROM `shop_menu` WHERE  `fid` = 1 [ RunTime:0.000396s ]
[2021-03-10T14:23:45+08:00][sql] SELECT * FROM `shop_menu` WHERE  `fid` = 4 [ RunTime:0.000283s ]
[2021-03-10T14:23:45+08:00][sql] SELECT * FROM `shop_menu` WHERE  `fid` = 9 [ RunTime:0.000396s ]
[2021-03-10T14:23:45+08:00][sql] SELECT * FROM `shop_menu` WHERE  `fid` = 12 [ RunTime:0.000391s ]
[2021-03-10T14:23:45+08:00][sql] SHOW FULL COLUMNS FROM `shop_goods` [ RunTime:0.000747s ]
[2021-03-10T14:23:45+08:00][sql] SELECT * FROM `shop_goods` [ RunTime:0.000379s ]
[2021-03-10T14:23:49+08:00][sql] CONNECT:[ UseTime:0.000918s ] mysql:host=127.0.0.1;port=3306;dbname=tp;charset=utf8
[2021-03-10T14:23:49+08:00][sql] SHOW FULL COLUMNS FROM `shop_menu` [ RunTime:0.000990s ]
[2021-03-10T14:23:49+08:00][sql] SELECT * FROM `shop_menu` WHERE  `fid` = 0 [ RunTime:0.000404s ]
[2021-03-10T14:23:49+08:00][sql] SELECT * FROM `shop_menu` WHERE  `fid` = 1 [ RunTime:0.000408s ]
[2021-03-10T14:23:49+08:00][sql] SELECT * FROM `shop_menu` WHERE  `fid` = 4 [ RunTime:0.000354s ]
[2021-03-10T14:23:49+08:00][sql] SELECT * FROM `shop_menu` WHERE  `fid` = 9 [ RunTime:0.000342s ]
[2021-03-10T14:23:49+08:00][sql] SELECT * FROM `shop_menu` WHERE  `fid` = 12 [ RunTime:0.000349s ]
[2021-03-10T14:23:49+08:00][sql] SHOW FULL COLUMNS FROM `shop_goods` [ RunTime:0.001061s ]
[2021-03-10T14:23:49+08:00][sql] SELECT * FROM `shop_goods` [ RunTime:0.000416s ]
[2021-03-10T15:41:07+08:00][sql] CONNECT:[ UseTime:0.003211s ] mysql:host=127.0.0.1;port=3306;dbname=tp;charset=utf8
[2021-03-10T15:41:07+08:00][sql] SHOW FULL COLUMNS FROM `shop_menu` [ RunTime:0.001861s ]
[2021-03-10T15:41:07+08:00][sql] SELECT * FROM `shop_menu` WHERE  `fid` = 0 [ RunTime:0.000513s ]
[2021-03-10T15:41:07+08:00][sql] SELECT * FROM `shop_menu` WHERE  `fid` = 1 [ RunTime:0.000478s ]
[2021-03-10T15:41:07+08:00][sql] SELECT * FROM `shop_menu` WHERE  `fid` = 4 [ RunTime:0.000275s ]
[2021-03-10T15:41:07+08:00][sql] SELECT * FROM `shop_menu` WHERE  `fid` = 9 [ RunTime:0.000257s ]
[2021-03-10T15:41:07+08:00][sql] SELECT * FROM `shop_menu` WHERE  `fid` = 12 [ RunTime:0.000209s ]
[2021-03-10T15:41:07+08:00][sql] SHOW FULL COLUMNS FROM `shop_goods` [ RunTime:0.000883s ]
[2021-03-10T15:41:07+08:00][sql] SELECT * FROM `shop_goods` [ RunTime:0.000378s ]
[2021-03-10T15:41:10+08:00][sql] CONNECT:[ UseTime:0.000902s ] mysql:host=127.0.0.1;port=3306;dbname=tp;charset=utf8
[2021-03-10T15:41:10+08:00][sql] SHOW FULL COLUMNS FROM `shop_menu` [ RunTime:0.004218s ]
[2021-03-10T15:41:10+08:00][sql] SELECT * FROM `shop_menu` WHERE  `fid` = 0 [ RunTime:0.000611s ]
[2021-03-10T15:41:10+08:00][sql] SELECT * FROM `shop_menu` WHERE  `fid` = 1 [ RunTime:0.000669s ]
[2021-03-10T15:41:10+08:00][sql] SELECT * FROM `shop_menu` WHERE  `fid` = 4 [ RunTime:0.000679s ]
[2021-03-10T15:41:10+08:00][sql] SELECT * FROM `shop_menu` WHERE  `fid` = 9 [ RunTime:0.000488s ]
[2021-03-10T15:41:10+08:00][sql] SELECT * FROM `shop_menu` WHERE  `fid` = 12 [ RunTime:0.000357s ]
[2021-03-10T15:41:10+08:00][sql] SHOW FULL COLUMNS FROM `shop_goods` [ RunTime:0.000861s ]
[2021-03-10T15:41:10+08:00][sql] SELECT * FROM `shop_goods` [ RunTime:0.000395s ]
[2021-03-10T15:44:33+08:00][sql] CONNECT:[ UseTime:0.010718s ] mysql:host=127.0.0.1;port=3306;dbname=tp;charset=utf8
[2021-03-10T15:44:33+08:00][sql] SHOW FULL COLUMNS FROM `shop_menu` [ RunTime:0.001017s ]
[2021-03-10T15:44:33+08:00][sql] SELECT * FROM `shop_menu` WHERE  `fid` = 0 [ RunTime:0.000464s ]
[2021-03-10T15:44:33+08:00][sql] SELECT * FROM `shop_menu` WHERE  `fid` = 1 [ RunTime:0.000472s ]
[2021-03-10T15:44:33+08:00][sql] SELECT * FROM `shop_menu` WHERE  `fid` = 4 [ RunTime:0.000352s ]
[2021-03-10T15:44:33+08:00][sql] SELECT * FROM `shop_menu` WHERE  `fid` = 9 [ RunTime:0.000430s ]
[2021-03-10T15:44:33+08:00][sql] SELECT * FROM `shop_menu` WHERE  `fid` = 12 [ RunTime:0.000408s ]
[2021-03-10T15:44:33+08:00][sql] SHOW FULL COLUMNS FROM `shop_goods` [ RunTime:0.000879s ]
[2021-03-10T15:44:33+08:00][sql] SELECT * FROM `shop_goods` [ RunTime:0.000536s ]
[2021-03-10T15:44:53+08:00][sql] CONNECT:[ UseTime:0.000988s ] mysql:host=127.0.0.1;port=3306;dbname=tp;charset=utf8
[2021-03-10T15:44:53+08:00][sql] SHOW FULL COLUMNS FROM `shop_menu` [ RunTime:0.001023s ]
[2021-03-10T15:44:53+08:00][sql] SELECT * FROM `shop_menu` WHERE  `fid` = 0 [ RunTime:0.000403s ]
[2021-03-10T15:44:53+08:00][sql] SELECT * FROM `shop_menu` WHERE  `fid` = 1 [ RunTime:0.000479s ]
[2021-03-10T15:44:53+08:00][sql] SELECT * FROM `shop_menu` WHERE  `fid` = 4 [ RunTime:0.000397s ]
[2021-03-10T15:44:53+08:00][sql] SELECT * FROM `shop_menu` WHERE  `fid` = 9 [ RunTime:0.000355s ]
[2021-03-10T15:44:53+08:00][sql] SELECT * FROM `shop_menu` WHERE  `fid` = 12 [ RunTime:0.000472s ]
[2021-03-10T15:44:53+08:00][sql] SHOW FULL COLUMNS FROM `shop_goods` [ RunTime:0.000993s ]
[2021-03-10T15:44:53+08:00][sql] SELECT * FROM `shop_goods` [ RunTime:0.000443s ]
[2021-03-10T15:45:52+08:00][sql] CONNECT:[ UseTime:0.001073s ] mysql:host=127.0.0.1;port=3306;dbname=tp;charset=utf8
[2021-03-10T15:45:52+08:00][sql] SHOW FULL COLUMNS FROM `shop_menu` [ RunTime:0.001040s ]
[2021-03-10T15:45:52+08:00][sql] SELECT * FROM `shop_menu` WHERE  `fid` = 0 [ RunTime:0.000445s ]
[2021-03-10T15:45:52+08:00][sql] SELECT * FROM `shop_menu` WHERE  `fid` = 1 [ RunTime:0.000487s ]
[2021-03-10T15:45:52+08:00][sql] SELECT * FROM `shop_menu` WHERE  `fid` = 4 [ RunTime:0.000624s ]
[2021-03-10T15:45:52+08:00][sql] SELECT * FROM `shop_menu` WHERE  `fid` = 9 [ RunTime:0.000662s ]
[2021-03-10T15:45:52+08:00][sql] SELECT * FROM `shop_menu` WHERE  `fid` = 12 [ RunTime:0.000665s ]
[2021-03-10T15:45:52+08:00][sql] SHOW FULL COLUMNS FROM `shop_goods` [ RunTime:0.001177s ]
[2021-03-10T15:45:52+08:00][sql] SELECT * FROM `shop_goods` [ RunTime:0.000552s ]
[2021-03-10T15:45:55+08:00][sql] CONNECT:[ UseTime:0.001050s ] mysql:host=127.0.0.1;port=3306;dbname=tp;charset=utf8
[2021-03-10T15:45:55+08:00][sql] SHOW FULL COLUMNS FROM `shop_menu` [ RunTime:0.001425s ]
[2021-03-10T15:45:55+08:00][sql] SELECT * FROM `shop_menu` WHERE  `fid` = 0 [ RunTime:0.000468s ]
[2021-03-10T15:45:55+08:00][sql] SELECT * FROM `shop_menu` WHERE  `fid` = 1 [ RunTime:0.000411s ]
[2021-03-10T15:45:55+08:00][sql] SELECT * FROM `shop_menu` WHERE  `fid` = 4 [ RunTime:0.000376s ]
[2021-03-10T15:45:55+08:00][sql] SELECT * FROM `shop_menu` WHERE  `fid` = 9 [ RunTime:0.000464s ]
[2021-03-10T15:45:55+08:00][sql] SELECT * FROM `shop_menu` WHERE  `fid` = 12 [ RunTime:0.000396s ]
[2021-03-10T15:45:55+08:00][sql] SHOW FULL COLUMNS FROM `shop_goods` [ RunTime:0.001101s ]
[2021-03-10T15:45:55+08:00][sql] SELECT * FROM `shop_goods` [ RunTime:0.000670s ]
[2021-03-10T15:46:28+08:00][sql] CONNECT:[ UseTime:0.000999s ] mysql:host=127.0.0.1;port=3306;dbname=tp;charset=utf8
[2021-03-10T15:46:28+08:00][sql] SHOW FULL COLUMNS FROM `shop_menu` [ RunTime:0.000934s ]
[2021-03-10T15:46:28+08:00][sql] SELECT * FROM `shop_menu` WHERE  `fid` = 0 [ RunTime:0.000407s ]
[2021-03-10T15:46:28+08:00][sql] SELECT * FROM `shop_menu` WHERE  `fid` = 1 [ RunTime:0.000422s ]
[2021-03-10T15:46:28+08:00][sql] SELECT * FROM `shop_menu` WHERE  `fid` = 4 [ RunTime:0.000402s ]
[2021-03-10T15:46:28+08:00][sql] SELECT * FROM `shop_menu` WHERE  `fid` = 9 [ RunTime:0.000484s ]
[2021-03-10T15:46:28+08:00][sql] SELECT * FROM `shop_menu` WHERE  `fid` = 12 [ RunTime:0.000309s ]
[2021-03-10T15:46:28+08:00][sql] SHOW FULL COLUMNS FROM `shop_goods` [ RunTime:0.000883s ]
[2021-03-10T15:46:28+08:00][sql] SELECT * FROM `shop_goods` [ RunTime:0.000439s ]
[2021-03-10T15:46:50+08:00][sql] CONNECT:[ UseTime:0.011097s ] mysql:host=127.0.0.1;port=3306;dbname=tp;charset=utf8
[2021-03-10T15:46:50+08:00][sql] SHOW FULL COLUMNS FROM `shop_menu` [ RunTime:0.000938s ]
[2021-03-10T15:46:50+08:00][sql] SELECT * FROM `shop_menu` WHERE  `fid` = 0 [ RunTime:0.000409s ]
[2021-03-10T15:46:50+08:00][sql] SELECT * FROM `shop_menu` WHERE  `fid` = 1 [ RunTime:0.000407s ]
[2021-03-10T15:46:50+08:00][sql] SELECT * FROM `shop_menu` WHERE  `fid` = 4 [ RunTime:0.000318s ]
[2021-03-10T15:46:50+08:00][sql] SELECT * FROM `shop_menu` WHERE  `fid` = 9 [ RunTime:0.000344s ]
[2021-03-10T15:46:50+08:00][sql] SELECT * FROM `shop_menu` WHERE  `fid` = 12 [ RunTime:0.000348s ]
[2021-03-10T15:46:50+08:00][sql] SHOW FULL COLUMNS FROM `shop_goods` [ RunTime:0.000809s ]
[2021-03-10T15:46:50+08:00][sql] SELECT * FROM `shop_goods` [ RunTime:0.000371s ]
[2021-03-10T16:42:25+08:00][sql] CONNECT:[ UseTime:0.001095s ] mysql:host=127.0.0.1;port=3306;dbname=tp;charset=utf8
[2021-03-10T16:42:25+08:00][sql] SHOW FULL COLUMNS FROM `shop_menu` [ RunTime:0.000884s ]
[2021-03-10T16:42:25+08:00][sql] SELECT * FROM `shop_menu` WHERE  `fid` = 0 [ RunTime:0.000459s ]
[2021-03-10T16:42:25+08:00][sql] SELECT * FROM `shop_menu` WHERE  `fid` = 1 [ RunTime:0.000527s ]
[2021-03-10T16:42:25+08:00][sql] SELECT * FROM `shop_menu` WHERE  `fid` = 4 [ RunTime:0.000463s ]
[2021-03-10T16:42:25+08:00][sql] SELECT * FROM `shop_menu` WHERE  `fid` = 9 [ RunTime:0.000434s ]
[2021-03-10T16:42:25+08:00][sql] SELECT * FROM `shop_menu` WHERE  `fid` = 12 [ RunTime:0.000485s ]
[2021-03-10T16:42:25+08:00][sql] SHOW FULL COLUMNS FROM `shop_goods` [ RunTime:0.000803s ]
[2021-03-10T16:42:25+08:00][sql] SELECT * FROM `shop_goods` [ RunTime:0.000502s ]
[2021-03-10T16:42:35+08:00][sql] CONNECT:[ UseTime:0.001028s ] mysql:host=127.0.0.1;port=3306;dbname=tp;charset=utf8
[2021-03-10T16:42:35+08:00][sql] SHOW FULL COLUMNS FROM `shop_menu` [ RunTime:0.001138s ]
[2021-03-10T16:42:35+08:00][sql] SELECT * FROM `shop_menu` WHERE  `fid` = 0 [ RunTime:0.000591s ]
[2021-03-10T16:42:35+08:00][sql] SELECT * FROM `shop_menu` WHERE  `fid` = 1 [ RunTime:0.001284s ]
[2021-03-10T16:42:35+08:00][sql] SELECT * FROM `shop_menu` WHERE  `fid` = 4 [ RunTime:0.001564s ]
[2021-03-10T16:42:35+08:00][sql] SELECT * FROM `shop_menu` WHERE  `fid` = 9 [ RunTime:0.000359s ]
[2021-03-10T16:42:35+08:00][sql] SELECT * FROM `shop_menu` WHERE  `fid` = 12 [ RunTime:0.000287s ]
[2021-03-10T16:42:35+08:00][sql] SHOW FULL COLUMNS FROM `shop_goods` [ RunTime:0.001211s ]
[2021-03-10T16:42:35+08:00][sql] SELECT * FROM `shop_goods` [ RunTime:0.000458s ]
[2021-03-10T16:42:41+08:00][sql] CONNECT:[ UseTime:0.001088s ] mysql:host=127.0.0.1;port=3306;dbname=tp;charset=utf8
[2021-03-10T16:42:41+08:00][sql] SHOW FULL COLUMNS FROM `shop_goods` [ RunTime:0.001005s ]
[2021-03-10T16:42:41+08:00][sql] SELECT * FROM `shop_goods` WHERE  `id` = 159 LIMIT 1 [ RunTime:0.000564s ]
[2021-03-10T16:42:41+08:00][sql] SHOW FULL COLUMNS FROM `shop_cat` [ RunTime:0.001482s ]
[2021-03-10T16:42:41+08:00][sql] SELECT * FROM `shop_cat` WHERE  `status` = 1 [ RunTime:0.002367s ]
[2021-03-10T16:42:46+08:00][sql] CONNECT:[ UseTime:0.001699s ] mysql:host=127.0.0.1;port=3306;dbname=tp;charset=utf8
[2021-03-10T16:42:46+08:00][sql] SHOW FULL COLUMNS FROM `shop_menu` [ RunTime:0.001549s ]
[2021-03-10T16:42:46+08:00][sql] SELECT * FROM `shop_menu` WHERE  `fid` = 0 [ RunTime:0.002111s ]
[2021-03-10T16:42:46+08:00][sql] SELECT * FROM `shop_menu` WHERE  `fid` = 1 [ RunTime:0.001303s ]
[2021-03-10T16:42:46+08:00][sql] SELECT * FROM `shop_menu` WHERE  `fid` = 4 [ RunTime:0.000758s ]
[2021-03-10T16:42:46+08:00][sql] SELECT * FROM `shop_menu` WHERE  `fid` = 9 [ RunTime:0.000534s ]
[2021-03-10T16:42:46+08:00][sql] SELECT * FROM `shop_menu` WHERE  `fid` = 12 [ RunTime:0.000644s ]
[2021-03-10T16:42:46+08:00][sql] SHOW FULL COLUMNS FROM `shop_goods` [ RunTime:0.001096s ]
[2021-03-10T16:42:46+08:00][sql] SELECT * FROM `shop_goods` [ RunTime:0.000368s ]
[2021-03-10T23:45:36+08:00][sql] CONNECT:[ UseTime:0.001377s ] mysql:host=127.0.0.1;port=3306;dbname=tp;charset=utf8
[2021-03-10T23:45:36+08:00][sql] SHOW FULL COLUMNS FROM `shop_menu` [ RunTime:0.001443s ]
[2021-03-10T23:45:36+08:00][sql] SELECT * FROM `shop_menu` WHERE  `fid` = 0 [ RunTime:0.000522s ]
[2021-03-10T23:45:36+08:00][sql] SELECT * FROM `shop_menu` WHERE  `fid` = 1 [ RunTime:0.000407s ]
[2021-03-10T23:45:36+08:00][sql] SELECT * FROM `shop_menu` WHERE  `fid` = 4 [ RunTime:0.000246s ]
[2021-03-10T23:45:36+08:00][sql] SELECT * FROM `shop_menu` WHERE  `fid` = 9 [ RunTime:0.000257s ]
[2021-03-10T23:45:36+08:00][sql] SELECT * FROM `shop_menu` WHERE  `fid` = 12 [ RunTime:0.000276s ]
[2021-03-10T23:45:36+08:00][sql] SHOW FULL COLUMNS FROM `shop_goods` [ RunTime:0.000958s ]
[2021-03-10T23:45:36+08:00][sql] SELECT * FROM `shop_goods` [ RunTime:0.000493s ]
