[2021-03-11T00:48:25+08:00][sql] CONNECT:[ UseTime:0.000868s ] mysql:host=127.0.0.1;port=3306;dbname=tp;charset=utf8
[2021-03-11T00:48:25+08:00][sql] SHOW FULL COLUMNS FROM `shop_menu` [ RunTime:0.001998s ]
[2021-03-11T00:48:25+08:00][sql] SELECT * FROM `shop_menu` WHERE  `fid` = 0 [ RunTime:0.002144s ]
[2021-03-11T00:48:25+08:00][sql] SELECT * FROM `shop_menu` WHERE  `fid` = 1 [ RunTime:0.000494s ]
[2021-03-11T00:48:25+08:00][sql] SELECT * FROM `shop_menu` WHERE  `fid` = 4 [ RunTime:0.000310s ]
[2021-03-11T00:48:25+08:00][sql] SELECT * FROM `shop_menu` WHERE  `fid` = 9 [ RunTime:0.000234s ]
[2021-03-11T00:48:25+08:00][sql] SELECT * FROM `shop_menu` WHERE  `fid` = 12 [ RunTime:0.000237s ]
[2021-03-11T00:48:25+08:00][sql] SHOW FULL COLUMNS FROM `shop_goods` [ RunTime:0.000717s ]
[2021-03-11T00:48:25+08:00][sql] SELECT * FROM `shop_goods` [ RunTime:0.000301s ]
[2021-03-11T00:48:36+08:00][sql] CONNECT:[ UseTime:0.000892s ] mysql:host=127.0.0.1;port=3306;dbname=tp;charset=utf8
[2021-03-11T00:48:36+08:00][sql] SHOW FULL COLUMNS FROM `shop_menu` [ RunTime:0.001057s ]
[2021-03-11T00:48:36+08:00][sql] SELECT * FROM `shop_menu` WHERE  `fid` = 0 [ RunTime:0.000477s ]
[2021-03-11T00:48:36+08:00][sql] SELECT * FROM `shop_menu` WHERE  `fid` = 1 [ RunTime:0.000489s ]
[2021-03-11T00:48:36+08:00][sql] SELECT * FROM `shop_menu` WHERE  `fid` = 4 [ RunTime:0.000360s ]
[2021-03-11T00:48:36+08:00][sql] SELECT * FROM `shop_menu` WHERE  `fid` = 9 [ RunTime:0.000349s ]
[2021-03-11T00:48:36+08:00][sql] SELECT * FROM `shop_menu` WHERE  `fid` = 12 [ RunTime:0.000352s ]
[2021-03-11T00:48:36+08:00][sql] SHOW FULL COLUMNS FROM `shop_goods` [ RunTime:0.001078s ]
[2021-03-11T00:48:36+08:00][sql] SELECT * FROM `shop_goods` [ RunTime:0.000479s ]
[2021-03-11T00:49:29+08:00][sql] CONNECT:[ UseTime:0.002005s ] mysql:host=127.0.0.1;port=3306;dbname=tp;charset=utf8
[2021-03-11T00:49:29+08:00][sql] SHOW FULL COLUMNS FROM `shop_menu` [ RunTime:0.000799s ]
[2021-03-11T00:49:29+08:00][sql] SELECT * FROM `shop_menu` WHERE  `fid` = 0 [ RunTime:0.000390s ]
[2021-03-11T00:49:29+08:00][sql] SELECT * FROM `shop_menu` WHERE  `fid` = 1 [ RunTime:0.000444s ]
[2021-03-11T00:49:29+08:00][sql] SELECT * FROM `shop_menu` WHERE  `fid` = 4 [ RunTime:0.000348s ]
[2021-03-11T00:49:29+08:00][sql] SELECT * FROM `shop_menu` WHERE  `fid` = 9 [ RunTime:0.000336s ]
[2021-03-11T00:49:29+08:00][sql] SELECT * FROM `shop_menu` WHERE  `fid` = 12 [ RunTime:0.000382s ]
[2021-03-11T00:49:29+08:00][sql] SHOW FULL COLUMNS FROM `shop_goods` [ RunTime:0.000803s ]
[2021-03-11T00:49:29+08:00][sql] SELECT * FROM `shop_goods` [ RunTime:0.000421s ]
[2021-03-11T00:52:39+08:00][sql] CONNECT:[ UseTime:0.010330s ] mysql:host=127.0.0.1;port=3306;dbname=tp;charset=utf8
[2021-03-11T00:52:39+08:00][sql] SHOW FULL COLUMNS FROM `shop_menu` [ RunTime:0.000864s ]
[2021-03-11T00:52:39+08:00][sql] SELECT * FROM `shop_menu` WHERE  `fid` = 0 [ RunTime:0.000450s ]
[2021-03-11T00:52:39+08:00][sql] SELECT * FROM `shop_menu` WHERE  `fid` = 1 [ RunTime:0.000433s ]
[2021-03-11T00:52:39+08:00][sql] SELECT * FROM `shop_menu` WHERE  `fid` = 4 [ RunTime:0.000390s ]
[2021-03-11T00:52:39+08:00][sql] SELECT * FROM `shop_menu` WHERE  `fid` = 9 [ RunTime:0.000394s ]
[2021-03-11T00:52:39+08:00][sql] SELECT * FROM `shop_menu` WHERE  `fid` = 12 [ RunTime:0.000386s ]
[2021-03-11T00:52:39+08:00][sql] SHOW FULL COLUMNS FROM `shop_goods` [ RunTime:0.000781s ]
[2021-03-11T00:52:39+08:00][sql] SELECT * FROM `shop_goods` [ RunTime:0.000487s ]
[2021-03-11T00:52:56+08:00][sql] CONNECT:[ UseTime:0.010166s ] mysql:host=127.0.0.1;port=3306;dbname=tp;charset=utf8
[2021-03-11T00:52:56+08:00][sql] SHOW FULL COLUMNS FROM `shop_menu` [ RunTime:0.000852s ]
[2021-03-11T00:52:56+08:00][sql] SELECT * FROM `shop_menu` WHERE  `fid` = 0 [ RunTime:0.000476s ]
[2021-03-11T00:52:56+08:00][sql] SELECT * FROM `shop_menu` WHERE  `fid` = 1 [ RunTime:0.000407s ]
[2021-03-11T00:52:56+08:00][sql] SELECT * FROM `shop_menu` WHERE  `fid` = 4 [ RunTime:0.000343s ]
[2021-03-11T00:52:56+08:00][sql] SELECT * FROM `shop_menu` WHERE  `fid` = 9 [ RunTime:0.000355s ]
[2021-03-11T00:52:56+08:00][sql] SELECT * FROM `shop_menu` WHERE  `fid` = 12 [ RunTime:0.000346s ]
[2021-03-11T00:52:56+08:00][sql] SHOW FULL COLUMNS FROM `shop_goods` [ RunTime:0.000787s ]
[2021-03-11T00:52:56+08:00][sql] SELECT * FROM `shop_goods` [ RunTime:0.000460s ]
