[2021-03-27T21:10:40+08:00][sql] CONNECT:[ UseTime:0.001040s ] mysql:host=127.0.0.1;port=3306;dbname=tp;charset=utf8
[2021-03-27T21:10:40+08:00][sql] SHOW FULL COLUMNS FROM `shop_menu` [ RunTime:0.003521s ]
[2021-03-27T21:10:40+08:00][sql] SELECT * FROM `shop_menu` WHERE  `fid` = 0 [ RunTime:0.000589s ]
[2021-03-27T21:10:40+08:00][sql] SELECT * FROM `shop_menu` WHERE  `fid` = 1 [ RunTime:0.000342s ]
[2021-03-27T21:10:40+08:00][sql] SELECT * FROM `shop_menu` WHERE  `fid` = 4 [ RunTime:0.000217s ]
[2021-03-27T21:10:40+08:00][sql] SELECT * FROM `shop_menu` WHERE  `fid` = 9 [ RunTime:0.000176s ]
[2021-03-27T21:10:40+08:00][sql] SELECT * FROM `shop_menu` WHERE  `fid` = 12 [ RunTime:0.000164s ]
[2021-03-27T21:10:40+08:00][sql] SHOW FULL COLUMNS FROM `shop_goods` [ RunTime:0.003447s ]
[2021-03-27T21:10:40+08:00][sql] SELECT * FROM `shop_goods` [ RunTime:0.001585s ]
[2021-03-27T21:10:49+08:00][sql] CONNECT:[ UseTime:0.011399s ] mysql:host=127.0.0.1;port=3306;dbname=tp;charset=utf8
[2021-03-27T21:10:49+08:00][sql] SHOW FULL COLUMNS FROM `shop_menu` [ RunTime:0.000992s ]
[2021-03-27T21:10:49+08:00][sql] SELECT * FROM `shop_menu` WHERE  `fid` = 0 [ RunTime:0.000362s ]
[2021-03-27T21:10:49+08:00][sql] SELECT * FROM `shop_menu` WHERE  `fid` = 1 [ RunTime:0.000355s ]
[2021-03-27T21:10:49+08:00][sql] SELECT * FROM `shop_menu` WHERE  `fid` = 4 [ RunTime:0.000264s ]
[2021-03-27T21:10:49+08:00][sql] SELECT * FROM `shop_menu` WHERE  `fid` = 9 [ RunTime:0.000286s ]
[2021-03-27T21:10:49+08:00][sql] SELECT * FROM `shop_menu` WHERE  `fid` = 12 [ RunTime:0.000247s ]
[2021-03-27T21:10:49+08:00][sql] SHOW FULL COLUMNS FROM `shop_goods` [ RunTime:0.000897s ]
[2021-03-27T21:10:49+08:00][sql] SELECT * FROM `shop_goods` [ RunTime:0.000341s ]
[2021-03-27T21:10:57+08:00][sql] CONNECT:[ UseTime:0.001220s ] mysql:host=127.0.0.1;port=3306;dbname=tp;charset=utf8
[2021-03-27T21:10:57+08:00][sql] SHOW FULL COLUMNS FROM `shop_menu` [ RunTime:0.001422s ]
[2021-03-27T21:10:57+08:00][sql] SELECT * FROM `shop_menu` WHERE  `fid` = 0 [ RunTime:0.000440s ]
[2021-03-27T21:10:57+08:00][sql] SELECT * FROM `shop_menu` WHERE  `fid` = 1 [ RunTime:0.000501s ]
[2021-03-27T21:10:57+08:00][sql] SELECT * FROM `shop_menu` WHERE  `fid` = 4 [ RunTime:0.000499s ]
[2021-03-27T21:10:57+08:00][sql] SELECT * FROM `shop_menu` WHERE  `fid` = 9 [ RunTime:0.000589s ]
[2021-03-27T21:10:57+08:00][sql] SELECT * FROM `shop_menu` WHERE  `fid` = 12 [ RunTime:0.000678s ]
[2021-03-27T21:10:57+08:00][sql] SHOW FULL COLUMNS FROM `shop_goods` [ RunTime:0.002721s ]
[2021-03-27T21:10:57+08:00][sql] SELECT * FROM `shop_goods` [ RunTime:0.000414s ]
[2021-03-27T21:12:12+08:00][sql] CONNECT:[ UseTime:0.001133s ] mysql:host=127.0.0.1;port=3306;dbname=tp;charset=utf8
[2021-03-27T21:12:12+08:00][sql] SHOW FULL COLUMNS FROM `shop_menu` [ RunTime:0.001140s ]
[2021-03-27T21:12:12+08:00][sql] SELECT * FROM `shop_menu` WHERE  `fid` = 0 [ RunTime:0.000461s ]
[2021-03-27T21:12:12+08:00][sql] SELECT * FROM `shop_menu` WHERE  `fid` = 1 [ RunTime:0.000474s ]
[2021-03-27T21:12:12+08:00][sql] SELECT * FROM `shop_menu` WHERE  `fid` = 4 [ RunTime:0.000392s ]
[2021-03-27T21:12:12+08:00][sql] SELECT * FROM `shop_menu` WHERE  `fid` = 9 [ RunTime:0.000379s ]
[2021-03-27T21:12:12+08:00][sql] SELECT * FROM `shop_menu` WHERE  `fid` = 12 [ RunTime:0.000346s ]
[2021-03-27T21:12:12+08:00][sql] SHOW FULL COLUMNS FROM `shop_goods` [ RunTime:0.001066s ]
[2021-03-27T21:12:12+08:00][sql] SELECT * FROM `shop_goods` [ RunTime:0.000480s ]
